
[2017-04-13 09:20:52.991] [INFO] cheese - ::1 - - "POST /counsel/questionaire HTTP/1.1" 200 524 "" "Mozilla/5.0 (Windows NT 10.0; Win64; x64) AppleWebKit/537.36 (KHTML, like Gecko) Chrome/57.0.2987.133 Safari/537.36"
[2017-04-13 09:24:58.716] [INFO] cheese - ::1 - - "POST /counsel/questionaire HTTP/1.1" 500 - "" "Mozilla/5.0 (Windows NT 10.0; Win64; x64) AppleWebKit/537.36 (KHTML, like Gecko) Chrome/57.0.2987.133 Safari/537.36"
[2017-04-13 09:25:17.841] [INFO] cheese - ::1 - - "POST /counsel/questionaire HTTP/1.1" 500 - "" "Mozilla/5.0 (Windows NT 10.0; Win64; x64) AppleWebKit/537.36 (KHTML, like Gecko) Chrome/57.0.2987.133 Safari/537.36"
[2017-04-13 09:25:27.444] [INFO] cheese - ::1 - - "POST /counsel/questionaire HTTP/1.1" 500 102 "" "Mozilla/5.0 (Windows NT 10.0; Win64; x64) AppleWebKit/537.36 (KHTML, like Gecko) Chrome/57.0.2987.133 Safari/537.36"
[2017-04-13 09:25:34.919] [INFO] cheese - ::1 - - "POST /counsel/questionaire HTTP/1.1" 200 524 "" "Mozilla/5.0 (Windows NT 10.0; Win64; x64) AppleWebKit/537.36 (KHTML, like Gecko) Chrome/57.0.2987.133 Safari/537.36"
[2017-04-13 09:26:30.108] [INFO] cheese - ::1 - - "POST /counsel/questionaire HTTP/1.1" 200 36 "" "Mozilla/5.0 (Windows NT 10.0; Win64; x64) AppleWebKit/537.36 (KHTML, like Gecko) Chrome/57.0.2987.133 Safari/537.36"
[2017-04-13 09:29:20.984] [INFO] cheese - ::1 - - "POST /counsel/questionaire HTTP/1.1" 200 36 "" "Mozilla/5.0 (Windows NT 10.0; Win64; x64) AppleWebKit/537.36 (KHTML, like Gecko) Chrome/57.0.2987.133 Safari/537.36"
[2017-04-13 09:29:30.937] [INFO] cheese - ::1 - - "POST /counsel/questionaire HTTP/1.1" 200 31 "" "Mozilla/5.0 (Windows NT 10.0; Win64; x64) AppleWebKit/537.36 (KHTML, like Gecko) Chrome/57.0.2987.133 Safari/537.36"
[2017-04-13 09:29:49.910] [INFO] cheese - ::1 - - "POST /counsel/questionaire HTTP/1.1" 200 29 "" "Mozilla/5.0 (Windows NT 10.0; Win64; x64) AppleWebKit/537.36 (KHTML, like Gecko) Chrome/57.0.2987.133 Safari/537.36"
[2017-04-13 09:36:12.980] [INFO] cheese - ::1 - - "POST /counsel/questionaire HTTP/1.1" 500 - "" "Mozilla/5.0 (Windows NT 10.0; Win64; x64) AppleWebKit/537.36 (KHTML, like Gecko) Chrome/57.0.2987.133 Safari/537.36"
[2017-04-13 09:37:36.155] [INFO] cheese - ::1 - - "POST /counsel/questionaire HTTP/1.1" 500 - "" "Mozilla/5.0 (Windows NT 10.0; Win64; x64) AppleWebKit/537.36 (KHTML, like Gecko) Chrome/57.0.2987.133 Safari/537.36"
[2017-04-13 09:37:38.657] [INFO] cheese - ::1 - - "POST /counsel/questionaire HTTP/1.1" 500 - "" "Mozilla/5.0 (Windows NT 10.0; Win64; x64) AppleWebKit/537.36 (KHTML, like Gecko) Chrome/57.0.2987.133 Safari/537.36"
[2017-04-13 09:37:39.306] [INFO] cheese - ::1 - - "POST /counsel/questionaire HTTP/1.1" 500 - "" "Mozilla/5.0 (Windows NT 10.0; Win64; x64) AppleWebKit/537.36 (KHTML, like Gecko) Chrome/57.0.2987.133 Safari/537.36"
[2017-04-13 09:37:40.011] [INFO] cheese - ::1 - - "POST /counsel/questionaire HTTP/1.1" 500 - "" "Mozilla/5.0 (Windows NT 10.0; Win64; x64) AppleWebKit/537.36 (KHTML, like Gecko) Chrome/57.0.2987.133 Safari/537.36"
[2017-04-13 09:37:40.558] [INFO] cheese - ::1 - - "POST /counsel/questionaire HTTP/1.1" 500 - "" "Mozilla/5.0 (Windows NT 10.0; Win64; x64) AppleWebKit/537.36 (KHTML, like Gecko) Chrome/57.0.2987.133 Safari/537.36"
[2017-04-13 09:37:57.536] [INFO] cheese - ::1 - - "POST /counsel/questionaire HTTP/1.1" 200 524 "" "Mozilla/5.0 (Windows NT 10.0; Win64; x64) AppleWebKit/537.36 (KHTML, like Gecko) Chrome/57.0.2987.133 Safari/537.36"
[2017-04-13 09:39:45.097] [INFO] cheese - ::1 - - "POST /counsel/questionaire HTTP/1.1" 200 20 "" "Mozilla/5.0 (Windows NT 10.0; Win64; x64) AppleWebKit/537.36 (KHTML, like Gecko) Chrome/57.0.2987.133 Safari/537.36"
[2017-04-13 09:40:16.192] [INFO] cheese - ::1 - - "POST /counsel/questionaire HTTP/1.1" 500 1144 "" "Mozilla/5.0 (Windows NT 10.0; Win64; x64) AppleWebKit/537.36 (KHTML, like Gecko) Chrome/57.0.2987.133 Safari/537.36"
[2017-04-13 09:41:03.491] [INFO] cheese - ::1 - - "POST /counsel/questionaire HTTP/1.1" 200 22 "" "Mozilla/5.0 (Windows NT 10.0; Win64; x64) AppleWebKit/537.36 (KHTML, like Gecko) Chrome/57.0.2987.133 Safari/537.36"
[2017-04-13 09:41:19.435] [INFO] cheese - ::1 - - "POST /counsel/questionaire HTTP/1.1" 200 22 "" "Mozilla/5.0 (Windows NT 10.0; Win64; x64) AppleWebKit/537.36 (KHTML, like Gecko) Chrome/57.0.2987.133 Safari/537.36"
[2017-04-13 09:41:40.312] [INFO] cheese - ::1 - - "POST /counsel/questionaire HTTP/1.1" 200 16 "" "Mozilla/5.0 (Windows NT 10.0; Win64; x64) AppleWebKit/537.36 (KHTML, like Gecko) Chrome/57.0.2987.133 Safari/537.36"
[2017-04-13 09:42:31.353] [INFO] cheese - ::1 - - "POST /counsel/questionaire HTTP/1.1" 500 102 "" "Mozilla/5.0 (Windows NT 10.0; Win64; x64) AppleWebKit/537.36 (KHTML, like Gecko) Chrome/57.0.2987.133 Safari/537.36"
[2017-04-13 09:42:36.077] [INFO] cheese - ::1 - - "POST /counsel/questionaire HTTP/1.1" 200 485 "" "Mozilla/5.0 (Windows NT 10.0; Win64; x64) AppleWebKit/537.36 (KHTML, like Gecko) Chrome/57.0.2987.133 Safari/537.36"
[2017-04-13 10:13:47.070] [INFO] cheese - ::1 - - "POST /doctor/editDoctorDetail HTTP/1.1" 200 43 "" "Mozilla/5.0 (Windows NT 10.0; Win64; x64) AppleWebKit/537.36 (KHTML, like Gecko) Chrome/57.0.2987.133 Safari/537.36"
[2017-04-13 10:14:38.558] [INFO] cheese - ::1 - - "GET /doctor/getDoctorInfo?userId=docpost1 HTTP/1.1" 200 259 "" "Mozilla/5.0 (Windows NT 10.0; Win64; x64) AppleWebKit/537.36 (KHTML, like Gecko) Chrome/57.0.2987.133 Safari/537.36"
[2017-04-13 10:17:16.721] [INFO] cheese - ::1 - - "POST /doctor/editDoctorDetail HTTP/1.1" 200 51 "" "Mozilla/5.0 (Windows NT 10.0; Win64; x64) AppleWebKit/537.36 (KHTML, like Gecko) Chrome/57.0.2987.133 Safari/537.36"
[2017-04-13 10:17:26.528] [INFO] cheese - ::1 - - "POST /doctor/editDoctorDetail HTTP/1.1" 200 587 "" "Mozilla/5.0 (Windows NT 10.0; Win64; x64) AppleWebKit/537.36 (KHTML, like Gecko) Chrome/57.0.2987.133 Safari/537.36"
[2017-04-13 10:17:31.344] [INFO] cheese - ::1 - - "GET /doctor/getDoctorInfo?userId=docpost1 HTTP/1.1" 200 449 "" "Mozilla/5.0 (Windows NT 10.0; Win64; x64) AppleWebKit/537.36 (KHTML, like Gecko) Chrome/57.0.2987.133 Safari/537.36"
[2017-04-13 10:19:16.220] [INFO] cheese - ::1 - - "GET /doctor/getDoctorInfo?userId=docpost1 HTTP/1.1" 200 451 "" "Mozilla/5.0 (Windows NT 10.0; Win64; x64) AppleWebKit/537.36 (KHTML, like Gecko) Chrome/57.0.2987.133 Safari/537.36"
[2017-04-13 10:20:00.099] [INFO] cheese - ::1 - - "GET /doctor/getDoctorInfo?userId=docpost1 HTTP/1.1" 200 438 "" "Mozilla/5.0 (Windows NT 10.0; Win64; x64) AppleWebKit/537.36 (KHTML, like Gecko) Chrome/57.0.2987.133 Safari/537.36"
[2017-04-13 10:20:30.284] [INFO] cheese - ::1 - - "GET /doctor/getDoctorInfo?userId=doc01 HTTP/1.1" 200 902 "" "Mozilla/5.0 (Windows NT 10.0; Win64; x64) AppleWebKit/537.36 (KHTML, like Gecko) Chrome/57.0.2987.133 Safari/537.36"
[2017-04-13 10:35:07.431] [INFO] cheese - ::1 - - "GET /doctor/getDoctorInfo?userId=doc01 HTTP/1.1" 200 902 "" "Mozilla/5.0 (Windows NT 10.0; Win64; x64) AppleWebKit/537.36 (KHTML, like Gecko) Chrome/57.0.2987.133 Safari/537.36"
[2017-04-13 10:35:15.481] [INFO] cheese - ::1 - - "GET /doctor/getDoctorInfo?userId=docpost1 HTTP/1.1" 200 451 "" "Mozilla/5.0 (Windows NT 10.0; Win64; x64) AppleWebKit/537.36 (KHTML, like Gecko) Chrome/57.0.2987.133 Safari/537.36"
[2017-04-13 10:36:56.037] [INFO] cheese - ::1 - - "GET /doctor/getDoctorInfo?userId=docpost1 HTTP/1.1" 200 438 "" "Mozilla/5.0 (Windows NT 10.0; Win64; x64) AppleWebKit/537.36 (KHTML, like Gecko) Chrome/57.0.2987.133 Safari/537.36"
[2017-04-13 13:45:24.162] [INFO] cheese - ::1 - - "POST /counsel/questionaire HTTP/1.1" 500 102 "" "Mozilla/5.0 (Windows NT 10.0; Win64; x64) AppleWebKit/537.36 (KHTML, like Gecko) Chrome/57.0.2987.133 Safari/537.36"
[2017-04-13 13:45:29.278] [INFO] cheese - ::1 - - "POST /counsel/questionaire HTTP/1.1" 200 524 "" "Mozilla/5.0 (Windows NT 10.0; Win64; x64) AppleWebKit/537.36 (KHTML, like Gecko) Chrome/57.0.2987.133 Safari/537.36"
[2017-04-13 14:38:15.496] [INFO] cheese - ::1 - - "GET /doctor/getPatientList?userId=doc01 HTTP/1.1" 200 1548 "" "Mozilla/5.0 (Windows NT 10.0; Win64; x64) AppleWebKit/537.36 (KHTML, like Gecko) Chrome/57.0.2987.133 Safari/537.36"
[2017-04-13 14:48:25.501] [INFO] cheese - ::1 - - "GET /doctor/getRecentDoctorList?doctorId=doc01 HTTP/1.1" 200 13 "" "Mozilla/5.0 (Windows NT 10.0; Win64; x64) AppleWebKit/537.36 (KHTML, like Gecko) Chrome/57.0.2987.133 Safari/537.36"
[2017-04-13 14:48:34.835] [INFO] cheese - ::1 - - "GET /doctor/getRecentDoctorList?doctorId=doc01 HTTP/1.1" 404 23 "" "Mozilla/5.0 (Windows NT 10.0; Win64; x64) AppleWebKit/537.36 (KHTML, like Gecko) Chrome/57.0.2987.133 Safari/537.36"
[2017-04-13 14:50:00.833] [INFO] cheese - ::1 - - "GET /doctor/getRecentDoctorList?userId=doc01 HTTP/1.1" 200 699 "" "Mozilla/5.0 (Windows NT 10.0; Win64; x64) AppleWebKit/537.36 (KHTML, like Gecko) Chrome/57.0.2987.133 Safari/537.36"
[2017-04-13 14:50:15.683] [INFO] cheese - ::1 - - "GET /doctor/getRecentDoctorList?userId=doc01 HTTP/1.1" 200 699 "" "Mozilla/5.0 (Windows NT 10.0; Win64; x64) AppleWebKit/537.36 (KHTML, like Gecko) Chrome/57.0.2987.133 Safari/537.36"
[2017-04-13 14:50:35.577] [INFO] cheese - ::1 - - "GET /doctor/getRecentDoctorList?userId=doc02 HTTP/1.1" 200 699 "" "Mozilla/5.0 (Windows NT 10.0; Win64; x64) AppleWebKit/537.36 (KHTML, like Gecko) Chrome/57.0.2987.133 Safari/537.36"
[2017-04-13 14:50:41.082] [INFO] cheese - ::1 - - "GET /doctor/getRecentDoctorList?userId=doc03 HTTP/1.1" 200 699 "" "Mozilla/5.0 (Windows NT 10.0; Win64; x64) AppleWebKit/537.36 (KHTML, like Gecko) Chrome/57.0.2987.133 Safari/537.36"
[2017-04-13 14:50:58.907] [INFO] cheese - ::1 - - "GET /doctor/getRecentDoctorList?userId=doc01 HTTP/1.1" 200 699 "" "Mozilla/5.0 (Windows NT 10.0; Win64; x64) AppleWebKit/537.36 (KHTML, like Gecko) Chrome/57.0.2987.133 Safari/537.36"
[2017-04-13 14:51:52.356] [INFO] cheese - ::1 - - "GET /doctor/getPatientList?userId=doc01 HTTP/1.1" 200 1548 "" "Mozilla/5.0 (Windows NT 10.0; Win64; x64) AppleWebKit/537.36 (KHTML, like Gecko) Chrome/57.0.2987.133 Safari/537.36"
[2017-04-13 14:56:32.172] [INFO] cheese - ::1 - - "GET /patient/getDoctorLists?name=%E5%8C%BB%E7%94%9F01 HTTP/1.1" 200 336 "" "Mozilla/5.0 (Windows NT 10.0; Win64; x64) AppleWebKit/537.36 (KHTML, like Gecko) Chrome/57.0.2987.133 Safari/537.36"
[2017-04-13 14:58:38.685] [INFO] cheese - ::1 - - "POST /doctor/postDocBasic HTTP/1.1" 500 95 "" "Mozilla/5.0 (Windows NT 10.0; Win64; x64) AppleWebKit/537.36 (KHTML, like Gecko) Chrome/57.0.2987.133 Safari/537.36"
[2017-04-13 14:58:46.305] [INFO] cheese - ::1 - - "POST /doctor/postDocBasic HTTP/1.1" 200 576 "" "Mozilla/5.0 (Windows NT 10.0; Win64; x64) AppleWebKit/537.36 (KHTML, like Gecko) Chrome/57.0.2987.133 Safari/537.36"
[2017-04-13 15:04:52.773] [INFO] cheese - ::1 - - "POST /patient/newPatientDetail HTTP/1.1" 200 593 "" "Mozilla/5.0 (Windows NT 10.0; Win64; x64) AppleWebKit/537.36 (KHTML, like Gecko) Chrome/57.0.2987.133 Safari/537.36"
[2017-04-13 15:05:14.192] [INFO] cheese - ::1 - - "POST /patient/editPatientDetail HTTP/1.1" 200 591 "" "Mozilla/5.0 (Windows NT 10.0; Win64; x64) AppleWebKit/537.36 (KHTML, like Gecko) Chrome/57.0.2987.133 Safari/537.36"
[2017-04-13 15:14:32.751] [INFO] cheese - ::1 - - "POST /patient/insertDiagnosis HTTP/1.1" 200 32 "" "Mozilla/5.0 (Windows NT 10.0; Win64; x64) AppleWebKit/537.36 (KHTML, like Gecko) Chrome/57.0.2987.133 Safari/537.36"
[2017-04-13 15:14:49.005] [INFO] cheese - ::1 - - "POST /patient/insertDiagnosis HTTP/1.1" 200 40 "" "Mozilla/5.0 (Windows NT 10.0; Win64; x64) AppleWebKit/537.36 (KHTML, like Gecko) Chrome/57.0.2987.133 Safari/537.36"
[2017-04-13 15:15:43.365] [INFO] cheese - ::1 - - "POST /patient/insertDiagnosis HTTP/1.1" 200 40 "" "Mozilla/5.0 (Windows NT 10.0; Win64; x64) AppleWebKit/537.36 (KHTML, like Gecko) Chrome/57.0.2987.133 Safari/537.36"
[2017-04-13 15:16:32.297] [INFO] cheese - ::1 - - "POST /patient/insertDiagnosis HTTP/1.1" 200 36 "" "Mozilla/5.0 (Windows NT 10.0; Win64; x64) AppleWebKit/537.36 (KHTML, like Gecko) Chrome/57.0.2987.133 Safari/537.36"
[2017-04-13 15:18:36.401] [INFO] cheese - ::1 - - "POST /patient/insertDiagnosis HTTP/1.1" 200 67 "" "Mozilla/5.0 (Windows NT 10.0; Win64; x64) AppleWebKit/537.36 (KHTML, like Gecko) Chrome/57.0.2987.133 Safari/537.36"
[2017-04-13 15:18:51.143] [INFO] cheese - ::1 - - "POST /patient/insertDiagnosis HTTP/1.1" 200 40 "" "Mozilla/5.0 (Windows NT 10.0; Win64; x64) AppleWebKit/537.36 (KHTML, like Gecko) Chrome/57.0.2987.133 Safari/537.36"
[2017-04-13 15:21:25.075] [INFO] cheese - ::1 - - "POST /patient/insertDiagnosis HTTP/1.1" 200 40 "" "Mozilla/5.0 (Windows NT 10.0; Win64; x64) AppleWebKit/537.36 (KHTML, like Gecko) Chrome/57.0.2987.133 Safari/537.36"
[2017-04-13 15:21:30.475] [INFO] cheese - ::1 - - "POST /patient/insertDiagnosis HTTP/1.1" 200 40 "" "Mozilla/5.0 (Windows NT 10.0; Win64; x64) AppleWebKit/537.36 (KHTML, like Gecko) Chrome/57.0.2987.133 Safari/537.36"
[2017-04-13 15:24:58.706] [INFO] cheese - ::1 - - "POST /patient/editPatientDetail HTTP/1.1" 200 51 "" "Mozilla/5.0 (Windows NT 10.0; Win64; x64) AppleWebKit/537.36 (KHTML, like Gecko) Chrome/57.0.2987.133 Safari/537.36"
[2017-04-13 15:43:24.960] [INFO] cheese - ::1 - - "POST /vitalSign/insertVitalSign HTTP/1.1" 200 27 "" "Mozilla/5.0 (Windows NT 10.0; Win64; x64) AppleWebKit/537.36 (KHTML, like Gecko) Chrome/57.0.2987.133 Safari/537.36"
[2017-04-13 15:43:29.223] [INFO] cheese - ::1 - - "POST /vitalSign/insertVitalSign HTTP/1.1" 200 27 "" "Mozilla/5.0 (Windows NT 10.0; Win64; x64) AppleWebKit/537.36 (KHTML, like Gecko) Chrome/57.0.2987.133 Safari/537.36"
[2017-04-13 15:43:40.575] [INFO] cheese - ::1 - - "POST /vitalSign/insertVitalSign HTTP/1.1" 200 27 "" "Mozilla/5.0 (Windows NT 10.0; Win64; x64) AppleWebKit/537.36 (KHTML, like Gecko) Chrome/57.0.2987.133 Safari/537.36"
[2017-04-13 15:43:52.665] [INFO] cheese - ::1 - - "POST /vitalSign/insertVitalSign HTTP/1.1" 200 27 "" "Mozilla/5.0 (Windows NT 10.0; Win64; x64) AppleWebKit/537.36 (KHTML, like Gecko) Chrome/57.0.2987.133 Safari/537.36"
[2017-04-13 15:43:57.649] [INFO] cheese - ::1 - - "POST /vitalSign/insertVitalSign HTTP/1.1" 500 12 "" "Mozilla/5.0 (Windows NT 10.0; Win64; x64) AppleWebKit/537.36 (KHTML, like Gecko) Chrome/57.0.2987.133 Safari/537.36"
[2017-04-13 15:44:00.961] [INFO] cheese - ::1 - - "POST /vitalSign/insertVitalSign HTTP/1.1" 500 12 "" "Mozilla/5.0 (Windows NT 10.0; Win64; x64) AppleWebKit/537.36 (KHTML, like Gecko) Chrome/57.0.2987.133 Safari/537.36"
[2017-04-13 15:44:02.204] [INFO] cheese - ::1 - - "POST /vitalSign/insertVitalSign HTTP/1.1" 500 12 "" "Mozilla/5.0 (Windows NT 10.0; Win64; x64) AppleWebKit/537.36 (KHTML, like Gecko) Chrome/57.0.2987.133 Safari/537.36"
[2017-04-13 15:44:28.460] [INFO] cheese - ::1 - - "POST /vitalSign/insertVitalSign HTTP/1.1" 500 12 "" "Mozilla/5.0 (Windows NT 10.0; Win64; x64) AppleWebKit/537.36 (KHTML, like Gecko) Chrome/57.0.2987.133 Safari/537.36"
[2017-04-13 15:44:39.309] [INFO] cheese - ::1 - - "POST /vitalSign/insertVitalSign HTTP/1.1" 500 12 "" "Mozilla/5.0 (Windows NT 10.0; Win64; x64) AppleWebKit/537.36 (KHTML, like Gecko) Chrome/57.0.2987.133 Safari/537.36"
[2017-04-13 15:46:17.469] [INFO] cheese - ::1 - - "POST /vitalSign/insertVitalSign HTTP/1.1" 200 25 "" "Mozilla/5.0 (Windows NT 10.0; Win64; x64) AppleWebKit/537.36 (KHTML, like Gecko) Chrome/57.0.2987.133 Safari/537.36"
[2017-04-13 15:46:29.239] [INFO] cheese - ::1 - - "POST /vitalSign/insertVitalSign HTTP/1.1" 200 27 "" "Mozilla/5.0 (Windows NT 10.0; Win64; x64) AppleWebKit/537.36 (KHTML, like Gecko) Chrome/57.0.2987.133 Safari/537.36"
[2017-04-13 15:46:33.607] [INFO] cheese - ::1 - - "POST /vitalSign/insertVitalSign HTTP/1.1" 200 25 "" "Mozilla/5.0 (Windows NT 10.0; Win64; x64) AppleWebKit/537.36 (KHTML, like Gecko) Chrome/57.0.2987.133 Safari/537.36"
[2017-04-13 15:46:50.235] [INFO] cheese - ::1 - - "POST /vitalSign/insertVitalSign HTTP/1.1" 200 34 "" "Mozilla/5.0 (Windows NT 10.0; Win64; x64) AppleWebKit/537.36 (KHTML, like Gecko) Chrome/57.0.2987.133 Safari/537.36"
[2017-04-13 15:47:21.125] [INFO] cheese - ::1 - - "POST /vitalSign/insertVitalSign HTTP/1.1" 200 34 "" "Mozilla/5.0 (Windows NT 10.0; Win64; x64) AppleWebKit/537.36 (KHTML, like Gecko) Chrome/57.0.2987.133 Safari/537.36"
[2017-04-13 16:02:49.666] [INFO] cheese - ::1 - - "GET /comment/getComments?userId= HTTP/1.1" 200 29 "" "Mozilla/5.0 (Windows NT 10.0; Win64; x64) AppleWebKit/537.36 (KHTML, like Gecko) Chrome/57.0.2987.133 Safari/537.36"
[2017-04-13 16:03:02.479] [INFO] cheese - ::1 - - "GET /comment/getComments?userId= HTTP/1.1" 200 29 "" "Mozilla/5.0 (Windows NT 10.0; Win64; x64) AppleWebKit/537.36 (KHTML, like Gecko) Chrome/57.0.2987.133 Safari/537.36"
[2017-04-13 16:17:00.247] [INFO] cheese - ::1 - - "GET /message/getMessages?type= HTTP/1.1" 200 14 "" "Mozilla/5.0 (Windows NT 10.0; Win64; x64) AppleWebKit/537.36 (KHTML, like Gecko) Chrome/57.0.2987.133 Safari/537.36"
[2017-04-13 16:17:09.224] [INFO] cheese - ::1 - - "GET /message/getMessages?type= HTTP/1.1" 200 27 "" "Mozilla/5.0 (Windows NT 10.0; Win64; x64) AppleWebKit/537.36 (KHTML, like Gecko) Chrome/57.0.2987.133 Safari/537.36"
[2017-04-13 16:46:52.622] [INFO] cheese - ::1 - - "GET /doctor/getMyGroupList?userId=doc01 HTTP/1.1" 200 682 "" "Mozilla/5.0 (Windows NT 10.0; Win64; x64) AppleWebKit/537.36 (KHTML, like Gecko) Chrome/57.0.2987.133 Safari/537.36"
[2017-04-13 16:48:37.083] [INFO] cheese - ::1 - - "GET /doctor/getGroupPatientList?teamId=t&status=1 HTTP/1.1" 200 32 "" "Mozilla/5.0 (Windows NT 10.0; Win64; x64) AppleWebKit/537.36 (KHTML, like Gecko) Chrome/57.0.2987.133 Safari/537.36"
[2017-04-13 16:48:50.544] [INFO] cheese - ::1 - - "GET /doctor/getGroupPatientList?teamId=t&status= HTTP/1.1" 200 29 "" "Mozilla/5.0 (Windows NT 10.0; Win64; x64) AppleWebKit/537.36 (KHTML, like Gecko) Chrome/57.0.2987.133 Safari/537.36"
[2017-04-13 16:55:43.850] [INFO] cheese - ::1 - - "POST /communication/newTeam HTTP/1.1" 500 93 "" "Mozilla/5.0 (Windows NT 10.0; Win64; x64) AppleWebKit/537.36 (KHTML, like Gecko) Chrome/57.0.2987.133 Safari/537.36"
[2017-04-13 16:55:48.548] [INFO] cheese - ::1 - - "POST /communication/newTeam HTTP/1.1" 200 318 "" "Mozilla/5.0 (Windows NT 10.0; Win64; x64) AppleWebKit/537.36 (KHTML, like Gecko) Chrome/57.0.2987.133 Safari/537.36"
[2017-04-13 16:56:02.243] [INFO] cheese - ::1 - - "POST /communication/newTeam HTTP/1.1" 200 345 "" "Mozilla/5.0 (Windows NT 10.0; Win64; x64) AppleWebKit/537.36 (KHTML, like Gecko) Chrome/57.0.2987.133 Safari/537.36"
[2017-04-13 17:02:16.629] [INFO] cheese - ::1 - - "POST /communication/conclusion HTTP/1.1" 200 434 "" "Mozilla/5.0 (Windows NT 10.0; Win64; x64) AppleWebKit/537.36 (KHTML, like Gecko) Chrome/57.0.2987.133 Safari/537.36"
[2017-04-13 17:02:19.652] [INFO] cheese - ::1 - - "POST /communication/conclusion HTTP/1.1" 200 434 "" "Mozilla/5.0 (Windows NT 10.0; Win64; x64) AppleWebKit/537.36 (KHTML, like Gecko) Chrome/57.0.2987.133 Safari/537.36"
[2017-04-13 17:02:23.723] [INFO] cheese - ::1 - - "POST /communication/conclusion HTTP/1.1" 200 435 "" "Mozilla/5.0 (Windows NT 10.0; Win64; x64) AppleWebKit/537.36 (KHTML, like Gecko) Chrome/57.0.2987.133 Safari/537.36"
[2017-04-13 17:16:22.756] [INFO] cheese - ::1 - - "POST /communication/insertMember HTTP/1.1" 200 106 "" "Mozilla/5.0 (Windows NT 10.0; Win64; x64) AppleWebKit/537.36 (KHTML, like Gecko) Chrome/57.0.2987.133 Safari/537.36"
[2017-04-13 17:18:01.975] [INFO] cheese - ::1 - - "POST /communication/insertMember HTTP/1.1" 200 103 "" "Mozilla/5.0 (Windows NT 10.0; Win64; x64) AppleWebKit/537.36 (KHTML, like Gecko) Chrome/57.0.2987.133 Safari/537.36"
[2017-04-13 17:22:04.206] [INFO] cheese - ::1 - - "POST /communication/removeMember HTTP/1.1" 200 100 "" "Mozilla/5.0 (Windows NT 10.0; Win64; x64) AppleWebKit/537.36 (KHTML, like Gecko) Chrome/57.0.2987.133 Safari/537.36"
[2017-04-13 17:22:06.421] [INFO] cheese - ::1 - - "POST /communication/removeMember HTTP/1.1" 200 100 "" "Mozilla/5.0 (Windows NT 10.0; Win64; x64) AppleWebKit/537.36 (KHTML, like Gecko) Chrome/57.0.2987.133 Safari/537.36"
[2017-04-13 17:22:10.365] [INFO] cheese - ::1 - - "POST /communication/removeMember HTTP/1.1" 200 64 "" "Mozilla/5.0 (Windows NT 10.0; Win64; x64) AppleWebKit/537.36 (KHTML, like Gecko) Chrome/57.0.2987.133 Safari/537.36"
[2017-04-13 18:55:34.051] [INFO] cheese - ::1 - - "POST /patient/newPatientDetail HTTP/1.1" 200 29 "" "Mozilla/5.0 (Windows NT 10.0; Win64; x64) AppleWebKit/537.36 (KHTML, like Gecko) Chrome/57.0.2987.133 Safari/537.36"
[2017-04-13 18:55:52.150] [INFO] cheese - ::1 - - "POST /patient/newPatientDetail HTTP/1.1" 200 29 "" "Mozilla/5.0 (Windows NT 10.0; Win64; x64) AppleWebKit/537.36 (KHTML, like Gecko) Chrome/57.0.2987.133 Safari/537.36"
[2017-04-13 18:56:23.794] [INFO] cheese - ::1 - - "POST /patient/newPatientDetail HTTP/1.1" 200 29 "" "Mozilla/5.0 (Windows NT 10.0; Win64; x64) AppleWebKit/537.36 (KHTML, like Gecko) Chrome/57.0.2987.133 Safari/537.36"
[2017-04-13 18:56:24.828] [INFO] cheese - ::1 - - "POST /patient/newPatientDetail HTTP/1.1" 200 29 "" "Mozilla/5.0 (Windows NT 10.0; Win64; x64) AppleWebKit/537.36 (KHTML, like Gecko) Chrome/57.0.2987.133 Safari/537.36"
[2017-04-13 18:56:25.585] [INFO] cheese - ::1 - - "POST /patient/newPatientDetail HTTP/1.1" 200 29 "" "Mozilla/5.0 (Windows NT 10.0; Win64; x64) AppleWebKit/537.36 (KHTML, like Gecko) Chrome/57.0.2987.133 Safari/537.36"
[2017-04-13 18:56:26.211] [INFO] cheese - ::1 - - "POST /patient/newPatientDetail HTTP/1.1" 200 29 "" "Mozilla/5.0 (Windows NT 10.0; Win64; x64) AppleWebKit/537.36 (KHTML, like Gecko) Chrome/57.0.2987.133 Safari/537.36"
[2017-04-13 18:56:52.228] [INFO] cheese - ::1 - - "POST /patient/newPatientDetail HTTP/1.1" 200 29 "" "Mozilla/5.0 (Windows NT 10.0; Win64; x64) AppleWebKit/537.36 (KHTML, like Gecko) Chrome/57.0.2987.133 Safari/537.36"
[2017-04-13 18:56:53.498] [INFO] cheese - ::1 - - "POST /patient/newPatientDetail HTTP/1.1" 200 29 "" "Mozilla/5.0 (Windows NT 10.0; Win64; x64) AppleWebKit/537.36 (KHTML, like Gecko) Chrome/57.0.2987.133 Safari/537.36"
[2017-04-13 18:56:54.331] [INFO] cheese - ::1 - - "POST /patient/newPatientDetail HTTP/1.1" 200 29 "" "Mozilla/5.0 (Windows NT 10.0; Win64; x64) AppleWebKit/537.36 (KHTML, like Gecko) Chrome/57.0.2987.133 Safari/537.36"
[2017-04-13 18:56:58.169] [INFO] cheese - ::1 - - "POST /patient/newPatientDetail HTTP/1.1" 200 29 "" "Mozilla/5.0 (Windows NT 10.0; Win64; x64) AppleWebKit/537.36 (KHTML, like Gecko) Chrome/57.0.2987.133 Safari/537.36"
[2017-04-13 18:58:09.272] [INFO] cheese - ::1 - - "POST /patient/newPatientDetail HTTP/1.1" 200 665 "" "Mozilla/5.0 (Windows NT 10.0; Win64; x64) AppleWebKit/537.36 (KHTML, like Gecko) Chrome/57.0.2987.133 Safari/537.36"
[2017-04-13 19:02:08.741] [INFO] cheese - ::1 - - "POST /patient/editPatientDetail HTTP/1.1" 500 2183 "" "Mozilla/5.0 (Windows NT 10.0; Win64; x64) AppleWebKit/537.36 (KHTML, like Gecko) Chrome/57.0.2987.133 Safari/537.36"
[2017-04-13 19:02:42.412] [INFO] cheese - ::1 - - "POST /patient/editPatientDetail HTTP/1.1" 200 698 "" "Mozilla/5.0 (Windows NT 10.0; Win64; x64) AppleWebKit/537.36 (KHTML, like Gecko) Chrome/57.0.2987.133 Safari/537.36"
[2017-04-13 19:23:48.223] [INFO] cheese - ::1 - - "GET /patient/getDoctorLists?workUnit=%E6%B5%99%E6%B1%9F%E7%9C%81%E4%BA%BA%E6%B0%91%E5%8C%BB%E9%99%A2&name= HTTP/1.1" 200 3557 "" "Mozilla/5.0 (Windows NT 10.0; Win64; x64) AppleWebKit/537.36 (KHTML, like Gecko) Chrome/57.0.2987.133 Safari/537.36"
[2017-04-13 19:24:05.983] [INFO] cheese - ::1 - - "GET /patient/getDoctorLists?workUnit= HTTP/1.1" 200 14 "" "Mozilla/5.0 (Windows NT 10.0; Win64; x64) AppleWebKit/537.36 (KHTML, like Gecko) Chrome/57.0.2987.133 Safari/537.36"
[2017-04-13 19:24:16.295] [INFO] cheese - ::1 - - "GET /patient/getDoctorLists?workUnit= HTTP/1.1" 200 14 "" "Mozilla/5.0 (Windows NT 10.0; Win64; x64) AppleWebKit/537.36 (KHTML, like Gecko) Chrome/57.0.2987.133 Safari/537.36"
[2017-04-13 19:24:17.657] [INFO] cheese - ::1 - - "GET /patient/getDoctorLists?workUnit= HTTP/1.1" 200 14 "" "Mozilla/5.0 (Windows NT 10.0; Win64; x64) AppleWebKit/537.36 (KHTML, like Gecko) Chrome/57.0.2987.133 Safari/537.36"
[2017-04-13 19:24:23.952] [INFO] cheese - ::1 - - "GET /patient/getDoctorLists HTTP/1.1" 200 4478 "" "Mozilla/5.0 (Windows NT 10.0; Win64; x64) AppleWebKit/537.36 (KHTML, like Gecko) Chrome/57.0.2987.133 Safari/537.36"
[2017-04-13 19:24:42.014] [INFO] cheese - ::1 - - "GET /patient/getDoctorLists?workUnit=%E6%B5%99%E6%B1%9F%E7%9C%81%E4%BA%BA%E6%B0%91%E5%8C%BB%E9%99%A2&name=%E5%8C%BB%E7%94%9F01 HTTP/1.1" 200 336 "" "Mozilla/5.0 (Windows NT 10.0; Win64; x64) AppleWebKit/537.36 (KHTML, like Gecko) Chrome/57.0.2987.133 Safari/537.36"
[2017-04-13 19:24:47.419] [INFO] cheese - ::1 - - "GET /patient/getDoctorLists?workUnit=&name=%E5%8C%BB%E7%94%9F01 HTTP/1.1" 200 336 "" "Mozilla/5.0 (Windows NT 10.0; Win64; x64) AppleWebKit/537.36 (KHTML, like Gecko) Chrome/57.0.2987.133 Safari/537.36"
[2017-04-13 19:24:48.840] [INFO] cheese - ::1 - - "GET /patient/getDoctorLists?workUnit=&name=%E5%8C%BB%E7%94%9F01 HTTP/1.1" 200 336 "" "Mozilla/5.0 (Windows NT 10.0; Win64; x64) AppleWebKit/537.36 (KHTML, like Gecko) Chrome/57.0.2987.133 Safari/537.36"
[2017-04-13 19:24:49.631] [INFO] cheese - ::1 - - "GET /patient/getDoctorLists?workUnit=&name=%E5%8C%BB%E7%94%9F01 HTTP/1.1" 200 336 "" "Mozilla/5.0 (Windows NT 10.0; Win64; x64) AppleWebKit/537.36 (KHTML, like Gecko) Chrome/57.0.2987.133 Safari/537.36"
[2017-04-13 19:24:50.402] [INFO] cheese - ::1 - - "GET /patient/getDoctorLists?workUnit=&name=%E5%8C%BB%E7%94%9F01 HTTP/1.1" 200 336 "" "Mozilla/5.0 (Windows NT 10.0; Win64; x64) AppleWebKit/537.36 (KHTML, like Gecko) Chrome/57.0.2987.133 Safari/537.36"
[2017-04-13 19:24:55.280] [INFO] cheese - ::1 - - "GET /patient/getDoctorLists?workUnit&name=%E5%8C%BB%E7%94%9F01 HTTP/1.1" 200 336 "" "Mozilla/5.0 (Windows NT 10.0; Win64; x64) AppleWebKit/537.36 (KHTML, like Gecko) Chrome/57.0.2987.133 Safari/537.36"
[2017-04-13 19:25:00.203] [INFO] cheese - ::1 - - "GET /patient/getDoctorLists?workUnit&name HTTP/1.1" 200 14 "" "Mozilla/5.0 (Windows NT 10.0; Win64; x64) AppleWebKit/537.36 (KHTML, like Gecko) Chrome/57.0.2987.133 Safari/537.36"
[2017-04-13 19:25:05.062] [INFO] cheese - ::1 - - "GET /patient/getDoctorLists?workUnit HTTP/1.1" 200 14 "" "Mozilla/5.0 (Windows NT 10.0; Win64; x64) AppleWebKit/537.36 (KHTML, like Gecko) Chrome/57.0.2987.133 Safari/537.36"
[2017-04-13 19:25:09.554] [INFO] cheese - ::1 - - "GET /patient/getDoctorLists?workUnit= HTTP/1.1" 200 14 "" "Mozilla/5.0 (Windows NT 10.0; Win64; x64) AppleWebKit/537.36 (KHTML, like Gecko) Chrome/57.0.2987.133 Safari/537.36"
[2017-04-13 19:25:56.974] [INFO] cheese - ::1 - - "GET /patient/getDoctorLists?workUnit= HTTP/1.1" 200 25 "" "Mozilla/5.0 (Windows NT 10.0; Win64; x64) AppleWebKit/537.36 (KHTML, like Gecko) Chrome/57.0.2987.133 Safari/537.36"
[2017-04-13 19:28:39.149] [INFO] cheese - ::1 - - "GET /patient/getDoctorLists?workUnit= HTTP/1.1" 200 25 "" "Mozilla/5.0 (Windows NT 10.0; Win64; x64) AppleWebKit/537.36 (KHTML, like Gecko) Chrome/57.0.2987.133 Safari/537.36"
[2017-04-13 19:28:47.534] [INFO] cheese - ::1 - - "GET /patient/getDoctorLists?workUnit= HTTP/1.1" 200 25 "" "Mozilla/5.0 (Windows NT 10.0; Win64; x64) AppleWebKit/537.36 (KHTML, like Gecko) Chrome/57.0.2987.133 Safari/537.36"
[2017-04-13 19:28:57.440] [INFO] cheese - ::1 - - "GET /patient/getDoctorLists?workUnit= HTTP/1.1" 200 4478 "" "Mozilla/5.0 (Windows NT 10.0; Win64; x64) AppleWebKit/537.36 (KHTML, like Gecko) Chrome/57.0.2987.133 Safari/537.36"
[2017-04-13 19:29:46.991] [INFO] cheese - ::1 - - "GET /patient/getDoctorLists?name= HTTP/1.1" 200 4478 "" "Mozilla/5.0 (Windows NT 10.0; Win64; x64) AppleWebKit/537.36 (KHTML, like Gecko) Chrome/57.0.2987.133 Safari/537.36"
[2017-04-13 19:29:53.880] [INFO] cheese - ::1 - - "GET /patient/getDoctorLists?name=1 HTTP/1.1" 200 14 "" "Mozilla/5.0 (Windows NT 10.0; Win64; x64) AppleWebKit/537.36 (KHTML, like Gecko) Chrome/57.0.2987.133 Safari/537.36"
[2017-04-13 19:29:57.095] [INFO] cheese - ::1 - - "GET /patient/getDoctorLists?name= HTTP/1.1" 200 4478 "" "Mozilla/5.0 (Windows NT 10.0; Win64; x64) AppleWebKit/537.36 (KHTML, like Gecko) Chrome/57.0.2987.133 Safari/537.36"
[2017-04-13 19:37:38.064] [INFO] cheese - ::1 - - "GET /doctor/getDoctorInfo?userId=doc01 HTTP/1.1" 200 902 "" "Mozilla/5.0 (Windows NT 10.0; Win64; x64) AppleWebKit/537.36 (KHTML, like Gecko) Chrome/57.0.2987.133 Safari/537.36"
