[2017-04-15 13:24:33.069] [INFO] cheese - ::1 - - "POST /communication/insertMember HTTP/1.1" 200 103 "" "Mozilla/5.0 (Windows NT 10.0; Win64; x64) AppleWebKit/537.36 (KHTML, like Gecko) Chrome/57.0.2987.133 Safari/537.36"
[2017-04-15 13:24:39.082] [INFO] cheese - ::1 - - "POST /communication/insertMember HTTP/1.1" 200 73 "" "Mozilla/5.0 (Windows NT 10.0; Win64; x64) AppleWebKit/537.36 (KHTML, like Gecko) Chrome/57.0.2987.133 Safari/537.36"
[2017-04-15 13:24:46.505] [INFO] cheese - ::1 - - "POST /communication/newTeam HTTP/1.1" 200 339 "" "Mozilla/5.0 (Windows NT 10.0; Win64; x64) AppleWebKit/537.36 (KHTML, like Gecko) Chrome/57.0.2987.133 Safari/537.36"
[2017-04-15 13:26:25.228] [INFO] cheese - ::1 - - "POST /communication/newTeam HTTP/1.1" 200 400 "" "Mozilla/5.0 (Windows NT 10.0; Win64; x64) AppleWebKit/537.36 (KHTML, like Gecko) Chrome/57.0.2987.133 Safari/537.36"
[2017-04-15 13:27:02.840] [INFO] cheese - ::1 - - "GET /doctor/getMyGroupList?userId=doc01 HTTP/1.1" 200 776 "" "Mozilla/5.0 (Windows NT 10.0; Win64; x64) AppleWebKit/537.36 (KHTML, like Gecko) Chrome/57.0.2987.133 Safari/537.36"
[2017-04-15 15:22:36.561] [INFO] cheese - ::1 - - "GET /patient/getDoctorLists?currentPage=1&pageSize=10 HTTP/1.1" 200 4545 "" "Mozilla/5.0 (Windows NT 10.0; Win64; x64) AppleWebKit/537.36 (KHTML, like Gecko) Chrome/57.0.2987.133 Safari/537.36"
[2017-04-15 15:23:05.599] [INFO] cheese - ::1 - - "GET /patient/getDoctorLists?limit=2&pageSize=0 HTTP/1.1" 200 724 "" "Mozilla/5.0 (Windows NT 10.0; Win64; x64) AppleWebKit/537.36 (KHTML, like Gecko) Chrome/57.0.2987.133 Safari/537.36"
[2017-04-15 15:23:22.941] [INFO] cheese - ::1 - - "GET /patient/getDoctorLists?limit=2&skip=0 HTTP/1.1" 200 722 "" "Mozilla/5.0 (Windows NT 10.0; Win64; x64) AppleWebKit/537.36 (KHTML, like Gecko) Chrome/57.0.2987.133 Safari/537.36"
[2017-04-15 15:24:18.352] [INFO] cheese - ::1 - - "GET /patient/getDoctorLists?limit=2&skip=1 HTTP/1.1" 200 722 "" "Mozilla/5.0 (Windows NT 10.0; Win64; x64) AppleWebKit/537.36 (KHTML, like Gecko) Chrome/57.0.2987.133 Safari/537.36"
[2017-04-15 17:10:23.117] [INFO] cheese - ::1 - - "POST /doctor/postDocBasic HTTP/1.1" 500 95 "" "Mozilla/5.0 (Windows NT 10.0; Win64; x64) AppleWebKit/537.36 (KHTML, like Gecko) Chrome/57.0.2987.133 Safari/537.36"
[2017-04-15 17:10:33.308] [INFO] cheese - ::1 - - "POST /doctor/postDocBasic HTTP/1.1" 200 576 "" "Mozilla/5.0 (Windows NT 10.0; Win64; x64) AppleWebKit/537.36 (KHTML, like Gecko) Chrome/57.0.2987.133 Safari/537.36"
[2017-04-15 17:53:04.936] [INFO] cheese - ::1 - - "POST /counsel/changeCounselStatus HTTP/1.1" 200 13 "" "Mozilla/5.0 (Windows NT 10.0; Win64; x64) AppleWebKit/537.36 (KHTML, like Gecko) Chrome/57.0.2987.133 Safari/537.36"
[2017-04-15 17:53:15.974] [INFO] cheese - ::1 - - "POST /counsel/changeCounselStatus HTTP/1.1" 200 800 "" "Mozilla/5.0 (Windows NT 10.0; Win64; x64) AppleWebKit/537.36 (KHTML, like Gecko) Chrome/57.0.2987.133 Safari/537.36"
[2017-04-15 18:25:36.581] [INFO] cheese - ::1 - - "POST /communication/updateLastTalkTime HTTP/1.1" 200 31 "" "Mozilla/5.0 (Windows NT 10.0; Win64; x64) AppleWebKit/537.36 (KHTML, like Gecko) Chrome/57.0.2987.133 Safari/537.36"
[2017-04-15 18:26:34.779] [INFO] cheese - ::1 - - "POST /communication/updateLastTalkTime HTTP/1.1" 200 31 "" "Mozilla/5.0 (Windows NT 10.0; Win64; x64) AppleWebKit/537.36 (KHTML, like Gecko) Chrome/57.0.2987.133 Safari/537.36"
[2017-04-15 18:26:42.494] [INFO] cheese - ::1 - - "POST /communication/updateLastTalkTime HTTP/1.1" 422 271 "" "Mozilla/5.0 (Windows NT 10.0; Win64; x64) AppleWebKit/537.36 (KHTML, like Gecko) Chrome/57.0.2987.133 Safari/537.36"
[2017-04-15 18:28:11.605] [INFO] cheese - ::1 - - "POST /communication/updateLastTalkTime HTTP/1.1" 200 466 "" "Mozilla/5.0 (Windows NT 10.0; Win64; x64) AppleWebKit/537.36 (KHTML, like Gecko) Chrome/57.0.2987.133 Safari/537.36"
[2017-04-15 18:32:10.966] [INFO] cheese - ::1 - - "POST /communication/updateLastTalkTime HTTP/1.1" 200 466 "" "Mozilla/5.0 (Windows NT 10.0; Win64; x64) AppleWebKit/537.36 (KHTML, like Gecko) Chrome/57.0.2987.133 Safari/537.36"
[2017-04-15 18:34:12.312] [INFO] cheese - ::1 - - "POST /communication/updateLastTalkTime HTTP/1.1" 200 32 "" "Mozilla/5.0 (Windows NT 10.0; Win64; x64) AppleWebKit/537.36 (KHTML, like Gecko) Chrome/57.0.2987.133 Safari/537.36"
[2017-04-15 18:34:43.833] [INFO] cheese - ::1 - - "POST /communication/updateLastTalkTime HTTP/1.1" 200 466 "" "Mozilla/5.0 (Windows NT 10.0; Win64; x64) AppleWebKit/537.36 (KHTML, like Gecko) Chrome/57.0.2987.133 Safari/537.36"
[2017-04-15 18:35:01.807] [INFO] cheese - ::1 - - "POST /communication/updateLastTalkTime HTTP/1.1" 200 466 "" "Mozilla/5.0 (Windows NT 10.0; Win64; x64) AppleWebKit/537.36 (KHTML, like Gecko) Chrome/57.0.2987.133 Safari/537.36"
[2017-04-15 18:39:25.181] [INFO] cheese - ::1 - - "POST /communication/updateLastTalkTime HTTP/1.1" 200 68 "" "Mozilla/5.0 (Windows NT 10.0; Win64; x64) AppleWebKit/537.36 (KHTML, like Gecko) Chrome/57.0.2987.133 Safari/537.36"
[2017-04-15 18:39:56.563] [INFO] cheese - ::1 - - "POST /communication/updateLastTalkTime HTTP/1.1" 200 68 "" "Mozilla/5.0 (Windows NT 10.0; Win64; x64) AppleWebKit/537.36 (KHTML, like Gecko) Chrome/57.0.2987.133 Safari/537.36"
[2017-04-15 18:40:38.211] [INFO] cheese - ::1 - - "POST /communication/updateLastTalkTime HTTP/1.1" 200 68 "" "Mozilla/5.0 (Windows NT 10.0; Win64; x64) AppleWebKit/537.36 (KHTML, like Gecko) Chrome/57.0.2987.133 Safari/537.36"
[2017-04-15 18:40:40.071] [INFO] cheese - ::1 - - "POST /communication/updateLastTalkTime HTTP/1.1" 200 68 "" "Mozilla/5.0 (Windows NT 10.0; Win64; x64) AppleWebKit/537.36 (KHTML, like Gecko) Chrome/57.0.2987.133 Safari/537.36"
[2017-04-15 18:46:32.276] [INFO] cheese - ::1 - - "POST /communication/updateLastTalkTime HTTP/1.1" 200 68 "" "Mozilla/5.0 (Windows NT 10.0; Win64; x64) AppleWebKit/537.36 (KHTML, like Gecko) Chrome/57.0.2987.133 Safari/537.36"
[2017-04-15 18:46:32.838] [INFO] cheese - ::1 - - "POST /communication/updateLastTalkTime HTTP/1.1" 200 68 "" "Mozilla/5.0 (Windows NT 10.0; Win64; x64) AppleWebKit/537.36 (KHTML, like Gecko) Chrome/57.0.2987.133 Safari/537.36"
[2017-04-15 18:46:49.165] [INFO] cheese - ::1 - - "POST /communication/updateLastTalkTime HTTP/1.1" 200 68 "" "Mozilla/5.0 (Windows NT 10.0; Win64; x64) AppleWebKit/537.36 (KHTML, like Gecko) Chrome/57.0.2987.133 Safari/537.36"
[2017-04-15 18:46:50.286] [INFO] cheese - ::1 - - "POST /communication/updateLastTalkTime HTTP/1.1" 200 68 "" "Mozilla/5.0 (Windows NT 10.0; Win64; x64) AppleWebKit/537.36 (KHTML, like Gecko) Chrome/57.0.2987.133 Safari/537.36"
[2017-04-15 18:48:09.225] [INFO] cheese - ::1 - - "POST /communication/updateLastTalkTime HTTP/1.1" 200 68 "" "Mozilla/5.0 (Windows NT 10.0; Win64; x64) AppleWebKit/537.36 (KHTML, like Gecko) Chrome/57.0.2987.133 Safari/537.36"
[2017-04-15 18:55:07.347] [INFO] cheese - ::1 - - "POST /communication/updateLastTalkTime HTTP/1.1" 200 68 "" "Mozilla/5.0 (Windows NT 10.0; Win64; x64) AppleWebKit/537.36 (KHTML, like Gecko) Chrome/57.0.2987.133 Safari/537.36"
[2017-04-15 18:55:35.627] [INFO] cheese - ::1 - - "POST /communication/updateLastTalkTime HTTP/1.1" 200 68 "" "Mozilla/5.0 (Windows NT 10.0; Win64; x64) AppleWebKit/537.36 (KHTML, like Gecko) Chrome/57.0.2987.133 Safari/537.36"
[2017-04-15 18:55:49.745] [INFO] cheese - ::1 - - "POST /communication/updateLastTalkTime HTTP/1.1" 200 68 "" "Mozilla/5.0 (Windows NT 10.0; Win64; x64) AppleWebKit/537.36 (KHTML, like Gecko) Chrome/57.0.2987.133 Safari/537.36"
[2017-04-15 18:56:48.678] [INFO] cheese - ::1 - - "POST /communication/updateLastTalkTime HTTP/1.1" 200 64 "" "Mozilla/5.0 (Windows NT 10.0; Win64; x64) AppleWebKit/537.36 (KHTML, like Gecko) Chrome/57.0.2987.133 Safari/537.36"
[2017-04-15 18:58:56.496] [INFO] cheese - ::1 - - "POST /communication/updateLastTalkTime HTTP/1.1" 200 100 "" "Mozilla/5.0 (Windows NT 10.0; Win64; x64) AppleWebKit/537.36 (KHTML, like Gecko) Chrome/57.0.2987.133 Safari/537.36"
[2017-04-15 19:00:12.854] [INFO] cheese - ::1 - - "POST /communication/updateLastTalkTime HTTP/1.1" 200 13 "" "Mozilla/5.0 (Windows NT 10.0; Win64; x64) AppleWebKit/537.36 (KHTML, like Gecko) Chrome/57.0.2987.133 Safari/537.36"
[2017-04-15 19:03:38.431] [INFO] cheese - ::1 - - "POST /communication/updateLastTalkTime HTTP/1.1" 200 13 "" "Mozilla/5.0 (Windows NT 10.0; Win64; x64) AppleWebKit/537.36 (KHTML, like Gecko) Chrome/57.0.2987.133 Safari/537.36"
[2017-04-15 19:04:47.833] [INFO] cheese - ::1 - - "POST /communication/updateLastTalkTime HTTP/1.1" 200 100 "" "Mozilla/5.0 (Windows NT 10.0; Win64; x64) AppleWebKit/537.36 (KHTML, like Gecko) Chrome/57.0.2987.133 Safari/537.36"
[2017-04-15 19:06:55.272] [INFO] cheese - ::1 - - "POST /communication/updateLastTalkTime HTTP/1.1" 200 13 "" "Mozilla/5.0 (Windows NT 10.0; Win64; x64) AppleWebKit/537.36 (KHTML, like Gecko) Chrome/57.0.2987.133 Safari/537.36"
[2017-04-15 19:07:25.434] [INFO] cheese - ::1 - - "POST /communication/updateLastTalkTime HTTP/1.1" 200 13 "" "Mozilla/5.0 (Windows NT 10.0; Win64; x64) AppleWebKit/537.36 (KHTML, like Gecko) Chrome/57.0.2987.133 Safari/537.36"
[2017-04-15 19:10:54.598] [INFO] cheese - ::1 - - "POST /communication/updateLastTalkTime HTTP/1.1" 200 100 "" "Mozilla/5.0 (Windows NT 10.0; Win64; x64) AppleWebKit/537.36 (KHTML, like Gecko) Chrome/57.0.2987.133 Safari/537.36"
[2017-04-15 19:14:39.700] [INFO] cheese - ::1 - - "POST /communication/updateLastTalkTime HTTP/1.1" 200 64 "" "Mozilla/5.0 (Windows NT 10.0; Win64; x64) AppleWebKit/537.36 (KHTML, like Gecko) Chrome/57.0.2987.133 Safari/537.36"
[2017-04-15 19:14:44.489] [INFO] cheese - ::1 - - "POST /communication/updateLastTalkTime HTTP/1.1" 200 64 "" "Mozilla/5.0 (Windows NT 10.0; Win64; x64) AppleWebKit/537.36 (KHTML, like Gecko) Chrome/57.0.2987.133 Safari/537.36"
[2017-04-15 19:15:01.677] [INFO] cheese - ::1 - - "POST /communication/updateLastTalkTime HTTP/1.1" 200 64 "" "Mozilla/5.0 (Windows NT 10.0; Win64; x64) AppleWebKit/537.36 (KHTML, like Gecko) Chrome/57.0.2987.133 Safari/537.36"
[2017-04-15 19:15:15.696] [INFO] cheese - ::1 - - "POST /communication/updateLastTalkTime HTTP/1.1" 200 64 "" "Mozilla/5.0 (Windows NT 10.0; Win64; x64) AppleWebKit/537.36 (KHTML, like Gecko) Chrome/57.0.2987.133 Safari/537.36"
[2017-04-15 19:15:28.866] [INFO] cheese - ::1 - - "POST /communication/updateLastTalkTime HTTP/1.1" 200 64 "" "Mozilla/5.0 (Windows NT 10.0; Win64; x64) AppleWebKit/537.36 (KHTML, like Gecko) Chrome/57.0.2987.133 Safari/537.36"
[2017-04-15 19:36:55.911] [INFO] cheese - ::1 - - "POST /message/changeMessageStatus HTTP/1.1" 500 2380 "" "Mozilla/5.0 (Windows NT 10.0; Win64; x64) AppleWebKit/537.36 (KHTML, like Gecko) Chrome/57.0.2987.133 Safari/537.36"
[2017-04-15 19:38:06.094] [INFO] cheese - ::1 - - "POST /message/changeMessageStatus HTTP/1.1" 200 52 "" "Mozilla/5.0 (Windows NT 10.0; Win64; x64) AppleWebKit/537.36 (KHTML, like Gecko) Chrome/57.0.2987.133 Safari/537.36"
[2017-04-15 19:38:51.721] [INFO] cheese - ::1 - - "POST /message/changeMessageStatus HTTP/1.1" 200 52 "" "Mozilla/5.0 (Windows NT 10.0; Win64; x64) AppleWebKit/537.36 (KHTML, like Gecko) Chrome/57.0.2987.133 Safari/537.36"
[2017-04-15 19:39:35.161] [INFO] cheese - ::1 - - "POST /message/changeMessageStatus HTTP/1.1" 200 52 "" "Mozilla/5.0 (Windows NT 10.0; Win64; x64) AppleWebKit/537.36 (KHTML, like Gecko) Chrome/57.0.2987.133 Safari/537.36"
[2017-04-15 19:39:39.543] [INFO] cheese - ::1 - - "POST /message/changeMessageStatus HTTP/1.1" 200 64 "" "Mozilla/5.0 (Windows NT 10.0; Win64; x64) AppleWebKit/537.36 (KHTML, like Gecko) Chrome/57.0.2987.133 Safari/537.36"
[2017-04-15 19:43:36.868] [INFO] cheese - ::1 - - "POST /message/changeMessageStatus HTTP/1.1" 200 109 "" "Mozilla/5.0 (Windows NT 10.0; Win64; x64) AppleWebKit/537.36 (KHTML, like Gecko) Chrome/57.0.2987.133 Safari/537.36"
[2017-04-15 19:43:42.010] [INFO] cheese - ::1 - - "POST /message/changeMessageStatus HTTP/1.1" 200 70 "" "Mozilla/5.0 (Windows NT 10.0; Win64; x64) AppleWebKit/537.36 (KHTML, like Gecko) Chrome/57.0.2987.133 Safari/537.36"
