[2017-04-20 11:58:03.533] [INFO] cheese - ::1 - - "GET /account/getCounts?patientId=p01&doctorId=doc01 HTTP/1.1" 200 13 "" "Mozilla/5.0 (Windows NT 10.0; Win64; x64) AppleWebKit/537.36 (KHTML, like Gecko) Chrome/57.0.2987.133 Safari/537.36"
[2017-04-20 12:01:11.714] [INFO] cheese - ::1 - - "GET /account/getCounts?patientId=p01&doctorId=doc01 HTTP/1.1" 200 13 "" "Mozilla/5.0 (Windows NT 10.0; Win64; x64) AppleWebKit/537.36 (KHTML, like Gecko) Chrome/57.0.2987.133 Safari/537.36"
[2017-04-20 12:01:13.141] [INFO] cheese - ::1 - - "GET /account/getCounts?patientId=p01&doctorId=doc01 HTTP/1.1" 200 12 "" "Mozilla/5.0 (Windows NT 10.0; Win64; x64) AppleWebKit/537.36 (KHTML, like Gecko) Chrome/57.0.2987.133 Safari/537.36"
[2017-04-20 12:01:15.032] [INFO] cheese - ::1 - - "GET /account/getCounts?patientId=p01&doctorId=doc01 HTTP/1.1" 200 12 "" "Mozilla/5.0 (Windows NT 10.0; Win64; x64) AppleWebKit/537.36 (KHTML, like Gecko) Chrome/57.0.2987.133 Safari/537.36"
[2017-04-20 12:16:40.227] [INFO] cheese - ::1 - - "GET /account/getCounts?patientId=p01&doctorId=doc01 HTTP/1.1" 200 33 "" "Mozilla/5.0 (Windows NT 10.0; Win64; x64) AppleWebKit/537.36 (KHTML, like Gecko) Chrome/57.0.2987.133 Safari/537.36"
[2017-04-20 12:17:35.057] [INFO] cheese - ::1 - - "GET /account/getCounts?patientId=p01&doctorId=doc01 HTTP/1.1" 200 33 "" "Mozilla/5.0 (Windows NT 10.0; Win64; x64) AppleWebKit/537.36 (KHTML, like Gecko) Chrome/57.0.2987.133 Safari/537.36"
[2017-04-20 12:19:13.731] [INFO] cheese - ::1 - - "GET /account/getCounts?patientId=p01&doctorId=doc01 HTTP/1.1" 200 12 "" "Mozilla/5.0 (Windows NT 10.0; Win64; x64) AppleWebKit/537.36 (KHTML, like Gecko) Chrome/57.0.2987.133 Safari/537.36"
[2017-04-20 12:19:15.140] [INFO] cheese - ::1 - - "GET /account/getCounts?patientId=p01&doctorId=doc01 HTTP/1.1" 200 12 "" "Mozilla/5.0 (Windows NT 10.0; Win64; x64) AppleWebKit/537.36 (KHTML, like Gecko) Chrome/57.0.2987.133 Safari/537.36"
[2017-04-20 12:22:13.497] [INFO] cheese - ::1 - - "GET /account/getCounts?patientId=p02&doctorId=doc01 HTTP/1.1" 200 13 "" "Mozilla/5.0 (Windows NT 10.0; Win64; x64) AppleWebKit/537.36 (KHTML, like Gecko) Chrome/57.0.2987.133 Safari/537.36"
[2017-04-20 12:34:04.026] [INFO] cheese - ::1 - - "GET /account/getCounts?patientId=p02&doctorId=doc01 HTTP/1.1" 200 12 "" "Mozilla/5.0 (Windows NT 10.0; Win64; x64) AppleWebKit/537.36 (KHTML, like Gecko) Chrome/57.0.2987.133 Safari/537.36"
[2017-04-20 12:34:05.100] [INFO] cheese - ::1 - - "GET /account/getCounts?patientId=p02&doctorId=doc01 HTTP/1.1" 200 12 "" "Mozilla/5.0 (Windows NT 10.0; Win64; x64) AppleWebKit/537.36 (KHTML, like Gecko) Chrome/57.0.2987.133 Safari/537.36"
[2017-04-20 12:34:05.854] [INFO] cheese - ::1 - - "GET /account/getCounts?patientId=p02&doctorId=doc01 HTTP/1.1" 200 12 "" "Mozilla/5.0 (Windows NT 10.0; Win64; x64) AppleWebKit/537.36 (KHTML, like Gecko) Chrome/57.0.2987.133 Safari/537.36"
[2017-04-20 12:40:27.417] [INFO] cheese - ::1 - - "POST /account/getCounts?patientId=p02&doctorId=doc01 HTTP/1.1" 200 13 "" "Mozilla/5.0 (Windows NT 10.0; Win64; x64) AppleWebKit/537.36 (KHTML, like Gecko) Chrome/57.0.2987.133 Safari/537.36"
[2017-04-20 12:40:40.124] [INFO] cheese - ::1 - - "POST /account/modifyCounts?patientId=p02&doctorId=doc01 HTTP/1.1" 200 13 "" "Mozilla/5.0 (Windows NT 10.0; Win64; x64) AppleWebKit/537.36 (KHTML, like Gecko) Chrome/57.0.2987.133 Safari/537.36"
[2017-04-20 12:41:15.235] [INFO] cheese - ::1 - - "GET /account/getCounts?patientId=p02&doctorId=doc01 HTTP/1.1" 200 2 "" "Mozilla/5.0 (Windows NT 10.0; Win64; x64) AppleWebKit/537.36 (KHTML, like Gecko) Chrome/57.0.2987.133 Safari/537.36"
[2017-04-20 12:41:43.532] [INFO] cheese - ::1 - - "GET /account/getCounts?patientId=p02&doctorId=doc01 HTTP/1.1" 200 2 "" "Mozilla/5.0 (Windows NT 10.0; Win64; x64) AppleWebKit/537.36 (KHTML, like Gecko) Chrome/57.0.2987.133 Safari/537.36"
[2017-04-20 12:41:44.614] [INFO] cheese - ::1 - - "GET /account/getCounts?patientId=p02&doctorId=doc01 HTTP/1.1" 200 2 "" "Mozilla/5.0 (Windows NT 10.0; Win64; x64) AppleWebKit/537.36 (KHTML, like Gecko) Chrome/57.0.2987.133 Safari/537.36"
[2017-04-20 12:41:56.533] [INFO] cheese - ::1 - - "GET /account/getCounts?patientId=p01&doctorId=doc01 HTTP/1.1" 200 2 "" "Mozilla/5.0 (Windows NT 10.0; Win64; x64) AppleWebKit/537.36 (KHTML, like Gecko) Chrome/57.0.2987.133 Safari/537.36"
[2017-04-20 12:44:36.217] [INFO] cheese - ::1 - - "GET /account/getCounts?patientId=p01&doctorId=doc01 HTTP/1.1" 200 2 "" "Mozilla/5.0 (Windows NT 10.0; Win64; x64) AppleWebKit/537.36 (KHTML, like Gecko) Chrome/57.0.2987.133 Safari/537.36"
[2017-04-20 12:44:44.190] [INFO] cheese - ::1 - - "GET /account/getCounts?patientId=p03&doctorId=doc01 HTTP/1.1" 200 33 "" "Mozilla/5.0 (Windows NT 10.0; Win64; x64) AppleWebKit/537.36 (KHTML, like Gecko) Chrome/57.0.2987.133 Safari/537.36"
[2017-04-20 12:45:00.818] [INFO] cheese - ::1 - - "GET /account/getCounts?patientId=ppost01&doctorId=doc01 HTTP/1.1" 200 2 "" "Mozilla/5.0 (Windows NT 10.0; Win64; x64) AppleWebKit/537.36 (KHTML, like Gecko) Chrome/57.0.2987.133 Safari/537.36"
[2017-04-20 12:45:24.905] [INFO] cheese - ::1 - - "GET /account/getCounts?patientId=ppost01&doctorId=doc01 HTTP/1.1" 200 13 "" "Mozilla/5.0 (Windows NT 10.0; Win64; x64) AppleWebKit/537.36 (KHTML, like Gecko) Chrome/57.0.2987.133 Safari/537.36"
[2017-04-20 12:45:29.084] [INFO] cheese - ::1 - - "GET /account/getCounts?patientId=ppost01&doctorId=doc01 HTTP/1.1" 200 13 "" "Mozilla/5.0 (Windows NT 10.0; Win64; x64) AppleWebKit/537.36 (KHTML, like Gecko) Chrome/57.0.2987.133 Safari/537.36"
[2017-04-20 12:45:30.221] [INFO] cheese - ::1 - - "GET /account/getCounts?patientId=ppost01&doctorId=doc01 HTTP/1.1" 200 13 "" "Mozilla/5.0 (Windows NT 10.0; Win64; x64) AppleWebKit/537.36 (KHTML, like Gecko) Chrome/57.0.2987.133 Safari/537.36"
[2017-04-20 12:46:11.583] [INFO] cheese - ::1 - - "GET /account/getCounts?patientId=ppost01&doctorId=doc01 HTTP/1.1" 200 2 "" "Mozilla/5.0 (Windows NT 10.0; Win64; x64) AppleWebKit/537.36 (KHTML, like Gecko) Chrome/57.0.2987.133 Safari/537.36"
[2017-04-20 12:46:26.221] [INFO] cheese - ::1 - - "POST /account/modifyCounts?patientId=p02&doctorId=doc01 HTTP/1.1" 200 13 "" "Mozilla/5.0 (Windows NT 10.0; Win64; x64) AppleWebKit/537.36 (KHTML, like Gecko) Chrome/57.0.2987.133 Safari/537.36"
[2017-04-20 12:46:27.583] [INFO] cheese - ::1 - - "POST /account/modifyCounts?patientId=p02&doctorId=doc01 HTTP/1.1" 200 13 "" "Mozilla/5.0 (Windows NT 10.0; Win64; x64) AppleWebKit/537.36 (KHTML, like Gecko) Chrome/57.0.2987.133 Safari/537.36"
[2017-04-20 12:46:39.126] [INFO] cheese - ::1 - - "POST /account/modifyCounts?patientId=p02&doctorId=doc01 HTTP/1.1" 200 2 "" "Mozilla/5.0 (Windows NT 10.0; Win64; x64) AppleWebKit/537.36 (KHTML, like Gecko) Chrome/57.0.2987.133 Safari/537.36"
[2017-04-20 12:47:23.351] [INFO] cheese - ::1 - - "POST /account/modifyCounts?patientId=p02&doctorId=doc01 HTTP/1.1" 200 12 "" "Mozilla/5.0 (Windows NT 10.0; Win64; x64) AppleWebKit/537.36 (KHTML, like Gecko) Chrome/57.0.2987.133 Safari/537.36"
[2017-04-20 12:47:25.992] [INFO] cheese - ::1 - - "GET /account/getCounts?patientId=ppost01&doctorId=doc01 HTTP/1.1" 200 12 "" "Mozilla/5.0 (Windows NT 10.0; Win64; x64) AppleWebKit/537.36 (KHTML, like Gecko) Chrome/57.0.2987.133 Safari/537.36"
[2017-04-20 12:47:43.907] [INFO] cheese - ::1 - - "GET /account/getCounts?patientId=ppost01&doctorId=doc01 HTTP/1.1" 200 12 "" "Mozilla/5.0 (Windows NT 10.0; Win64; x64) AppleWebKit/537.36 (KHTML, like Gecko) Chrome/57.0.2987.133 Safari/537.36"
[2017-04-20 12:47:45.868] [INFO] cheese - ::1 - - "GET /account/getCounts?patientId=ppost01&doctorId=doc01 HTTP/1.1" 200 12 "" "Mozilla/5.0 (Windows NT 10.0; Win64; x64) AppleWebKit/537.36 (KHTML, like Gecko) Chrome/57.0.2987.133 Safari/537.36"
[2017-04-20 12:47:46.753] [INFO] cheese - ::1 - - "GET /account/getCounts?patientId=ppost01&doctorId=doc01 HTTP/1.1" 200 12 "" "Mozilla/5.0 (Windows NT 10.0; Win64; x64) AppleWebKit/537.36 (KHTML, like Gecko) Chrome/57.0.2987.133 Safari/537.36"
[2017-04-20 13:51:07.164] [INFO] cheese - ::1 - - "POST /account/modifyCounts?patientId=p02&doctorId=doc01 HTTP/1.1" 200 33 "" "Mozilla/5.0 (Windows NT 10.0; Win64; x64) AppleWebKit/537.36 (KHTML, like Gecko) Chrome/57.0.2987.133 Safari/537.36"
[2017-04-20 13:51:30.699] [INFO] cheese - ::1 - - "POST /account/modifyCounts?patientId=p02&doctorId=doc01 HTTP/1.1" 200 33 "" "Mozilla/5.0 (Windows NT 10.0; Win64; x64) AppleWebKit/537.36 (KHTML, like Gecko) Chrome/57.0.2987.133 Safari/537.36"
[2017-04-20 13:51:42.672] [INFO] cheese - ::1 - - "GET /account/getCounts?patientId=ppost01&doctorId=doc01 HTTP/1.1" 200 12 "" "Mozilla/5.0 (Windows NT 10.0; Win64; x64) AppleWebKit/537.36 (KHTML, like Gecko) Chrome/57.0.2987.133 Safari/537.36"
[2017-04-20 13:51:44.072] [INFO] cheese - ::1 - - "GET /account/getCounts?patientId=ppost01&doctorId=doc01 HTTP/1.1" 200 12 "" "Mozilla/5.0 (Windows NT 10.0; Win64; x64) AppleWebKit/537.36 (KHTML, like Gecko) Chrome/57.0.2987.133 Safari/537.36"
[2017-04-20 13:51:55.036] [INFO] cheese - ::1 - - "POST /account/modifyCounts?patientId=ppost01&doctorId=doc01 HTTP/1.1" 200 33 "" "Mozilla/5.0 (Windows NT 10.0; Win64; x64) AppleWebKit/537.36 (KHTML, like Gecko) Chrome/57.0.2987.133 Safari/537.36"
[2017-04-20 13:51:56.436] [INFO] cheese - ::1 - - "POST /account/modifyCounts?patientId=ppost01&doctorId=doc01 HTTP/1.1" 200 33 "" "Mozilla/5.0 (Windows NT 10.0; Win64; x64) AppleWebKit/537.36 (KHTML, like Gecko) Chrome/57.0.2987.133 Safari/537.36"
[2017-04-20 13:52:29.726] [INFO] cheese - ::1 - - "POST /account/modifyCounts?patientId=ppost01&doctorId=doc01 HTTP/1.1" 200 178 "" "Mozilla/5.0 (Windows NT 10.0; Win64; x64) AppleWebKit/537.36 (KHTML, like Gecko) Chrome/57.0.2987.133 Safari/537.36"
[2017-04-20 13:53:06.946] [INFO] cheese - ::1 - - "POST /account/modifyCounts?patientId=ppost01&doctorId=doc01 HTTP/1.1" 200 178 "" "Mozilla/5.0 (Windows NT 10.0; Win64; x64) AppleWebKit/537.36 (KHTML, like Gecko) Chrome/57.0.2987.133 Safari/537.36"
[2017-04-20 13:53:08.679] [INFO] cheese - ::1 - - "POST /account/modifyCounts?patientId=ppost01&doctorId=doc01 HTTP/1.1" 200 178 "" "Mozilla/5.0 (Windows NT 10.0; Win64; x64) AppleWebKit/537.36 (KHTML, like Gecko) Chrome/57.0.2987.133 Safari/537.36"
[2017-04-20 13:53:10.263] [INFO] cheese - ::1 - - "POST /account/modifyCounts?patientId=ppost01&doctorId=doc01 HTTP/1.1" 200 53 "" "Mozilla/5.0 (Windows NT 10.0; Win64; x64) AppleWebKit/537.36 (KHTML, like Gecko) Chrome/57.0.2987.133 Safari/537.36"
[2017-04-20 13:53:22.784] [INFO] cheese - ::1 - - "POST /account/modifyCounts?patientId=ppost01&doctorId=doc01 HTTP/1.1" 200 69 "" "Mozilla/5.0 (Windows NT 10.0; Win64; x64) AppleWebKit/537.36 (KHTML, like Gecko) Chrome/57.0.2987.133 Safari/537.36"
[2017-04-20 13:53:51.050] [INFO] cheese - ::1 - - "POST /account/modifyCounts?patientId=ppost01&doctorId=doc01 HTTP/1.1" 200 69 "" "Mozilla/5.0 (Windows NT 10.0; Win64; x64) AppleWebKit/537.36 (KHTML, like Gecko) Chrome/57.0.2987.133 Safari/537.36"
[2017-04-20 13:55:34.161] [INFO] cheese - ::1 - - "POST /account/modifyCounts?patientId=ppost01&doctorId=doc01 HTTP/1.1" 200 58 "" "Mozilla/5.0 (Windows NT 10.0; Win64; x64) AppleWebKit/537.36 (KHTML, like Gecko) Chrome/57.0.2987.133 Safari/537.36"
[2017-04-20 13:57:54.982] [INFO] cheese - ::1 - - "POST /account/modifyCounts?patientId=ppost01&doctorId=doc01 HTTP/1.1" 200 178 "" "Mozilla/5.0 (Windows NT 10.0; Win64; x64) AppleWebKit/537.36 (KHTML, like Gecko) Chrome/57.0.2987.133 Safari/537.36"
[2017-04-20 14:00:16.911] [INFO] cheese - ::1 - - "POST /account/modifyCounts?patientId=ppost01&doctorId=doc01 HTTP/1.1" 200 58 "" "Mozilla/5.0 (Windows NT 10.0; Win64; x64) AppleWebKit/537.36 (KHTML, like Gecko) Chrome/57.0.2987.133 Safari/537.36"
[2017-04-20 14:02:18.070] [INFO] cheese - ::1 - - "POST /account/modifyCounts?patientId=ppost01&doctorId=doc01 HTTP/1.1" 200 178 "" "Mozilla/5.0 (Windows NT 10.0; Win64; x64) AppleWebKit/537.36 (KHTML, like Gecko) Chrome/57.0.2987.133 Safari/537.36"
[2017-04-20 14:02:30.926] [INFO] cheese - ::1 - - "POST /account/modifyCounts?patientId=ppost01&doctorId=doc01 HTTP/1.1" 200 58 "" "Mozilla/5.0 (Windows NT 10.0; Win64; x64) AppleWebKit/537.36 (KHTML, like Gecko) Chrome/57.0.2987.133 Safari/537.36"
[2017-04-20 14:06:11.898] [INFO] cheese - ::1 - - "POST /account/modifyCounts?patientId=ppost01&doctorId=doc01 HTTP/1.1" 200 69 "" "Mozilla/5.0 (Windows NT 10.0; Win64; x64) AppleWebKit/537.36 (KHTML, like Gecko) Chrome/57.0.2987.133 Safari/537.36"
[2017-04-20 14:06:25.025] [INFO] cheese - ::1 - - "POST /account/modifyCounts?patientId=ppost01&doctorId=doc01 HTTP/1.1" 200 69 "" "Mozilla/5.0 (Windows NT 10.0; Win64; x64) AppleWebKit/537.36 (KHTML, like Gecko) Chrome/57.0.2987.133 Safari/537.36"
[2017-04-20 14:13:13.336] [INFO] cheese - ::1 - - "POST /account/modifyCounts?patientId=ppost01&doctorId=doc01 HTTP/1.1" 200 178 "" "Mozilla/5.0 (Windows NT 10.0; Win64; x64) AppleWebKit/537.36 (KHTML, like Gecko) Chrome/57.0.2987.133 Safari/537.36"
[2017-04-20 14:13:37.238] [INFO] cheese - ::1 - - "POST /account/modifyCounts?patientId=ppost01&doctorId=doc01 HTTP/1.1" 200 58 "" "Mozilla/5.0 (Windows NT 10.0; Win64; x64) AppleWebKit/537.36 (KHTML, like Gecko) Chrome/57.0.2987.133 Safari/537.36"
[2017-04-20 14:14:01.983] [INFO] cheese - ::1 - - "POST /account/modifyCounts?patientId=ppost01&doctorId=doc01 HTTP/1.1" 200 69 "" "Mozilla/5.0 (Windows NT 10.0; Win64; x64) AppleWebKit/537.36 (KHTML, like Gecko) Chrome/57.0.2987.133 Safari/537.36"
[2017-04-20 14:14:19.728] [INFO] cheese - ::1 - - "POST /account/modifyCounts?patientId=ppost01&doctorId=doc01 HTTP/1.1" 200 58 "" "Mozilla/5.0 (Windows NT 10.0; Win64; x64) AppleWebKit/537.36 (KHTML, like Gecko) Chrome/57.0.2987.133 Safari/537.36"
[2017-04-20 14:20:13.699] [INFO] cheese - ::1 - - "POST /account/modifyCounts?patientId=ppost01&doctorId=doc01 HTTP/1.1" 200 69 "" "Mozilla/5.0 (Windows NT 10.0; Win64; x64) AppleWebKit/537.36 (KHTML, like Gecko) Chrome/57.0.2987.133 Safari/537.36"
[2017-04-20 14:20:37.982] [INFO] cheese - ::1 - - "POST /account/modifyCounts?patientId=ppost01&doctorId=doc01 HTTP/1.1" 200 69 "" "Mozilla/5.0 (Windows NT 10.0; Win64; x64) AppleWebKit/537.36 (KHTML, like Gecko) Chrome/57.0.2987.133 Safari/537.36"
[2017-04-20 14:21:51.068] [INFO] cheese - ::1 - - "POST /account/modifyCounts?patientId=ppost01&doctorId=doc01 HTTP/1.1" 200 69 "" "Mozilla/5.0 (Windows NT 10.0; Win64; x64) AppleWebKit/537.36 (KHTML, like Gecko) Chrome/57.0.2987.133 Safari/537.36"
[2017-04-20 14:22:06.519] [INFO] cheese - ::1 - - "POST /account/modifyCounts?patientId=ppost01&doctorId=doc01 HTTP/1.1" 200 69 "" "Mozilla/5.0 (Windows NT 10.0; Win64; x64) AppleWebKit/537.36 (KHTML, like Gecko) Chrome/57.0.2987.133 Safari/537.36"
[2017-04-20 14:22:57.385] [INFO] cheese - ::1 - - "POST /account/modifyCounts?patientId=ppost01&doctorId=doc01 HTTP/1.1" 200 69 "" "Mozilla/5.0 (Windows NT 10.0; Win64; x64) AppleWebKit/537.36 (KHTML, like Gecko) Chrome/57.0.2987.133 Safari/537.36"
[2017-04-20 14:22:58.570] [INFO] cheese - ::1 - - "POST /account/modifyCounts?patientId=ppost01&doctorId=doc01 HTTP/1.1" 200 69 "" "Mozilla/5.0 (Windows NT 10.0; Win64; x64) AppleWebKit/537.36 (KHTML, like Gecko) Chrome/57.0.2987.133 Safari/537.36"
[2017-04-20 14:22:59.435] [INFO] cheese - ::1 - - "POST /account/modifyCounts?patientId=ppost01&doctorId=doc01 HTTP/1.1" 200 69 "" "Mozilla/5.0 (Windows NT 10.0; Win64; x64) AppleWebKit/537.36 (KHTML, like Gecko) Chrome/57.0.2987.133 Safari/537.36"
[2017-04-20 14:23:17.978] [INFO] cheese - ::1 - - "POST /account/modifyCounts?patientId=ppost01&doctorId=doc01 HTTP/1.1" 200 69 "" "Mozilla/5.0 (Windows NT 10.0; Win64; x64) AppleWebKit/537.36 (KHTML, like Gecko) Chrome/57.0.2987.133 Safari/537.36"
[2017-04-20 14:23:18.601] [INFO] cheese - ::1 - - "POST /account/modifyCounts?patientId=ppost01&doctorId=doc01 HTTP/1.1" 200 69 "" "Mozilla/5.0 (Windows NT 10.0; Win64; x64) AppleWebKit/537.36 (KHTML, like Gecko) Chrome/57.0.2987.133 Safari/537.36"
[2017-04-20 14:23:19.258] [INFO] cheese - ::1 - - "POST /account/modifyCounts?patientId=ppost01&doctorId=doc01 HTTP/1.1" 200 69 "" "Mozilla/5.0 (Windows NT 10.0; Win64; x64) AppleWebKit/537.36 (KHTML, like Gecko) Chrome/57.0.2987.133 Safari/537.36"
[2017-04-20 14:25:12.606] [INFO] cheese - ::1 - - "POST /account/modifyCounts?patientId=ppost01&doctorId=doc01 HTTP/1.1" 200 69 "" "Mozilla/5.0 (Windows NT 10.0; Win64; x64) AppleWebKit/537.36 (KHTML, like Gecko) Chrome/57.0.2987.133 Safari/537.36"
[2017-04-20 14:25:13.450] [INFO] cheese - ::1 - - "POST /account/modifyCounts?patientId=ppost01&doctorId=doc01 HTTP/1.1" 200 69 "" "Mozilla/5.0 (Windows NT 10.0; Win64; x64) AppleWebKit/537.36 (KHTML, like Gecko) Chrome/57.0.2987.133 Safari/537.36"
[2017-04-20 14:25:14.083] [INFO] cheese - ::1 - - "POST /account/modifyCounts?patientId=ppost01&doctorId=doc01 HTTP/1.1" 200 69 "" "Mozilla/5.0 (Windows NT 10.0; Win64; x64) AppleWebKit/537.36 (KHTML, like Gecko) Chrome/57.0.2987.133 Safari/537.36"
[2017-04-20 14:25:39.989] [INFO] cheese - ::1 - - "POST /account/modifyCounts?patientId=ppost01&doctorId=doc01 HTTP/1.1" 200 69 "" "Mozilla/5.0 (Windows NT 10.0; Win64; x64) AppleWebKit/537.36 (KHTML, like Gecko) Chrome/57.0.2987.133 Safari/537.36"
[2017-04-20 14:25:41.588] [INFO] cheese - ::1 - - "POST /account/modifyCounts?patientId=ppost01&doctorId=doc01 HTTP/1.1" 200 69 "" "Mozilla/5.0 (Windows NT 10.0; Win64; x64) AppleWebKit/537.36 (KHTML, like Gecko) Chrome/57.0.2987.133 Safari/537.36"
[2017-04-20 14:25:42.310] [INFO] cheese - ::1 - - "POST /account/modifyCounts?patientId=ppost01&doctorId=doc01 HTTP/1.1" 200 69 "" "Mozilla/5.0 (Windows NT 10.0; Win64; x64) AppleWebKit/537.36 (KHTML, like Gecko) Chrome/57.0.2987.133 Safari/537.36"
[2017-04-20 14:26:35.643] [INFO] cheese - ::1 - - "POST /account/modifyCounts?patientId=ppost01&doctorId=doc01 HTTP/1.1" 200 69 "" "Mozilla/5.0 (Windows NT 10.0; Win64; x64) AppleWebKit/537.36 (KHTML, like Gecko) Chrome/57.0.2987.133 Safari/537.36"
[2017-04-20 14:26:46.508] [INFO] cheese - ::1 - - "POST /account/modifyCounts?patientId=ppost01&doctorId=doc01 HTTP/1.1" 200 69 "" "Mozilla/5.0 (Windows NT 10.0; Win64; x64) AppleWebKit/537.36 (KHTML, like Gecko) Chrome/57.0.2987.133 Safari/537.36"
[2017-04-20 14:27:30.928] [INFO] cheese - ::1 - - "POST /account/modifyCounts?patientId=ppost01&doctorId=doc01 HTTP/1.1" 200 69 "" "Mozilla/5.0 (Windows NT 10.0; Win64; x64) AppleWebKit/537.36 (KHTML, like Gecko) Chrome/57.0.2987.133 Safari/537.36"
[2017-04-20 14:27:31.988] [INFO] cheese - ::1 - - "POST /account/modifyCounts?patientId=ppost01&doctorId=doc01 HTTP/1.1" 200 69 "" "Mozilla/5.0 (Windows NT 10.0; Win64; x64) AppleWebKit/537.36 (KHTML, like Gecko) Chrome/57.0.2987.133 Safari/537.36"
[2017-04-20 14:27:32.683] [INFO] cheese - ::1 - - "POST /account/modifyCounts?patientId=ppost01&doctorId=doc01 HTTP/1.1" 200 69 "" "Mozilla/5.0 (Windows NT 10.0; Win64; x64) AppleWebKit/537.36 (KHTML, like Gecko) Chrome/57.0.2987.133 Safari/537.36"
[2017-04-20 14:30:31.993] [INFO] cheese - ::1 - - "POST /account/modifyCounts?patientId=ppost01&doctorId=doc01 HTTP/1.1" 200 58 "" "Mozilla/5.0 (Windows NT 10.0; Win64; x64) AppleWebKit/537.36 (KHTML, like Gecko) Chrome/57.0.2987.133 Safari/537.36"
[2017-04-20 14:31:00.314] [INFO] cheese - ::1 - - "POST /account/modifyCounts?patientId=ppost01&doctorId=doc01 HTTP/1.1" 200 69 "" "Mozilla/5.0 (Windows NT 10.0; Win64; x64) AppleWebKit/537.36 (KHTML, like Gecko) Chrome/57.0.2987.133 Safari/537.36"
[2017-04-20 14:42:45.052] [INFO] cheese - ::1 - - "POST /account/modifyCounts?patientId=ppost01&doctorId=doc01 HTTP/1.1" 200 58 "" "Mozilla/5.0 (Windows NT 10.0; Win64; x64) AppleWebKit/537.36 (KHTML, like Gecko) Chrome/57.0.2987.133 Safari/537.36"
[2017-04-20 14:43:45.319] [INFO] cheese - ::1 - - "POST /account/modifyCounts?patientId=ppost01&doctorId=doc01 HTTP/1.1" 200 58 "" "Mozilla/5.0 (Windows NT 10.0; Win64; x64) AppleWebKit/537.36 (KHTML, like Gecko) Chrome/57.0.2987.133 Safari/537.36"
[2017-04-20 14:44:40.302] [INFO] cheese - ::1 - - "POST /account/modifyCounts?patientId=ppost01&doctorId=doc01 HTTP/1.1" 200 69 "" "Mozilla/5.0 (Windows NT 10.0; Win64; x64) AppleWebKit/537.36 (KHTML, like Gecko) Chrome/57.0.2987.133 Safari/537.36"
[2017-04-20 14:44:41.314] [INFO] cheese - ::1 - - "POST /account/modifyCounts?patientId=ppost01&doctorId=doc01 HTTP/1.1" 200 69 "" "Mozilla/5.0 (Windows NT 10.0; Win64; x64) AppleWebKit/537.36 (KHTML, like Gecko) Chrome/57.0.2987.133 Safari/537.36"
[2017-04-20 14:44:42.041] [INFO] cheese - ::1 - - "POST /account/modifyCounts?patientId=ppost01&doctorId=doc01 HTTP/1.1" 200 69 "" "Mozilla/5.0 (Windows NT 10.0; Win64; x64) AppleWebKit/537.36 (KHTML, like Gecko) Chrome/57.0.2987.133 Safari/537.36"
[2017-04-20 14:44:56.413] [INFO] cheese - ::1 - - "POST /account/modifyCounts?patientId=ppost01&doctorId=doc01 HTTP/1.1" 200 58 "" "Mozilla/5.0 (Windows NT 10.0; Win64; x64) AppleWebKit/537.36 (KHTML, like Gecko) Chrome/57.0.2987.133 Safari/537.36"
[2017-04-20 14:45:05.876] [INFO] cheese - ::1 - - "POST /account/modifyCounts?patientId=ppost01&doctorId=doc01 HTTP/1.1" 200 69 "" "Mozilla/5.0 (Windows NT 10.0; Win64; x64) AppleWebKit/537.36 (KHTML, like Gecko) Chrome/57.0.2987.133 Safari/537.36"
[2017-04-20 14:45:06.341] [INFO] cheese - ::1 - - "POST /account/modifyCounts?patientId=ppost01&doctorId=doc01 HTTP/1.1" 200 69 "" "Mozilla/5.0 (Windows NT 10.0; Win64; x64) AppleWebKit/537.36 (KHTML, like Gecko) Chrome/57.0.2987.133 Safari/537.36"
[2017-04-20 14:45:22.506] [INFO] cheese - ::1 - - "POST /account/modifyCounts?patientId=ppost01&doctorId=doc01 HTTP/1.1" 200 26 "" "Mozilla/5.0 (Windows NT 10.0; Win64; x64) AppleWebKit/537.36 (KHTML, like Gecko) Chrome/57.0.2987.133 Safari/537.36"
[2017-04-20 14:45:27.978] [INFO] cheese - ::1 - - "POST /account/modifyCounts?patientId=ppost01&doctorId=doc01 HTTP/1.1" 200 208 "" "Mozilla/5.0 (Windows NT 10.0; Win64; x64) AppleWebKit/537.36 (KHTML, like Gecko) Chrome/57.0.2987.133 Safari/537.36"
[2017-04-20 14:45:32.710] [INFO] cheese - ::1 - - "POST /account/modifyCounts?patientId=ppost01&doctorId=doc01 HTTP/1.1" 200 208 "" "Mozilla/5.0 (Windows NT 10.0; Win64; x64) AppleWebKit/537.36 (KHTML, like Gecko) Chrome/57.0.2987.133 Safari/537.36"
[2017-04-20 14:45:33.541] [INFO] cheese - ::1 - - "POST /account/modifyCounts?patientId=ppost01&doctorId=doc01 HTTP/1.1" 200 208 "" "Mozilla/5.0 (Windows NT 10.0; Win64; x64) AppleWebKit/537.36 (KHTML, like Gecko) Chrome/57.0.2987.133 Safari/537.36"
[2017-04-20 14:45:34.579] [INFO] cheese - ::1 - - "POST /account/modifyCounts?patientId=ppost01&doctorId=doc01 HTTP/1.1" 200 69 "" "Mozilla/5.0 (Windows NT 10.0; Win64; x64) AppleWebKit/537.36 (KHTML, like Gecko) Chrome/57.0.2987.133 Safari/537.36"
[2017-04-20 14:45:35.871] [INFO] cheese - ::1 - - "POST /account/modifyCounts?patientId=ppost01&doctorId=doc01 HTTP/1.1" 200 69 "" "Mozilla/5.0 (Windows NT 10.0; Win64; x64) AppleWebKit/537.36 (KHTML, like Gecko) Chrome/57.0.2987.133 Safari/537.36"
[2017-04-20 14:45:36.563] [INFO] cheese - ::1 - - "POST /account/modifyCounts?patientId=ppost01&doctorId=doc01 HTTP/1.1" 200 69 "" "Mozilla/5.0 (Windows NT 10.0; Win64; x64) AppleWebKit/537.36 (KHTML, like Gecko) Chrome/57.0.2987.133 Safari/537.36"
[2017-04-20 14:45:37.166] [INFO] cheese - ::1 - - "POST /account/modifyCounts?patientId=ppost01&doctorId=doc01 HTTP/1.1" 200 69 "" "Mozilla/5.0 (Windows NT 10.0; Win64; x64) AppleWebKit/537.36 (KHTML, like Gecko) Chrome/57.0.2987.133 Safari/537.36"
[2017-04-20 14:45:37.737] [INFO] cheese - ::1 - - "POST /account/modifyCounts?patientId=ppost01&doctorId=doc01 HTTP/1.1" 200 69 "" "Mozilla/5.0 (Windows NT 10.0; Win64; x64) AppleWebKit/537.36 (KHTML, like Gecko) Chrome/57.0.2987.133 Safari/537.36"
[2017-04-20 14:46:10.397] [INFO] cheese - ::1 - - "POST /account/modifyCounts?patientId=ppost01&doctorId=doc01 HTTP/1.1" 200 58 "" "Mozilla/5.0 (Windows NT 10.0; Win64; x64) AppleWebKit/537.36 (KHTML, like Gecko) Chrome/57.0.2987.133 Safari/537.36"
[2017-04-20 14:46:11.043] [INFO] cheese - ::1 - - "POST /account/modifyCounts?patientId=ppost01&doctorId=doc01 HTTP/1.1" 200 69 "" "Mozilla/5.0 (Windows NT 10.0; Win64; x64) AppleWebKit/537.36 (KHTML, like Gecko) Chrome/57.0.2987.133 Safari/537.36"
[2017-04-20 14:46:11.674] [INFO] cheese - ::1 - - "POST /account/modifyCounts?patientId=ppost01&doctorId=doc01 HTTP/1.1" 200 69 "" "Mozilla/5.0 (Windows NT 10.0; Win64; x64) AppleWebKit/537.36 (KHTML, like Gecko) Chrome/57.0.2987.133 Safari/537.36"
[2017-04-20 14:46:21.967] [INFO] cheese - ::1 - - "POST /account/modifyCounts?patientId=ppost01&doctorId=doc01 HTTP/1.1" 200 208 "" "Mozilla/5.0 (Windows NT 10.0; Win64; x64) AppleWebKit/537.36 (KHTML, like Gecko) Chrome/57.0.2987.133 Safari/537.36"
[2017-04-20 14:46:30.274] [INFO] cheese - ::1 - - "POST /account/modifyCounts?patientId=ppost01&doctorId=doc01 HTTP/1.1" 200 208 "" "Mozilla/5.0 (Windows NT 10.0; Win64; x64) AppleWebKit/537.36 (KHTML, like Gecko) Chrome/57.0.2987.133 Safari/537.36"
[2017-04-20 14:46:30.731] [INFO] cheese - ::1 - - "POST /account/modifyCounts?patientId=ppost01&doctorId=doc01 HTTP/1.1" 200 208 "" "Mozilla/5.0 (Windows NT 10.0; Win64; x64) AppleWebKit/537.36 (KHTML, like Gecko) Chrome/57.0.2987.133 Safari/537.36"
[2017-04-20 14:46:37.546] [INFO] cheese - ::1 - - "POST /account/modifyCounts?patientId=ppost01&doctorId=doc01 HTTP/1.1" 200 69 "" "Mozilla/5.0 (Windows NT 10.0; Win64; x64) AppleWebKit/537.36 (KHTML, like Gecko) Chrome/57.0.2987.133 Safari/537.36"
[2017-04-20 14:46:38.001] [INFO] cheese - ::1 - - "POST /account/modifyCounts?patientId=ppost01&doctorId=doc01 HTTP/1.1" 200 69 "" "Mozilla/5.0 (Windows NT 10.0; Win64; x64) AppleWebKit/537.36 (KHTML, like Gecko) Chrome/57.0.2987.133 Safari/537.36"
[2017-04-20 14:46:38.551] [INFO] cheese - ::1 - - "POST /account/modifyCounts?patientId=ppost01&doctorId=doc01 HTTP/1.1" 200 69 "" "Mozilla/5.0 (Windows NT 10.0; Win64; x64) AppleWebKit/537.36 (KHTML, like Gecko) Chrome/57.0.2987.133 Safari/537.36"
[2017-04-20 14:48:08.394] [INFO] cheese - ::1 - - "POST /account/modifyCounts?patientId=ppost01&doctorId=doc01 HTTP/1.1" 200 69 "" "Mozilla/5.0 (Windows NT 10.0; Win64; x64) AppleWebKit/537.36 (KHTML, like Gecko) Chrome/57.0.2987.133 Safari/537.36"
[2017-04-20 14:48:08.874] [INFO] cheese - ::1 - - "POST /account/modifyCounts?patientId=ppost01&doctorId=doc01 HTTP/1.1" 200 69 "" "Mozilla/5.0 (Windows NT 10.0; Win64; x64) AppleWebKit/537.36 (KHTML, like Gecko) Chrome/57.0.2987.133 Safari/537.36"
[2017-04-20 14:48:09.431] [INFO] cheese - ::1 - - "POST /account/modifyCounts?patientId=ppost01&doctorId=doc01 HTTP/1.1" 200 69 "" "Mozilla/5.0 (Windows NT 10.0; Win64; x64) AppleWebKit/537.36 (KHTML, like Gecko) Chrome/57.0.2987.133 Safari/537.36"
[2017-04-20 14:48:09.909] [INFO] cheese - ::1 - - "POST /account/modifyCounts?patientId=ppost01&doctorId=doc01 HTTP/1.1" 200 69 "" "Mozilla/5.0 (Windows NT 10.0; Win64; x64) AppleWebKit/537.36 (KHTML, like Gecko) Chrome/57.0.2987.133 Safari/537.36"
[2017-04-20 14:48:10.368] [INFO] cheese - ::1 - - "POST /account/modifyCounts?patientId=ppost01&doctorId=doc01 HTTP/1.1" 200 69 "" "Mozilla/5.0 (Windows NT 10.0; Win64; x64) AppleWebKit/537.36 (KHTML, like Gecko) Chrome/57.0.2987.133 Safari/537.36"
[2017-04-20 14:48:10.844] [INFO] cheese - ::1 - - "POST /account/modifyCounts?patientId=ppost01&doctorId=doc01 HTTP/1.1" 200 69 "" "Mozilla/5.0 (Windows NT 10.0; Win64; x64) AppleWebKit/537.36 (KHTML, like Gecko) Chrome/57.0.2987.133 Safari/537.36"
[2017-04-20 14:48:11.385] [INFO] cheese - ::1 - - "POST /account/modifyCounts?patientId=ppost01&doctorId=doc01 HTTP/1.1" 200 53 "" "Mozilla/5.0 (Windows NT 10.0; Win64; x64) AppleWebKit/537.36 (KHTML, like Gecko) Chrome/57.0.2987.133 Safari/537.36"
[2017-04-20 14:48:11.832] [INFO] cheese - ::1 - - "POST /account/modifyCounts?patientId=ppost01&doctorId=doc01 HTTP/1.1" 200 53 "" "Mozilla/5.0 (Windows NT 10.0; Win64; x64) AppleWebKit/537.36 (KHTML, like Gecko) Chrome/57.0.2987.133 Safari/537.36"
[2017-04-20 14:48:13.030] [INFO] cheese - ::1 - - "POST /account/modifyCounts?patientId=ppost01&doctorId=doc01 HTTP/1.1" 200 53 "" "Mozilla/5.0 (Windows NT 10.0; Win64; x64) AppleWebKit/537.36 (KHTML, like Gecko) Chrome/57.0.2987.133 Safari/537.36"
[2017-04-20 14:48:13.576] [INFO] cheese - ::1 - - "POST /account/modifyCounts?patientId=ppost01&doctorId=doc01 HTTP/1.1" 200 53 "" "Mozilla/5.0 (Windows NT 10.0; Win64; x64) AppleWebKit/537.36 (KHTML, like Gecko) Chrome/57.0.2987.133 Safari/537.36"
[2017-04-20 14:48:52.295] [INFO] cheese - ::1 - - "POST /account/modifyCounts?patientId=p01&doctorId=doc01 HTTP/1.1" 200 58 "" "Mozilla/5.0 (Windows NT 10.0; Win64; x64) AppleWebKit/537.36 (KHTML, like Gecko) Chrome/57.0.2987.133 Safari/537.36"
[2017-04-20 14:48:53.363] [INFO] cheese - ::1 - - "POST /account/modifyCounts?patientId=p01&doctorId=doc01 HTTP/1.1" 200 174 "" "Mozilla/5.0 (Windows NT 10.0; Win64; x64) AppleWebKit/537.36 (KHTML, like Gecko) Chrome/57.0.2987.133 Safari/537.36"
[2017-04-20 14:48:55.899] [INFO] cheese - ::1 - - "POST /account/modifyCounts?patientId=p01&doctorId=doc01 HTTP/1.1" 200 174 "" "Mozilla/5.0 (Windows NT 10.0; Win64; x64) AppleWebKit/537.36 (KHTML, like Gecko) Chrome/57.0.2987.133 Safari/537.36"
[2017-04-20 14:48:56.728] [INFO] cheese - ::1 - - "POST /account/modifyCounts?patientId=p01&doctorId=doc01 HTTP/1.1" 200 53 "" "Mozilla/5.0 (Windows NT 10.0; Win64; x64) AppleWebKit/537.36 (KHTML, like Gecko) Chrome/57.0.2987.133 Safari/537.36"
[2017-04-20 14:50:14.239] [INFO] cheese - ::1 - - "POST /account/modifyCounts HTTP/1.1" 200 53 "" "Mozilla/5.0 (Windows NT 10.0; Win64; x64) AppleWebKit/537.36 (KHTML, like Gecko) Chrome/57.0.2987.133 Safari/537.36"
[2017-04-20 14:50:24.665] [INFO] cheese - ::1 - - "POST /account/modifyCounts HTTP/1.1" 200 58 "" "Mozilla/5.0 (Windows NT 10.0; Win64; x64) AppleWebKit/537.36 (KHTML, like Gecko) Chrome/57.0.2987.133 Safari/537.36"
[2017-04-20 14:50:25.617] [INFO] cheese - ::1 - - "POST /account/modifyCounts HTTP/1.1" 200 174 "" "Mozilla/5.0 (Windows NT 10.0; Win64; x64) AppleWebKit/537.36 (KHTML, like Gecko) Chrome/57.0.2987.133 Safari/537.36"
[2017-04-20 14:50:27.079] [INFO] cheese - ::1 - - "POST /account/modifyCounts HTTP/1.1" 200 174 "" "Mozilla/5.0 (Windows NT 10.0; Win64; x64) AppleWebKit/537.36 (KHTML, like Gecko) Chrome/57.0.2987.133 Safari/537.36"
[2017-04-20 14:50:27.845] [INFO] cheese - ::1 - - "POST /account/modifyCounts HTTP/1.1" 200 53 "" "Mozilla/5.0 (Windows NT 10.0; Win64; x64) AppleWebKit/537.36 (KHTML, like Gecko) Chrome/57.0.2987.133 Safari/537.36"
[2017-04-20 14:50:33.103] [INFO] cheese - ::1 - - "POST /account/modifyCounts HTTP/1.1" 200 69 "" "Mozilla/5.0 (Windows NT 10.0; Win64; x64) AppleWebKit/537.36 (KHTML, like Gecko) Chrome/57.0.2987.133 Safari/537.36"
[2017-04-20 14:50:33.633] [INFO] cheese - ::1 - - "POST /account/modifyCounts HTTP/1.1" 200 69 "" "Mozilla/5.0 (Windows NT 10.0; Win64; x64) AppleWebKit/537.36 (KHTML, like Gecko) Chrome/57.0.2987.133 Safari/537.36"
[2017-04-20 14:50:38.500] [INFO] cheese - ::1 - - "POST /account/modifyCounts HTTP/1.1" 200 69 "" "Mozilla/5.0 (Windows NT 10.0; Win64; x64) AppleWebKit/537.36 (KHTML, like Gecko) Chrome/57.0.2987.133 Safari/537.36"
[2017-04-20 14:50:39.578] [INFO] cheese - ::1 - - "POST /account/modifyCounts HTTP/1.1" 200 69 "" "Mozilla/5.0 (Windows NT 10.0; Win64; x64) AppleWebKit/537.36 (KHTML, like Gecko) Chrome/57.0.2987.133 Safari/537.36"
[2017-04-20 14:50:40.358] [INFO] cheese - ::1 - - "POST /account/modifyCounts HTTP/1.1" 200 69 "" "Mozilla/5.0 (Windows NT 10.0; Win64; x64) AppleWebKit/537.36 (KHTML, like Gecko) Chrome/57.0.2987.133 Safari/537.36"
[2017-04-20 14:50:41.214] [INFO] cheese - ::1 - - "POST /account/modifyCounts HTTP/1.1" 200 69 "" "Mozilla/5.0 (Windows NT 10.0; Win64; x64) AppleWebKit/537.36 (KHTML, like Gecko) Chrome/57.0.2987.133 Safari/537.36"
[2017-04-20 14:50:41.937] [INFO] cheese - ::1 - - "POST /account/modifyCounts HTTP/1.1" 200 69 "" "Mozilla/5.0 (Windows NT 10.0; Win64; x64) AppleWebKit/537.36 (KHTML, like Gecko) Chrome/57.0.2987.133 Safari/537.36"
[2017-04-20 14:50:42.549] [INFO] cheese - ::1 - - "POST /account/modifyCounts HTTP/1.1" 200 69 "" "Mozilla/5.0 (Windows NT 10.0; Win64; x64) AppleWebKit/537.36 (KHTML, like Gecko) Chrome/57.0.2987.133 Safari/537.36"
[2017-04-20 14:50:43.259] [INFO] cheese - ::1 - - "POST /account/modifyCounts HTTP/1.1" 200 69 "" "Mozilla/5.0 (Windows NT 10.0; Win64; x64) AppleWebKit/537.36 (KHTML, like Gecko) Chrome/57.0.2987.133 Safari/537.36"
[2017-04-20 14:50:43.923] [INFO] cheese - ::1 - - "POST /account/modifyCounts HTTP/1.1" 200 69 "" "Mozilla/5.0 (Windows NT 10.0; Win64; x64) AppleWebKit/537.36 (KHTML, like Gecko) Chrome/57.0.2987.133 Safari/537.36"
[2017-04-20 14:50:44.564] [INFO] cheese - ::1 - - "POST /account/modifyCounts HTTP/1.1" 200 69 "" "Mozilla/5.0 (Windows NT 10.0; Win64; x64) AppleWebKit/537.36 (KHTML, like Gecko) Chrome/57.0.2987.133 Safari/537.36"
[2017-04-20 14:50:45.219] [INFO] cheese - ::1 - - "POST /account/modifyCounts HTTP/1.1" 200 69 "" "Mozilla/5.0 (Windows NT 10.0; Win64; x64) AppleWebKit/537.36 (KHTML, like Gecko) Chrome/57.0.2987.133 Safari/537.36"
[2017-04-20 14:50:45.781] [INFO] cheese - ::1 - - "POST /account/modifyCounts HTTP/1.1" 200 69 "" "Mozilla/5.0 (Windows NT 10.0; Win64; x64) AppleWebKit/537.36 (KHTML, like Gecko) Chrome/57.0.2987.133 Safari/537.36"
[2017-04-20 14:50:46.350] [INFO] cheese - ::1 - - "POST /account/modifyCounts HTTP/1.1" 200 69 "" "Mozilla/5.0 (Windows NT 10.0; Win64; x64) AppleWebKit/537.36 (KHTML, like Gecko) Chrome/57.0.2987.133 Safari/537.36"
[2017-04-20 14:50:47.020] [INFO] cheese - ::1 - - "POST /account/modifyCounts HTTP/1.1" 200 69 "" "Mozilla/5.0 (Windows NT 10.0; Win64; x64) AppleWebKit/537.36 (KHTML, like Gecko) Chrome/57.0.2987.133 Safari/537.36"
[2017-04-20 14:50:47.633] [INFO] cheese - ::1 - - "POST /account/modifyCounts HTTP/1.1" 200 69 "" "Mozilla/5.0 (Windows NT 10.0; Win64; x64) AppleWebKit/537.36 (KHTML, like Gecko) Chrome/57.0.2987.133 Safari/537.36"
[2017-04-20 14:51:05.812] [INFO] cheese - ::1 - - "POST /account/modifyCounts HTTP/1.1" 200 69 "" "Mozilla/5.0 (Windows NT 10.0; Win64; x64) AppleWebKit/537.36 (KHTML, like Gecko) Chrome/57.0.2987.133 Safari/537.36"
[2017-04-20 14:51:06.553] [INFO] cheese - ::1 - - "POST /account/modifyCounts HTTP/1.1" 200 69 "" "Mozilla/5.0 (Windows NT 10.0; Win64; x64) AppleWebKit/537.36 (KHTML, like Gecko) Chrome/57.0.2987.133 Safari/537.36"
[2017-04-20 14:51:07.205] [INFO] cheese - ::1 - - "POST /account/modifyCounts HTTP/1.1" 200 69 "" "Mozilla/5.0 (Windows NT 10.0; Win64; x64) AppleWebKit/537.36 (KHTML, like Gecko) Chrome/57.0.2987.133 Safari/537.36"
[2017-04-20 14:51:07.845] [INFO] cheese - ::1 - - "POST /account/modifyCounts HTTP/1.1" 200 69 "" "Mozilla/5.0 (Windows NT 10.0; Win64; x64) AppleWebKit/537.36 (KHTML, like Gecko) Chrome/57.0.2987.133 Safari/537.36"
[2017-04-20 14:51:08.491] [INFO] cheese - ::1 - - "POST /account/modifyCounts HTTP/1.1" 200 69 "" "Mozilla/5.0 (Windows NT 10.0; Win64; x64) AppleWebKit/537.36 (KHTML, like Gecko) Chrome/57.0.2987.133 Safari/537.36"
[2017-04-20 14:51:09.103] [INFO] cheese - ::1 - - "POST /account/modifyCounts HTTP/1.1" 200 69 "" "Mozilla/5.0 (Windows NT 10.0; Win64; x64) AppleWebKit/537.36 (KHTML, like Gecko) Chrome/57.0.2987.133 Safari/537.36"
[2017-04-20 14:51:09.679] [INFO] cheese - ::1 - - "POST /account/modifyCounts HTTP/1.1" 200 53 "" "Mozilla/5.0 (Windows NT 10.0; Win64; x64) AppleWebKit/537.36 (KHTML, like Gecko) Chrome/57.0.2987.133 Safari/537.36"
[2017-04-20 14:51:10.305] [INFO] cheese - ::1 - - "POST /account/modifyCounts HTTP/1.1" 200 53 "" "Mozilla/5.0 (Windows NT 10.0; Win64; x64) AppleWebKit/537.36 (KHTML, like Gecko) Chrome/57.0.2987.133 Safari/537.36"
[2017-04-20 14:51:20.015] [INFO] cheese - ::1 - - "POST /account/modifyCounts HTTP/1.1" 200 53 "" "Mozilla/5.0 (Windows NT 10.0; Win64; x64) AppleWebKit/537.36 (KHTML, like Gecko) Chrome/57.0.2987.133 Safari/537.36"
[2017-04-20 14:52:03.539] [INFO] cheese - ::1 - - "POST /account/modifyCounts HTTP/1.1" 200 53 "" "Mozilla/5.0 (Windows NT 10.0; Win64; x64) AppleWebKit/537.36 (KHTML, like Gecko) Chrome/57.0.2987.133 Safari/537.36"
[2017-04-20 14:52:21.683] [INFO] cheese - ::1 - - "POST /account/modifyCounts HTTP/1.1" 200 69 "" "Mozilla/5.0 (Windows NT 10.0; Win64; x64) AppleWebKit/537.36 (KHTML, like Gecko) Chrome/57.0.2987.133 Safari/537.36"
[2017-04-20 14:52:22.328] [INFO] cheese - ::1 - - "POST /account/modifyCounts HTTP/1.1" 200 69 "" "Mozilla/5.0 (Windows NT 10.0; Win64; x64) AppleWebKit/537.36 (KHTML, like Gecko) Chrome/57.0.2987.133 Safari/537.36"
[2017-04-20 14:52:22.903] [INFO] cheese - ::1 - - "POST /account/modifyCounts HTTP/1.1" 200 69 "" "Mozilla/5.0 (Windows NT 10.0; Win64; x64) AppleWebKit/537.36 (KHTML, like Gecko) Chrome/57.0.2987.133 Safari/537.36"
[2017-04-20 14:59:15.648] [INFO] cheese - ::1 - - "POST /account/modifyCounts HTTP/1.1" 200 33 "" "Mozilla/5.0 (Windows NT 10.0; Win64; x64) AppleWebKit/537.36 (KHTML, like Gecko) Chrome/57.0.2987.133 Safari/537.36"
[2017-04-20 14:59:16.517] [INFO] cheese - ::1 - - "POST /account/modifyCounts HTTP/1.1" 200 33 "" "Mozilla/5.0 (Windows NT 10.0; Win64; x64) AppleWebKit/537.36 (KHTML, like Gecko) Chrome/57.0.2987.133 Safari/537.36"
[2017-04-20 14:59:17.252] [INFO] cheese - ::1 - - "POST /account/modifyCounts HTTP/1.1" 200 33 "" "Mozilla/5.0 (Windows NT 10.0; Win64; x64) AppleWebKit/537.36 (KHTML, like Gecko) Chrome/57.0.2987.133 Safari/537.36"
[2017-04-20 14:59:21.840] [INFO] cheese - ::1 - - "POST /account/modifyCounts HTTP/1.1" 200 33 "" "Mozilla/5.0 (Windows NT 10.0; Win64; x64) AppleWebKit/537.36 (KHTML, like Gecko) Chrome/57.0.2987.133 Safari/537.36"
[2017-04-20 14:59:38.297] [INFO] cheese - ::1 - - "POST /account/modifyCounts HTTP/1.1" 200 58 "" "Mozilla/5.0 (Windows NT 10.0; Win64; x64) AppleWebKit/537.36 (KHTML, like Gecko) Chrome/57.0.2987.133 Safari/537.36"
[2017-04-20 14:59:40.887] [INFO] cheese - ::1 - - "POST /account/modifyCounts HTTP/1.1" 200 178 "" "Mozilla/5.0 (Windows NT 10.0; Win64; x64) AppleWebKit/537.36 (KHTML, like Gecko) Chrome/57.0.2987.133 Safari/537.36"
[2017-04-20 14:59:42.613] [INFO] cheese - ::1 - - "POST /account/modifyCounts HTTP/1.1" 200 178 "" "Mozilla/5.0 (Windows NT 10.0; Win64; x64) AppleWebKit/537.36 (KHTML, like Gecko) Chrome/57.0.2987.133 Safari/537.36"
[2017-04-20 14:59:43.450] [INFO] cheese - ::1 - - "POST /account/modifyCounts HTTP/1.1" 200 53 "" "Mozilla/5.0 (Windows NT 10.0; Win64; x64) AppleWebKit/537.36 (KHTML, like Gecko) Chrome/57.0.2987.133 Safari/537.36"
[2017-04-20 15:05:00.849] [INFO] cheese - ::1 - - "GET /counsel/getCounsels?userId=doc01&status=1 HTTP/1.1" 200 1612 "" "Mozilla/5.0 (Windows NT 10.0; Win64; x64) AppleWebKit/537.36 (KHTML, like Gecko) Chrome/57.0.2987.133 Safari/537.36"
[2017-04-20 15:05:02.133] [INFO] cheese - ::1 - - "GET /counsel/getCounsels?userId=doc01&status=1 HTTP/1.1" 200 1612 "" "Mozilla/5.0 (Windows NT 10.0; Win64; x64) AppleWebKit/537.36 (KHTML, like Gecko) Chrome/57.0.2987.133 Safari/537.36"
[2017-04-20 15:05:02.854] [INFO] cheese - ::1 - - "GET /counsel/getCounsels?userId=doc01&status=1 HTTP/1.1" 200 1612 "" "Mozilla/5.0 (Windows NT 10.0; Win64; x64) AppleWebKit/537.36 (KHTML, like Gecko) Chrome/57.0.2987.133 Safari/537.36"
[2017-04-20 15:05:03.554] [INFO] cheese - ::1 - - "GET /counsel/getCounsels?userId=doc01&status=1 HTTP/1.1" 200 1612 "" "Mozilla/5.0 (Windows NT 10.0; Win64; x64) AppleWebKit/537.36 (KHTML, like Gecko) Chrome/57.0.2987.133 Safari/537.36"
[2017-04-20 15:05:11.158] [INFO] cheese - ::1 - - "GET /counsel/getCounsels?userId=doc01 HTTP/1.1" 200 18789 "" "Mozilla/5.0 (Windows NT 10.0; Win64; x64) AppleWebKit/537.36 (KHTML, like Gecko) Chrome/57.0.2987.133 Safari/537.36"
[2017-04-20 15:05:19.103] [INFO] cheese - ::1 - - "GET /counsel/getCounsels?userId=doc01&type=1 HTTP/1.1" 200 1867 "" "Mozilla/5.0 (Windows NT 10.0; Win64; x64) AppleWebKit/537.36 (KHTML, like Gecko) Chrome/57.0.2987.133 Safari/537.36"
[2017-04-20 15:09:44.648] [INFO] cheese - ::1 - - "GET /counsel/getCounsels?userId=doc01&type=1 HTTP/1.1" 200 1905 "" "Mozilla/5.0 (Windows NT 10.0; Win64; x64) AppleWebKit/537.36 (KHTML, like Gecko) Chrome/57.0.2987.133 Safari/537.36"
[2017-04-20 15:50:20.163] [INFO] cheese - ::1 - - "GET /counsel/getStatus?doctorId=doc01&patientId=p01&type=1 HTTP/1.1" 200 464 "" "Mozilla/5.0 (Windows NT 10.0; Win64; x64) AppleWebKit/537.36 (KHTML, like Gecko) Chrome/57.0.2987.133 Safari/537.36"
[2017-04-20 15:53:26.860] [INFO] cheese - ::1 - - "GET /counsel/getStatus?doctorId=doc01&patientId=p01&type=1 HTTP/1.1" 200 464 "" "Mozilla/5.0 (Windows NT 10.0; Win64; x64) AppleWebKit/537.36 (KHTML, like Gecko) Chrome/57.0.2987.133 Safari/537.36"
[2017-04-20 15:53:27.776] [INFO] cheese - ::1 - - "GET /counsel/getStatus?doctorId=doc01&patientId=p01&type=1 HTTP/1.1" 200 464 "" "Mozilla/5.0 (Windows NT 10.0; Win64; x64) AppleWebKit/537.36 (KHTML, like Gecko) Chrome/57.0.2987.133 Safari/537.36"
[2017-04-20 15:53:30.252] [INFO] cheese - ::1 - - "POST /counsel/changeStatus HTTP/1.1" 200 32 "" "Mozilla/5.0 (Windows NT 10.0; Win64; x64) AppleWebKit/537.36 (KHTML, like Gecko) Chrome/57.0.2987.133 Safari/537.36"
[2017-04-20 15:53:37.998] [INFO] cheese - ::1 - - "POST /counsel/changeStatus HTTP/1.1" 200 800 "" "Mozilla/5.0 (Windows NT 10.0; Win64; x64) AppleWebKit/537.36 (KHTML, like Gecko) Chrome/57.0.2987.133 Safari/537.36"
[2017-04-20 15:53:51.469] [INFO] cheese - ::1 - - "POST /counsel/changeStatus HTTP/1.1" 200 464 "" "Mozilla/5.0 (Windows NT 10.0; Win64; x64) AppleWebKit/537.36 (KHTML, like Gecko) Chrome/57.0.2987.133 Safari/537.36"
[2017-04-20 15:57:38.960] [INFO] cheese - ::1 - - "GET /counsel/getStatus?doctorId=doc01&patientId=p01&type=1 HTTP/1.1" 200 464 "" "Mozilla/5.0 (Windows NT 10.0; Win64; x64) AppleWebKit/537.36 (KHTML, like Gecko) Chrome/57.0.2987.133 Safari/537.36"
[2017-04-20 15:58:23.496] [INFO] cheese - ::1 - - "GET /counsel/getStatus?doctorId=doc01&patientId=p01&type=1 HTTP/1.1" 200 464 "" "Mozilla/5.0 (Windows NT 10.0; Win64; x64) AppleWebKit/537.36 (KHTML, like Gecko) Chrome/57.0.2987.133 Safari/537.36"
[2017-04-20 15:58:24.437] [INFO] cheese - ::1 - - "GET /counsel/getStatus?doctorId=doc01&patientId=p01&type=1 HTTP/1.1" 200 464 "" "Mozilla/5.0 (Windows NT 10.0; Win64; x64) AppleWebKit/537.36 (KHTML, like Gecko) Chrome/57.0.2987.133 Safari/537.36"
[2017-04-20 15:58:25.479] [INFO] cheese - ::1 - - "GET /counsel/getStatus?doctorId=doc01&patientId=p01&type=1 HTTP/1.1" 200 464 "" "Mozilla/5.0 (Windows NT 10.0; Win64; x64) AppleWebKit/537.36 (KHTML, like Gecko) Chrome/57.0.2987.133 Safari/537.36"
[2017-04-20 15:58:27.423] [INFO] cheese - ::1 - - "POST /counsel/changeStatus HTTP/1.1" 200 464 "" "Mozilla/5.0 (Windows NT 10.0; Win64; x64) AppleWebKit/537.36 (KHTML, like Gecko) Chrome/57.0.2987.133 Safari/537.36"
[2017-04-20 15:58:29.338] [INFO] cheese - ::1 - - "POST /counsel/changeStatus HTTP/1.1" 200 464 "" "Mozilla/5.0 (Windows NT 10.0; Win64; x64) AppleWebKit/537.36 (KHTML, like Gecko) Chrome/57.0.2987.133 Safari/537.36"
[2017-04-20 15:58:30.115] [INFO] cheese - ::1 - - "POST /counsel/changeStatus HTTP/1.1" 200 464 "" "Mozilla/5.0 (Windows NT 10.0; Win64; x64) AppleWebKit/537.36 (KHTML, like Gecko) Chrome/57.0.2987.133 Safari/537.36"
[2017-04-20 15:59:12.940] [INFO] cheese - ::1 - - "POST /counsel/changeStatus HTTP/1.1" 200 800 "" "Mozilla/5.0 (Windows NT 10.0; Win64; x64) AppleWebKit/537.36 (KHTML, like Gecko) Chrome/57.0.2987.133 Safari/537.36"
[2017-04-20 15:59:16.619] [INFO] cheese - ::1 - - "POST /counsel/changeStatus HTTP/1.1" 200 800 "" "Mozilla/5.0 (Windows NT 10.0; Win64; x64) AppleWebKit/537.36 (KHTML, like Gecko) Chrome/57.0.2987.133 Safari/537.36"
[2017-04-20 15:59:23.624] [INFO] cheese - ::1 - - "POST /counsel/changeStatus HTTP/1.1" 200 464 "" "Mozilla/5.0 (Windows NT 10.0; Win64; x64) AppleWebKit/537.36 (KHTML, like Gecko) Chrome/57.0.2987.133 Safari/537.36"
[2017-04-20 15:59:25.008] [INFO] cheese - ::1 - - "POST /counsel/changeStatus HTTP/1.1" 200 464 "" "Mozilla/5.0 (Windows NT 10.0; Win64; x64) AppleWebKit/537.36 (KHTML, like Gecko) Chrome/57.0.2987.133 Safari/537.36"
[2017-04-20 15:59:25.755] [INFO] cheese - ::1 - - "POST /counsel/changeStatus HTTP/1.1" 200 464 "" "Mozilla/5.0 (Windows NT 10.0; Win64; x64) AppleWebKit/537.36 (KHTML, like Gecko) Chrome/57.0.2987.133 Safari/537.36"
[2017-04-20 15:59:26.448] [INFO] cheese - ::1 - - "POST /counsel/changeStatus HTTP/1.1" 200 464 "" "Mozilla/5.0 (Windows NT 10.0; Win64; x64) AppleWebKit/537.36 (KHTML, like Gecko) Chrome/57.0.2987.133 Safari/537.36"
[2017-04-20 15:59:27.253] [INFO] cheese - ::1 - - "POST /counsel/changeStatus HTTP/1.1" 200 464 "" "Mozilla/5.0 (Windows NT 10.0; Win64; x64) AppleWebKit/537.36 (KHTML, like Gecko) Chrome/57.0.2987.133 Safari/537.36"
[2017-04-20 15:59:32.208] [INFO] cheese - ::1 - - "GET /counsel/getStatus?doctorId=doc01&patientId=p01&type=1 HTTP/1.1" 200 464 "" "Mozilla/5.0 (Windows NT 10.0; Win64; x64) AppleWebKit/537.36 (KHTML, like Gecko) Chrome/57.0.2987.133 Safari/537.36"
[2017-04-20 15:59:33.366] [INFO] cheese - ::1 - - "GET /counsel/getStatus?doctorId=doc01&patientId=p01&type=1 HTTP/1.1" 200 464 "" "Mozilla/5.0 (Windows NT 10.0; Win64; x64) AppleWebKit/537.36 (KHTML, like Gecko) Chrome/57.0.2987.133 Safari/537.36"
[2017-04-20 15:59:35.278] [INFO] cheese - ::1 - - "POST /counsel/changeStatus HTTP/1.1" 200 464 "" "Mozilla/5.0 (Windows NT 10.0; Win64; x64) AppleWebKit/537.36 (KHTML, like Gecko) Chrome/57.0.2987.133 Safari/537.36"
[2017-04-20 15:59:36.176] [INFO] cheese - ::1 - - "POST /counsel/changeStatus HTTP/1.1" 200 464 "" "Mozilla/5.0 (Windows NT 10.0; Win64; x64) AppleWebKit/537.36 (KHTML, like Gecko) Chrome/57.0.2987.133 Safari/537.36"
[2017-04-20 16:00:18.321] [INFO] cheese - ::1 - - "POST /counsel/changeStatus HTTP/1.1" 200 464 "" "Mozilla/5.0 (Windows NT 10.0; Win64; x64) AppleWebKit/537.36 (KHTML, like Gecko) Chrome/57.0.2987.133 Safari/537.36"
[2017-04-20 16:01:39.985] [INFO] cheese - ::1 - - "POST /counsel/changeStatus HTTP/1.1" 200 800 "" "Mozilla/5.0 (Windows NT 10.0; Win64; x64) AppleWebKit/537.36 (KHTML, like Gecko) Chrome/57.0.2987.133 Safari/537.36"
[2017-04-20 16:02:08.903] [INFO] cheese - ::1 - - "POST /counsel/changeStatus HTTP/1.1" 200 800 "" "Mozilla/5.0 (Windows NT 10.0; Win64; x64) AppleWebKit/537.36 (KHTML, like Gecko) Chrome/57.0.2987.133 Safari/537.36"
[2017-04-20 16:02:14.830] [INFO] cheese - ::1 - - "POST /counsel/changeStatus HTTP/1.1" 200 800 "" "Mozilla/5.0 (Windows NT 10.0; Win64; x64) AppleWebKit/537.36 (KHTML, like Gecko) Chrome/57.0.2987.133 Safari/537.36"
[2017-04-20 16:02:17.633] [INFO] cheese - ::1 - - "GET /counsel/getStatus?doctorId=doc01&patientId=p01&type=1 HTTP/1.1" 200 13 "" "Mozilla/5.0 (Windows NT 10.0; Win64; x64) AppleWebKit/537.36 (KHTML, like Gecko) Chrome/57.0.2987.133 Safari/537.36"
[2017-04-20 16:02:21.247] [INFO] cheese - ::1 - - "GET /counsel/getStatus?doctorId=doc01&patientId=p01&type=1 HTTP/1.1" 200 13 "" "Mozilla/5.0 (Windows NT 10.0; Win64; x64) AppleWebKit/537.36 (KHTML, like Gecko) Chrome/57.0.2987.133 Safari/537.36"
[2017-04-20 16:03:09.154] [INFO] cheese - ::1 - - "GET /counsel/getStatus?doctorId=doc01&patientId=p01&type=1 HTTP/1.1" 200 13 "" "Mozilla/5.0 (Windows NT 10.0; Win64; x64) AppleWebKit/537.36 (KHTML, like Gecko) Chrome/57.0.2987.133 Safari/537.36"
[2017-04-20 16:03:40.995] [INFO] cheese - ::1 - - "GET /counsel/getStatus?doctorId=doc01&patientId=p01&type=1 HTTP/1.1" 200 13 "" "Mozilla/5.0 (Windows NT 10.0; Win64; x64) AppleWebKit/537.36 (KHTML, like Gecko) Chrome/57.0.2987.133 Safari/537.36"
[2017-04-20 16:03:50.417] [INFO] cheese - ::1 - - "GET /counsel/getStatus?doctorId=doc01&patientId=p01&type=1 HTTP/1.1" 200 464 "" "Mozilla/5.0 (Windows NT 10.0; Win64; x64) AppleWebKit/537.36 (KHTML, like Gecko) Chrome/57.0.2987.133 Safari/537.36"
[2017-04-20 16:03:56.664] [INFO] cheese - ::1 - - "GET /counsel/getStatus?doctorId=doc01&patientId=p01&type=1 HTTP/1.1" 200 464 "" "Mozilla/5.0 (Windows NT 10.0; Win64; x64) AppleWebKit/537.36 (KHTML, like Gecko) Chrome/57.0.2987.133 Safari/537.36"
[2017-04-20 16:03:58.456] [INFO] cheese - ::1 - - "GET /counsel/getStatus?doctorId=doc01&patientId=p01&type=1 HTTP/1.1" 200 464 "" "Mozilla/5.0 (Windows NT 10.0; Win64; x64) AppleWebKit/537.36 (KHTML, like Gecko) Chrome/57.0.2987.133 Safari/537.36"
[2017-04-20 16:04:13.187] [INFO] cheese - ::1 - - "GET /counsel/getStatus?doctorId=doc01&patientId=p01&type=1 HTTP/1.1" 200 464 "" "Mozilla/5.0 (Windows NT 10.0; Win64; x64) AppleWebKit/537.36 (KHTML, like Gecko) Chrome/57.0.2987.133 Safari/537.36"
[2017-04-20 16:04:14.259] [INFO] cheese - ::1 - - "GET /counsel/getStatus?doctorId=doc01&patientId=p01&type=1 HTTP/1.1" 200 464 "" "Mozilla/5.0 (Windows NT 10.0; Win64; x64) AppleWebKit/537.36 (KHTML, like Gecko) Chrome/57.0.2987.133 Safari/537.36"
[2017-04-20 16:04:14.969] [INFO] cheese - ::1 - - "GET /counsel/getStatus?doctorId=doc01&patientId=p01&type=1 HTTP/1.1" 200 464 "" "Mozilla/5.0 (Windows NT 10.0; Win64; x64) AppleWebKit/537.36 (KHTML, like Gecko) Chrome/57.0.2987.133 Safari/537.36"
[2017-04-20 16:04:17.193] [INFO] cheese - ::1 - - "POST /counsel/changeStatus HTTP/1.1" 200 800 "" "Mozilla/5.0 (Windows NT 10.0; Win64; x64) AppleWebKit/537.36 (KHTML, like Gecko) Chrome/57.0.2987.133 Safari/537.36"
[2017-04-20 16:04:17.937] [INFO] cheese - ::1 - - "POST /counsel/changeStatus HTTP/1.1" 200 800 "" "Mozilla/5.0 (Windows NT 10.0; Win64; x64) AppleWebKit/537.36 (KHTML, like Gecko) Chrome/57.0.2987.133 Safari/537.36"
[2017-04-20 16:04:21.695] [INFO] cheese - ::1 - - "POST /counsel/changeStatus HTTP/1.1" 200 800 "" "Mozilla/5.0 (Windows NT 10.0; Win64; x64) AppleWebKit/537.36 (KHTML, like Gecko) Chrome/57.0.2987.133 Safari/537.36"
[2017-04-20 16:04:24.319] [INFO] cheese - ::1 - - "GET /counsel/getStatus?doctorId=doc01&patientId=p01&type=1 HTTP/1.1" 200 464 "" "Mozilla/5.0 (Windows NT 10.0; Win64; x64) AppleWebKit/537.36 (KHTML, like Gecko) Chrome/57.0.2987.133 Safari/537.36"
[2017-04-20 16:04:25.119] [INFO] cheese - ::1 - - "GET /counsel/getStatus?doctorId=doc01&patientId=p01&type=1 HTTP/1.1" 200 464 "" "Mozilla/5.0 (Windows NT 10.0; Win64; x64) AppleWebKit/537.36 (KHTML, like Gecko) Chrome/57.0.2987.133 Safari/537.36"
[2017-04-20 16:04:30.706] [INFO] cheese - ::1 - - "POST /counsel/changeStatus HTTP/1.1" 200 800 "" "Mozilla/5.0 (Windows NT 10.0; Win64; x64) AppleWebKit/537.36 (KHTML, like Gecko) Chrome/57.0.2987.133 Safari/537.36"
[2017-04-20 16:04:32.732] [INFO] cheese - ::1 - - "GET /counsel/getStatus?doctorId=doc01&patientId=p01&type=1 HTTP/1.1" 200 464 "" "Mozilla/5.0 (Windows NT 10.0; Win64; x64) AppleWebKit/537.36 (KHTML, like Gecko) Chrome/57.0.2987.133 Safari/537.36"
[2017-04-20 16:04:33.401] [INFO] cheese - ::1 - - "GET /counsel/getStatus?doctorId=doc01&patientId=p01&type=1 HTTP/1.1" 200 464 "" "Mozilla/5.0 (Windows NT 10.0; Win64; x64) AppleWebKit/537.36 (KHTML, like Gecko) Chrome/57.0.2987.133 Safari/537.36"
