[2017-04-17 11:27:12.502] [INFO] cheese - ::1 - - "GET / HTTP/1.1" 200 11 "" "Mozilla/5.0 (X11; Linux x86_64) AppleWebKit/537.36 (KHTML, like Gecko) Chrome/57.0.2987.133 Safari/537.36"
[2017-04-17 11:27:12.526] [INFO] cheese - ::1 - - "GET /favicon.ico HTTP/1.1" 200 13 "http://localhost:4050/" "Mozilla/5.0 (X11; Linux x86_64) AppleWebKit/537.36 (KHTML, like Gecko) Chrome/57.0.2987.133 Safari/537.36"
[2017-04-17 11:27:25.095] [INFO] cheese - ::1 - - "GET /routesIO HTTP/1.1" 200 13 "" "Mozilla/5.0 (X11; Linux x86_64) AppleWebKit/537.36 (KHTML, like Gecko) Chrome/57.0.2987.133 Safari/537.36"
[2017-04-17 11:27:25.123] [INFO] cheese - ::1 - - "GET /favicon.ico HTTP/1.1" 304 - "http://localhost:4050/routesIO" "Mozilla/5.0 (X11; Linux x86_64) AppleWebKit/537.36 (KHTML, like Gecko) Chrome/57.0.2987.133 Safari/537.36"
[2017-04-17 11:28:29.910] [INFO] cheese - ::1 - - "GET /routesIO HTTP/1.1" 404 254 "" "Mozilla/5.0 (X11; Linux x86_64) AppleWebKit/537.36 (KHTML, like Gecko) Chrome/57.0.2987.133 Safari/537.36"
[2017-04-17 11:28:29.937] [INFO] cheese - ::1 - - "GET /favicon.ico HTTP/1.1" 200 13 "http://localhost:4050/routesIO" "Mozilla/5.0 (X11; Linux x86_64) AppleWebKit/537.36 (KHTML, like Gecko) Chrome/57.0.2987.133 Safari/537.36"
[2017-04-17 11:28:47.977] [INFO] cheese - ::1 - - "GET /routesIO HTTP/1.1" 404 254 "" "Mozilla/5.0 (X11; Linux x86_64) AppleWebKit/537.36 (KHTML, like Gecko) Chrome/57.0.2987.133 Safari/537.36"
[2017-04-17 11:28:47.996] [INFO] cheese - ::1 - - "GET /favicon.ico HTTP/1.1" 200 13 "http://localhost:4050/routesIO" "Mozilla/5.0 (X11; Linux x86_64) AppleWebKit/537.36 (KHTML, like Gecko) Chrome/57.0.2987.133 Safari/537.36"
[2017-04-17 11:28:55.701] [INFO] cheese - ::1 - - "GET /routesIO HTTP/1.1" 200 - "" "Mozilla/5.0 (X11; Linux x86_64) AppleWebKit/537.36 (KHTML, like Gecko) Chrome/57.0.2987.133 Safari/537.36"
[2017-04-17 11:28:55.722] [INFO] cheese - ::1 - - "GET /favicon.ico HTTP/1.1" 200 13 "http://localhost:4050/routesIO" "Mozilla/5.0 (X11; Linux x86_64) AppleWebKit/537.36 (KHTML, like Gecko) Chrome/57.0.2987.133 Safari/537.36"
[2017-04-17 11:28:58.016] [INFO] cheese - ::1 - - "GET /routesIO HTTP/1.1" 304 - "" "Mozilla/5.0 (X11; Linux x86_64) AppleWebKit/537.36 (KHTML, like Gecko) Chrome/57.0.2987.133 Safari/537.36"
[2017-04-17 11:28:58.038] [INFO] cheese - ::1 - - "GET /favicon.ico HTTP/1.1" 200 13 "http://localhost:4050/routesIO" "Mozilla/5.0 (X11; Linux x86_64) AppleWebKit/537.36 (KHTML, like Gecko) Chrome/57.0.2987.133 Safari/537.36"
[2017-04-17 11:28:59.199] [INFO] cheese - ::1 - - "GET /routesIO HTTP/1.1" 304 - "" "Mozilla/5.0 (X11; Linux x86_64) AppleWebKit/537.36 (KHTML, like Gecko) Chrome/57.0.2987.133 Safari/537.36"
[2017-04-17 11:28:59.217] [INFO] cheese - ::1 - - "GET /favicon.ico HTTP/1.1" 200 13 "http://localhost:4050/routesIO" "Mozilla/5.0 (X11; Linux x86_64) AppleWebKit/537.36 (KHTML, like Gecko) Chrome/57.0.2987.133 Safari/537.36"
[2017-04-17 11:29:28.987] [INFO] cheese - ::1 - - "GET /routesIO HTTP/1.1" 200 - "" "Mozilla/5.0 (X11; Linux x86_64) AppleWebKit/537.36 (KHTML, like Gecko) Chrome/57.0.2987.133 Safari/537.36"
[2017-04-17 11:38:53.125] [INFO] cheese - ::1 - - "GET /testSIO HTTP/1.1" 200 13 "" "Mozilla/5.0 (X11; Linux x86_64) AppleWebKit/537.36 (KHTML, like Gecko) Chrome/57.0.2987.133 Safari/537.36"
[2017-04-17 11:38:53.166] [INFO] cheese - ::1 - - "GET /favicon.ico HTTP/1.1" 304 - "http://localhost:4050/testSIO" "Mozilla/5.0 (X11; Linux x86_64) AppleWebKit/537.36 (KHTML, like Gecko) Chrome/57.0.2987.133 Safari/537.36"
[2017-04-17 13:49:25.809] [INFO] cheese - ::1 - - "GET /testSIO HTTP/1.1" 200 2715 "" "Mozilla/5.0 (X11; Linux x86_64) AppleWebKit/537.36 (KHTML, like Gecko) Chrome/57.0.2987.133 Safari/537.36"
[2017-04-17 13:49:50.076] [INFO] cheese - ::1 - - "GET /favicon.ico HTTP/1.1" 304 - "http://localhost:4050/testSIO" "Mozilla/5.0 (X11; Linux x86_64) AppleWebKit/537.36 (KHTML, like Gecko) Chrome/57.0.2987.133 Safari/537.36"
[2017-04-17 14:01:40.884] [INFO] cheese - ::1 - - "GET /testSIO HTTP/1.1" 200 2728 "" "Mozilla/5.0 (X11; Linux x86_64) AppleWebKit/537.36 (KHTML, like Gecko) Chrome/57.0.2987.133 Safari/537.36"
[2017-04-17 14:01:40.984] [INFO] cheese - ::1 - - "GET /favicon.ico HTTP/1.1" 304 - "http://localhost:4050/testSIO" "Mozilla/5.0 (X11; Linux x86_64) AppleWebKit/537.36 (KHTML, like Gecko) Chrome/57.0.2987.133 Safari/537.36"
[2017-04-17 14:04:06.949] [INFO] cheese - ::1 - - "GET /testSIO HTTP/1.1" 304 - "" "Mozilla/5.0 (X11; Linux x86_64) AppleWebKit/537.36 (KHTML, like Gecko) Chrome/57.0.2987.133 Safari/537.36"
[2017-04-17 14:04:07.067] [INFO] cheese - ::1 - - "GET /favicon.ico HTTP/1.1" 304 - "http://localhost:4050/testSIO" "Mozilla/5.0 (X11; Linux x86_64) AppleWebKit/537.36 (KHTML, like Gecko) Chrome/57.0.2987.133 Safari/537.36"
[2017-04-17 14:04:25.570] [INFO] cheese - ::1 - - "GET /routesIO HTTP/1.1" 200 13 "" "Mozilla/5.0 (X11; Linux x86_64) AppleWebKit/537.36 (KHTML, like Gecko) Chrome/57.0.2987.133 Safari/537.36"
[2017-04-17 14:04:25.592] [INFO] cheese - ::1 - - "GET /favicon.ico HTTP/1.1" 304 - "http://localhost:4050/routesIO" "Mozilla/5.0 (X11; Linux x86_64) AppleWebKit/537.36 (KHTML, like Gecko) Chrome/57.0.2987.133 Safari/537.36"
[2017-04-17 14:04:35.893] [INFO] cheese - ::1 - - "GET /testSIO HTTP/1.1" 304 - "" "Mozilla/5.0 (X11; Linux x86_64) AppleWebKit/537.36 (KHTML, like Gecko) Chrome/57.0.2987.133 Safari/537.36"
[2017-04-17 14:04:36.050] [INFO] cheese - ::1 - - "GET /favicon.ico HTTP/1.1" 304 - "http://localhost:4050/testSIO" "Mozilla/5.0 (X11; Linux x86_64) AppleWebKit/537.36 (KHTML, like Gecko) Chrome/57.0.2987.133 Safari/537.36"
[2017-04-17 14:36:55.034] [INFO] cheese - ::1 - - "GET /routesIO HTTP/1.1" 304 - "" "Mozilla/5.0 (X11; Linux x86_64) AppleWebKit/537.36 (KHTML, like Gecko) Chrome/57.0.2987.133 Safari/537.36"
[2017-04-17 14:36:55.054] [INFO] cheese - ::1 - - "GET /favicon.ico HTTP/1.1" 304 - "http://localhost:4050/routesIO" "Mozilla/5.0 (X11; Linux x86_64) AppleWebKit/537.36 (KHTML, like Gecko) Chrome/57.0.2987.133 Safari/537.36"
[2017-04-17 14:37:09.540] [INFO] cheese - ::1 - - "GET /testSIO HTTP/1.1" 200 737 "" "Mozilla/5.0 (X11; Linux x86_64) AppleWebKit/537.36 (KHTML, like Gecko) Chrome/57.0.2987.133 Safari/537.36"
[2017-04-17 14:37:09.555] [INFO] cheese - ::1 - - "GET /style.css HTTP/1.1" 200 13 "http://localhost:4050/testSIO" "Mozilla/5.0 (X11; Linux x86_64) AppleWebKit/537.36 (KHTML, like Gecko) Chrome/57.0.2987.133 Safari/537.36"
[2017-04-17 14:37:09.559] [INFO] cheese - ::1 - - "GET /main.js HTTP/1.1" 200 13 "http://localhost:4050/testSIO" "Mozilla/5.0 (X11; Linux x86_64) AppleWebKit/537.36 (KHTML, like Gecko) Chrome/57.0.2987.133 Safari/537.36"
[2017-04-17 14:37:09.652] [INFO] cheese - ::1 - - "GET /favicon.ico HTTP/1.1" 304 - "http://localhost:4050/testSIO" "Mozilla/5.0 (X11; Linux x86_64) AppleWebKit/537.36 (KHTML, like Gecko) Chrome/57.0.2987.133 Safari/537.36"
[2017-04-17 14:37:22.044] [INFO] cheese - ::1 - - "GET /style.css HTTP/1.1" 304 - "http://localhost:4050/testSIO" "Mozilla/5.0 (X11; Linux x86_64) AppleWebKit/537.36 (KHTML, like Gecko) Chrome/57.0.2987.133 Safari/537.36"
[2017-04-17 14:40:26.227] [INFO] cheese - ::1 - - "GET /testSIO HTTP/1.1" 200 2715 "" "Mozilla/5.0 (X11; Linux x86_64) AppleWebKit/537.36 (KHTML, like Gecko) Chrome/57.0.2987.133 Safari/537.36"
[2017-04-17 14:40:26.347] [INFO] cheese - ::1 - - "GET /favicon.ico HTTP/1.1" 304 - "http://localhost:4050/testSIO" "Mozilla/5.0 (X11; Linux x86_64) AppleWebKit/537.36 (KHTML, like Gecko) Chrome/57.0.2987.133 Safari/537.36"
[2017-04-17 14:40:51.016] [INFO] cheese - ::1 - - "GET /testSIO HTTP/1.1" 200 2723 "" "Mozilla/5.0 (X11; Linux x86_64) AppleWebKit/537.36 (KHTML, like Gecko) Chrome/57.0.2987.133 Safari/537.36"
[2017-04-17 14:40:51.085] [INFO] cheese - ::1 - - "GET /favicon.ico HTTP/1.1" 200 13 "http://localhost:4050/testSIO" "Mozilla/5.0 (X11; Linux x86_64) AppleWebKit/537.36 (KHTML, like Gecko) Chrome/57.0.2987.133 Safari/537.36"
[2017-04-17 14:40:52.790] [INFO] cheese - ::1 - - "GET /testSIO HTTP/1.1" 304 - "" "Mozilla/5.0 (X11; Linux x86_64) AppleWebKit/537.36 (KHTML, like Gecko) Chrome/57.0.2987.133 Safari/537.36"
[2017-04-17 14:40:52.870] [INFO] cheese - ::1 - - "GET /favicon.ico HTTP/1.1" 200 13 "http://localhost:4050/testSIO" "Mozilla/5.0 (X11; Linux x86_64) AppleWebKit/537.36 (KHTML, like Gecko) Chrome/57.0.2987.133 Safari/537.36"
[2017-04-17 14:40:53.572] [INFO] cheese - ::1 - - "GET /testSIO HTTP/1.1" 304 - "" "Mozilla/5.0 (X11; Linux x86_64) AppleWebKit/537.36 (KHTML, like Gecko) Chrome/57.0.2987.133 Safari/537.36"
[2017-04-17 14:40:53.658] [INFO] cheese - ::1 - - "GET /favicon.ico HTTP/1.1" 200 13 "http://localhost:4050/testSIO" "Mozilla/5.0 (X11; Linux x86_64) AppleWebKit/537.36 (KHTML, like Gecko) Chrome/57.0.2987.133 Safari/537.36"
[2017-04-17 14:41:30.336] [INFO] cheese - ::1 - - "GET /testSIO HTTP/1.1" 304 - "" "Mozilla/5.0 (X11; Linux x86_64) AppleWebKit/537.36 (KHTML, like Gecko) Chrome/57.0.2987.133 Safari/537.36"
[2017-04-17 14:41:30.427] [INFO] cheese - ::1 - - "GET /favicon.ico HTTP/1.1" 200 13 "http://localhost:4050/testSIO" "Mozilla/5.0 (X11; Linux x86_64) AppleWebKit/537.36 (KHTML, like Gecko) Chrome/57.0.2987.133 Safari/537.36"
[2017-04-17 14:42:15.829] [INFO] cheese - ::1 - - "GET /testSIO HTTP/1.1" 304 - "" "Mozilla/5.0 (X11; Linux x86_64) AppleWebKit/537.36 (KHTML, like Gecko) Chrome/57.0.2987.133 Safari/537.36"
[2017-04-17 14:42:15.947] [INFO] cheese - ::1 - - "GET /favicon.ico HTTP/1.1" 304 - "http://localhost:4050/testSIO" "Mozilla/5.0 (X11; Linux x86_64) AppleWebKit/537.36 (KHTML, like Gecko) Chrome/57.0.2987.133 Safari/537.36"
[2017-04-17 14:43:05.265] [INFO] cheese - ::1 - - "GET /testSIO HTTP/1.1" 200 2728 "" "Mozilla/5.0 (X11; Linux x86_64) AppleWebKit/537.36 (KHTML, like Gecko) Chrome/57.0.2987.133 Safari/537.36"
[2017-04-17 14:43:05.380] [INFO] cheese - ::1 - - "GET /favicon.ico HTTP/1.1" 304 - "http://localhost:4050/testSIO" "Mozilla/5.0 (X11; Linux x86_64) AppleWebKit/537.36 (KHTML, like Gecko) Chrome/57.0.2987.133 Safari/537.36"
[2017-04-17 14:43:39.670] [INFO] cheese - ::1 - - "GET /testSIO HTTP/1.1" 200 2741 "" "Mozilla/5.0 (X11; Linux x86_64) AppleWebKit/537.36 (KHTML, like Gecko) Chrome/57.0.2987.133 Safari/537.36"
[2017-04-17 14:44:49.738] [INFO] cheese - ::1 - - "GET /testSIO HTTP/1.1" 304 - "" "Mozilla/5.0 (X11; Linux x86_64) AppleWebKit/537.36 (KHTML, like Gecko) Chrome/57.0.2987.133 Safari/537.36"
[2017-04-17 14:44:49.881] [INFO] cheese - ::1 - - "GET /favicon.ico HTTP/1.1" 304 - "http://localhost:4050/testSIO" "Mozilla/5.0 (X11; Linux x86_64) AppleWebKit/537.36 (KHTML, like Gecko) Chrome/57.0.2987.133 Safari/537.36"
[2017-04-17 14:45:28.041] [INFO] cheese - ::1 - - "GET /testSIO HTTP/1.1" 304 - "" "Mozilla/5.0 (X11; Linux x86_64) AppleWebKit/537.36 (KHTML, like Gecko) Chrome/57.0.2987.133 Safari/537.36"
[2017-04-17 14:45:28.156] [INFO] cheese - ::1 - - "GET /favicon.ico HTTP/1.1" 304 - "http://localhost:4050/testSIO" "Mozilla/5.0 (X11; Linux x86_64) AppleWebKit/537.36 (KHTML, like Gecko) Chrome/57.0.2987.133 Safari/537.36"
[2017-04-17 14:54:11.108] [INFO] cheese - ::1 - - "GET /testSIO HTTP/1.1" 304 - "" "Mozilla/5.0 (X11; Linux x86_64) AppleWebKit/537.36 (KHTML, like Gecko) Chrome/57.0.2987.133 Safari/537.36"
[2017-04-17 14:54:11.231] [INFO] cheese - ::1 - - "GET /favicon.ico HTTP/1.1" 304 - "http://localhost:4050/testSIO" "Mozilla/5.0 (X11; Linux x86_64) AppleWebKit/537.36 (KHTML, like Gecko) Chrome/57.0.2987.133 Safari/537.36"
[2017-04-17 15:02:01.504] [INFO] cheese - ::1 - - "GET /testSIO HTTP/1.1" 304 - "" "Mozilla/5.0 (X11; Linux x86_64) AppleWebKit/537.36 (KHTML, like Gecko) Chrome/57.0.2987.133 Safari/537.36"
[2017-04-17 15:02:01.650] [INFO] cheese - ::1 - - "GET /favicon.ico HTTP/1.1" 304 - "http://localhost:4050/testSIO" "Mozilla/5.0 (X11; Linux x86_64) AppleWebKit/537.36 (KHTML, like Gecko) Chrome/57.0.2987.133 Safari/537.36"
[2017-04-17 15:02:31.508] [INFO] cheese - ::1 - - "GET /testSIO HTTP/1.1" 304 - "" "Mozilla/5.0 (X11; Linux x86_64) AppleWebKit/537.36 (KHTML, like Gecko) Chrome/57.0.2987.133 Safari/537.36"
[2017-04-17 15:02:31.626] [INFO] cheese - ::1 - - "GET /favicon.ico HTTP/1.1" 304 - "http://localhost:4050/testSIO" "Mozilla/5.0 (X11; Linux x86_64) AppleWebKit/537.36 (KHTML, like Gecko) Chrome/57.0.2987.133 Safari/537.36"
[2017-04-17 15:23:04.718] [INFO] cheese - ::1 - - "GET /testSIO HTTP/1.1" 200 2739 "" "Mozilla/5.0 (X11; Linux x86_64) AppleWebKit/537.36 (KHTML, like Gecko) Chrome/57.0.2987.133 Safari/537.36"
[2017-04-17 15:23:04.827] [INFO] cheese - ::1 - - "GET /favicon.ico HTTP/1.1" 304 - "http://localhost:4050/testSIO" "Mozilla/5.0 (X11; Linux x86_64) AppleWebKit/537.36 (KHTML, like Gecko) Chrome/57.0.2987.133 Safari/537.36"
[2017-04-17 15:27:49.011] [INFO] cheese - ::1 - - "GET /chat HTTP/1.1" 200 2739 "" "Mozilla/5.0 (X11; Linux x86_64) AppleWebKit/537.36 (KHTML, like Gecko) Chrome/57.0.2987.133 Safari/537.36"
[2017-04-17 15:27:49.099] [INFO] cheese - ::1 - - "GET /favicon.ico HTTP/1.1" 304 - "http://localhost:4050/chat" "Mozilla/5.0 (X11; Linux x86_64) AppleWebKit/537.36 (KHTML, like Gecko) Chrome/57.0.2987.133 Safari/537.36"
[2017-04-17 15:40:04.455] [INFO] cheese - ::1 - - "GET /chat HTTP/1.1" 200 2745 "" "Mozilla/5.0 (X11; Linux x86_64) AppleWebKit/537.36 (KHTML, like Gecko) Chrome/57.0.2987.133 Safari/537.36"
[2017-04-17 15:40:04.574] [INFO] cheese - ::1 - - "GET /favicon.ico HTTP/1.1" 304 - "http://localhost:4050/chat" "Mozilla/5.0 (X11; Linux x86_64) AppleWebKit/537.36 (KHTML, like Gecko) Chrome/57.0.2987.133 Safari/537.36"
[2017-04-17 16:07:25.266] [INFO] cheese - ::1 - - "GET /chat HTTP/1.1" 304 - "" "Mozilla/5.0 (X11; Linux x86_64) AppleWebKit/537.36 (KHTML, like Gecko) Chrome/57.0.2987.133 Safari/537.36"
[2017-04-17 16:07:25.379] [INFO] cheese - ::1 - - "GET /favicon.ico HTTP/1.1" 304 - "http://localhost:4050/chat" "Mozilla/5.0 (X11; Linux x86_64) AppleWebKit/537.36 (KHTML, like Gecko) Chrome/57.0.2987.133 Safari/537.36"
[2017-04-17 16:20:50.294] [INFO] cheese - ::1 - - "GET /favicon.ico HTTP/1.1" 304 - "http://localhost:4050/chat" "Mozilla/5.0 (X11; Linux x86_64) AppleWebKit/537.36 (KHTML, like Gecko) Chrome/57.0.2987.133 Safari/537.36"
[2017-04-17 16:21:18.448] [INFO] cheese - ::1 - - "GET /chat HTTP/1.1" 200 2731 "" "Mozilla/5.0 (X11; Linux x86_64) AppleWebKit/537.36 (KHTML, like Gecko) Chrome/57.0.2987.133 Safari/537.36"
[2017-04-17 16:21:18.582] [INFO] cheese - ::1 - - "GET /favicon.ico HTTP/1.1" 304 - "http://localhost:4050/chat" "Mozilla/5.0 (X11; Linux x86_64) AppleWebKit/537.36 (KHTML, like Gecko) Chrome/57.0.2987.133 Safari/537.36"
[2017-04-17 17:10:21.507] [INFO] cheese - ::1 - - "GET /chat HTTP/1.1" 304 - "" "Mozilla/5.0 (X11; Linux x86_64) AppleWebKit/537.36 (KHTML, like Gecko) Chrome/57.0.2987.133 Safari/537.36"
[2017-04-17 17:10:21.623] [INFO] cheese - ::1 - - "GET /favicon.ico HTTP/1.1" 304 - "http://localhost:4050/chat" "Mozilla/5.0 (X11; Linux x86_64) AppleWebKit/537.36 (KHTML, like Gecko) Chrome/57.0.2987.133 Safari/537.36"
