[2017-04-19 11:08:56.713] [INFO] cheese - ::1 - - "GET /insurance/getInsMsg?doctorId=doc01&patientId=p01 HTTP/1.1" 200 1090 "" "Mozilla/5.0 (Windows NT 10.0; Win64; x64) AppleWebKit/537.36 (KHTML, like Gecko) Chrome/57.0.2987.133 Safari/537.36"
[2017-04-19 11:10:57.360] [INFO] cheese - ::1 - - "GET /doctor/getRecentDoctorList?userId=doc01 HTTP/1.1" 200 801 "" "Mozilla/5.0 (Windows NT 10.0; Win64; x64) AppleWebKit/537.36 (KHTML, like Gecko) Chrome/57.0.2987.133 Safari/537.36"
[2017-04-19 11:20:54.016] [INFO] cheese - ::1 - - "GET /doctor/getRecentDoctorList?userId=docpost17 HTTP/1.1" 200 14 "" "Mozilla/5.0 (Windows NT 10.0; Win64; x64) AppleWebKit/537.36 (KHTML, like Gecko) Chrome/57.0.2987.133 Safari/537.36"
[2017-04-19 12:33:32.641] [INFO] cheese - ::1 - - "GET /doctor/getPatientByDate?userId=doc01 HTTP/1.1" 200 15 "" "Mozilla/5.0 (Windows NT 10.0; Win64; x64) AppleWebKit/537.36 (KHTML, like Gecko) Chrome/57.0.2987.133 Safari/537.36"
[2017-04-19 12:38:11.759] [INFO] cheese - ::1 - - "POST /patient/bindingMyDoctor HTTP/1.1" 200 75 "" "Mozilla/5.0 (Windows NT 10.0; Win64; x64) AppleWebKit/537.36 (KHTML, like Gecko) Chrome/57.0.2987.133 Safari/537.36"
[2017-04-19 12:38:21.382] [INFO] cheese - ::1 - - "GET /doctor/getPatientByDate?userId=doc01 HTTP/1.1" 200 3943 "" "Mozilla/5.0 (Windows NT 10.0; Win64; x64) AppleWebKit/537.36 (KHTML, like Gecko) Chrome/57.0.2987.133 Safari/537.36"
[2017-04-19 12:50:31.561] [INFO] cheese - ::1 - - "GET /doctor/getPatientByDate?userId=doc01 HTTP/1.1" 200 3943 "" "Mozilla/5.0 (Windows NT 10.0; Win64; x64) AppleWebKit/537.36 (KHTML, like Gecko) Chrome/57.0.2987.133 Safari/537.36"
[2017-04-19 13:10:12.623] [INFO] cheese - ::1 - - "GET /doctor/getPatientByDate?userId=docpost45 HTTP/1.1" 200 56 "" "Mozilla/5.0 (Windows NT 10.0; Win64; x64) AppleWebKit/537.36 (KHTML, like Gecko) Chrome/57.0.2987.133 Safari/537.36"
[2017-04-19 13:21:17.747] [INFO] cheese - ::1 - - "GET /doctor/getRecentDoctorList?userId=doczy HTTP/1.1" 200 56 "" "Mozilla/5.0 (Windows NT 10.0; Win64; x64) AppleWebKit/537.36 (KHTML, like Gecko) Chrome/57.0.2987.133 Safari/537.36"
[2017-04-19 13:21:21.649] [INFO] cheese - ::1 - - "GET /doctor/getRecentDoctorList?userId=doczy HTTP/1.1" 200 56 "" "Mozilla/5.0 (Windows NT 10.0; Win64; x64) AppleWebKit/537.36 (KHTML, like Gecko) Chrome/57.0.2987.133 Safari/537.36"
[2017-04-19 13:21:22.465] [INFO] cheese - ::1 - - "GET /doctor/getRecentDoctorList?userId=doczy HTTP/1.1" 200 56 "" "Mozilla/5.0 (Windows NT 10.0; Win64; x64) AppleWebKit/537.36 (KHTML, like Gecko) Chrome/57.0.2987.133 Safari/537.36"
[2017-04-19 13:21:23.252] [INFO] cheese - ::1 - - "GET /doctor/getRecentDoctorList?userId=doczy HTTP/1.1" 200 56 "" "Mozilla/5.0 (Windows NT 10.0; Win64; x64) AppleWebKit/537.36 (KHTML, like Gecko) Chrome/57.0.2987.133 Safari/537.36"
[2017-04-19 13:21:23.974] [INFO] cheese - ::1 - - "GET /doctor/getRecentDoctorList?userId=doczy HTTP/1.1" 200 56 "" "Mozilla/5.0 (Windows NT 10.0; Win64; x64) AppleWebKit/537.36 (KHTML, like Gecko) Chrome/57.0.2987.133 Safari/537.36"
[2017-04-19 13:25:54.348] [INFO] cheese - ::1 - - "POST /communication/updateLastTalkTime HTTP/1.1" 200 64 "" "Mozilla/5.0 (Windows NT 10.0; Win64; x64) AppleWebKit/537.36 (KHTML, like Gecko) Chrome/57.0.2987.133 Safari/537.36"
[2017-04-19 13:27:31.274] [INFO] cheese - ::1 - - "GET /doctor/getPatientByDate?userId=docpost45 HTTP/1.1" 200 56 "" "Mozilla/5.0 (Windows NT 10.0; Win64; x64) AppleWebKit/537.36 (KHTML, like Gecko) Chrome/57.0.2987.133 Safari/537.36"
[2017-04-19 13:33:18.282] [INFO] cheese - ::1 - - "GET /doctor/getPatientByDate?userId=docpost45 HTTP/1.1" 200 26 "" "Mozilla/5.0 (Windows NT 10.0; Win64; x64) AppleWebKit/537.36 (KHTML, like Gecko) Chrome/57.0.2987.133 Safari/537.36"
[2017-04-19 13:33:50.295] [INFO] cheese - ::1 - - "GET /doctor/getPatientByDate?userId=docpost45 HTTP/1.1" 200 56 "" "Mozilla/5.0 (Windows NT 10.0; Win64; x64) AppleWebKit/537.36 (KHTML, like Gecko) Chrome/57.0.2987.133 Safari/537.36"
[2017-04-19 13:36:19.740] [INFO] cheese - ::1 - - "GET /doctor/getPatientByDate?userId=docpost45 HTTP/1.1" 200 167 "" "Mozilla/5.0 (Windows NT 10.0; Win64; x64) AppleWebKit/537.36 (KHTML, like Gecko) Chrome/57.0.2987.133 Safari/537.36"
[2017-04-19 13:37:00.611] [INFO] cheese - ::1 - - "GET /doctor/getPatientByDate?userId=docpost45 HTTP/1.1" 200 27 "" "Mozilla/5.0 (Windows NT 10.0; Win64; x64) AppleWebKit/537.36 (KHTML, like Gecko) Chrome/57.0.2987.133 Safari/537.36"
[2017-04-19 13:38:10.721] [INFO] cheese - ::1 - - "GET /doctor/getPatientByDate?userId=docpost45 HTTP/1.1" 200 27 "" "Mozilla/5.0 (Windows NT 10.0; Win64; x64) AppleWebKit/537.36 (KHTML, like Gecko) Chrome/57.0.2987.133 Safari/537.36"
[2017-04-19 13:38:14.770] [INFO] cheese - ::1 - - "GET /doctor/getPatientByDate?userId=docpost45 HTTP/1.1" 200 26 "" "Mozilla/5.0 (Windows NT 10.0; Win64; x64) AppleWebKit/537.36 (KHTML, like Gecko) Chrome/57.0.2987.133 Safari/537.36"
[2017-04-19 13:38:15.712] [INFO] cheese - ::1 - - "GET /doctor/getPatientByDate?userId=docpost45 HTTP/1.1" 200 26 "" "Mozilla/5.0 (Windows NT 10.0; Win64; x64) AppleWebKit/537.36 (KHTML, like Gecko) Chrome/57.0.2987.133 Safari/537.36"
[2017-04-19 13:39:04.661] [INFO] cheese - ::1 - - "GET /doctor/getPatientByDate?userId=docpost45 HTTP/1.1" 200 26 "" "Mozilla/5.0 (Windows NT 10.0; Win64; x64) AppleWebKit/537.36 (KHTML, like Gecko) Chrome/57.0.2987.133 Safari/537.36"
[2017-04-19 13:42:39.769] [INFO] cheese - ::1 - - "GET /doctor/getPatientList?userId=docpost18 HTTP/1.1" 200 29 "" "Mozilla/5.0 (Windows NT 10.0; Win64; x64) AppleWebKit/537.36 (KHTML, like Gecko) Chrome/57.0.2987.133 Safari/537.36"
[2017-04-19 13:42:47.247] [INFO] cheese - ::1 - - "GET /doctor/getPatientList?userId=doc02 HTTP/1.1" 200 4661 "" "Mozilla/5.0 (Windows NT 10.0; Win64; x64) AppleWebKit/537.36 (KHTML, like Gecko) Chrome/57.0.2987.133 Safari/537.36"
[2017-04-19 13:43:03.761] [INFO] cheese - ::1 - - "GET /doctor/getPatientList?userId=docpost18 HTTP/1.1" 200 29 "" "Mozilla/5.0 (Windows NT 10.0; Win64; x64) AppleWebKit/537.36 (KHTML, like Gecko) Chrome/57.0.2987.133 Safari/537.36"
[2017-04-19 13:43:44.857] [INFO] cheese - ::1 - - "GET /doctor/getPatientList?userId=docpost44 HTTP/1.1" 200 29 "" "Mozilla/5.0 (Windows NT 10.0; Win64; x64) AppleWebKit/537.36 (KHTML, like Gecko) Chrome/57.0.2987.133 Safari/537.36"
[2017-04-19 13:44:49.779] [INFO] cheese - ::1 - - "GET /doctor/getPatientList?userId=docpost44 HTTP/1.1" 200 29 "" "Mozilla/5.0 (Windows NT 10.0; Win64; x64) AppleWebKit/537.36 (KHTML, like Gecko) Chrome/57.0.2987.133 Safari/537.36"
[2017-04-19 13:45:55.739] [INFO] cheese - ::1 - - "GET /doctor/getPatientList?userId=docpost17 HTTP/1.1" 200 15520 "" "Mozilla/5.0 (Windows NT 10.0; Win64; x64) AppleWebKit/537.36 (KHTML, like Gecko) Chrome/57.0.2987.133 Safari/537.36"
[2017-04-19 13:46:05.839] [INFO] cheese - ::1 - - "GET /doctor/getPatientList?userId=docpost5 HTTP/1.1" 200 14 "" "Mozilla/5.0 (Windows NT 10.0; Win64; x64) AppleWebKit/537.36 (KHTML, like Gecko) Chrome/57.0.2987.133 Safari/537.36"
[2017-04-19 13:46:11.585] [INFO] cheese - ::1 - - "GET /doctor/getPatientList?userId=docpost5 HTTP/1.1" 200 14 "" "Mozilla/5.0 (Windows NT 10.0; Win64; x64) AppleWebKit/537.36 (KHTML, like Gecko) Chrome/57.0.2987.133 Safari/537.36"
[2017-04-19 13:46:12.464] [INFO] cheese - ::1 - - "GET /doctor/getPatientList?userId=docpost5 HTTP/1.1" 200 14 "" "Mozilla/5.0 (Windows NT 10.0; Win64; x64) AppleWebKit/537.36 (KHTML, like Gecko) Chrome/57.0.2987.133 Safari/537.36"
[2017-04-19 13:46:13.243] [INFO] cheese - ::1 - - "GET /doctor/getPatientList?userId=docpost5 HTTP/1.1" 200 14 "" "Mozilla/5.0 (Windows NT 10.0; Win64; x64) AppleWebKit/537.36 (KHTML, like Gecko) Chrome/57.0.2987.133 Safari/537.36"
[2017-04-19 13:46:14.094] [INFO] cheese - ::1 - - "GET /doctor/getPatientList?userId=docpost5 HTTP/1.1" 200 14 "" "Mozilla/5.0 (Windows NT 10.0; Win64; x64) AppleWebKit/537.36 (KHTML, like Gecko) Chrome/57.0.2987.133 Safari/537.36"
[2017-04-19 13:46:15.050] [INFO] cheese - ::1 - - "GET /doctor/getPatientList?userId=docpost5 HTTP/1.1" 200 14 "" "Mozilla/5.0 (Windows NT 10.0; Win64; x64) AppleWebKit/537.36 (KHTML, like Gecko) Chrome/57.0.2987.133 Safari/537.36"
[2017-04-19 13:47:42.209] [INFO] cheese - ::1 - - "GET /doctor/getPatientList?userId=docpost5 HTTP/1.1" 200 56 "" "Mozilla/5.0 (Windows NT 10.0; Win64; x64) AppleWebKit/537.36 (KHTML, like Gecko) Chrome/57.0.2987.133 Safari/537.36"
[2017-04-19 13:47:59.164] [INFO] cheese - ::1 - - "GET /doctor/getPatientList?userId=docpost5 HTTP/1.1" 200 13 "" "Mozilla/5.0 (Windows NT 10.0; Win64; x64) AppleWebKit/537.36 (KHTML, like Gecko) Chrome/57.0.2987.133 Safari/537.36"
[2017-04-19 13:48:00.224] [INFO] cheese - ::1 - - "GET /doctor/getPatientList?userId=docpost5 HTTP/1.1" 200 27 "" "Mozilla/5.0 (Windows NT 10.0; Win64; x64) AppleWebKit/537.36 (KHTML, like Gecko) Chrome/57.0.2987.133 Safari/537.36"
[2017-04-19 13:48:44.659] [INFO] cheese - ::1 - - "GET /doctor/getPatientList?userId=docpost44 HTTP/1.1" 200 27 "" "Mozilla/5.0 (Windows NT 10.0; Win64; x64) AppleWebKit/537.36 (KHTML, like Gecko) Chrome/57.0.2987.133 Safari/537.36"
[2017-04-19 13:48:45.393] [INFO] cheese - ::1 - - "GET /doctor/getPatientList?userId=docpost44 HTTP/1.1" 200 27 "" "Mozilla/5.0 (Windows NT 10.0; Win64; x64) AppleWebKit/537.36 (KHTML, like Gecko) Chrome/57.0.2987.133 Safari/537.36"
[2017-04-19 13:49:36.877] [INFO] cheese - ::1 - - "GET /doctor/getPatientList?userId=docpost15 HTTP/1.1" 200 27 "" "Mozilla/5.0 (Windows NT 10.0; Win64; x64) AppleWebKit/537.36 (KHTML, like Gecko) Chrome/57.0.2987.133 Safari/537.36"
[2017-04-19 13:49:42.840] [INFO] cheese - ::1 - - "GET /doctor/getPatientList?userId=docpost15 HTTP/1.1" 200 27 "" "Mozilla/5.0 (Windows NT 10.0; Win64; x64) AppleWebKit/537.36 (KHTML, like Gecko) Chrome/57.0.2987.133 Safari/537.36"
[2017-04-19 13:49:43.724] [INFO] cheese - ::1 - - "GET /doctor/getPatientList?userId=docpost15 HTTP/1.1" 200 27 "" "Mozilla/5.0 (Windows NT 10.0; Win64; x64) AppleWebKit/537.36 (KHTML, like Gecko) Chrome/57.0.2987.133 Safari/537.36"
[2017-04-19 13:49:44.519] [INFO] cheese - ::1 - - "GET /doctor/getPatientList?userId=docpost15 HTTP/1.1" 200 27 "" "Mozilla/5.0 (Windows NT 10.0; Win64; x64) AppleWebKit/537.36 (KHTML, like Gecko) Chrome/57.0.2987.133 Safari/537.36"
[2017-04-19 13:49:49.786] [INFO] cheese - ::1 - - "GET /doctor/getPatientList?userId=docpost18 HTTP/1.1" 200 27 "" "Mozilla/5.0 (Windows NT 10.0; Win64; x64) AppleWebKit/537.36 (KHTML, like Gecko) Chrome/57.0.2987.133 Safari/537.36"
[2017-04-19 13:49:50.981] [INFO] cheese - ::1 - - "GET /doctor/getPatientList?userId=docpost18 HTTP/1.1" 200 27 "" "Mozilla/5.0 (Windows NT 10.0; Win64; x64) AppleWebKit/537.36 (KHTML, like Gecko) Chrome/57.0.2987.133 Safari/537.36"
[2017-04-19 13:49:51.553] [INFO] cheese - ::1 - - "GET /doctor/getPatientList?userId=docpost18 HTTP/1.1" 200 27 "" "Mozilla/5.0 (Windows NT 10.0; Win64; x64) AppleWebKit/537.36 (KHTML, like Gecko) Chrome/57.0.2987.133 Safari/537.36"
[2017-04-19 13:49:56.996] [INFO] cheese - ::1 - - "GET /doctor/getPatientList?userId=docpost17 HTTP/1.1" 200 15518 "" "Mozilla/5.0 (Windows NT 10.0; Win64; x64) AppleWebKit/537.36 (KHTML, like Gecko) Chrome/57.0.2987.133 Safari/537.36"
[2017-04-19 13:49:58.708] [INFO] cheese - ::1 - - "GET /doctor/getPatientList?userId=docpost17 HTTP/1.1" 200 15518 "" "Mozilla/5.0 (Windows NT 10.0; Win64; x64) AppleWebKit/537.36 (KHTML, like Gecko) Chrome/57.0.2987.133 Safari/537.36"
[2017-04-19 13:50:12.746] [INFO] cheese - ::1 - - "GET /doctor/getPatientList?userId=doczy HTTP/1.1" 200 27 "" "Mozilla/5.0 (Windows NT 10.0; Win64; x64) AppleWebKit/537.36 (KHTML, like Gecko) Chrome/57.0.2987.133 Safari/537.36"
[2017-04-19 14:17:25.891] [INFO] cheese - ::1 - - "GET /communication/getConsultation HTTP/1.1" 200 37 "" "Mozilla/5.0 (Windows NT 10.0; Win64; x64) AppleWebKit/537.36 (KHTML, like Gecko) Chrome/57.0.2987.133 Safari/537.36"
[2017-04-19 14:17:37.334] [INFO] cheese - ::1 - - "GET /communication/getConsultation?consultationId=000 HTTP/1.1" 200 37 "" "Mozilla/5.0 (Windows NT 10.0; Win64; x64) AppleWebKit/537.36 (KHTML, like Gecko) Chrome/57.0.2987.133 Safari/537.36"
[2017-04-19 14:17:38.799] [INFO] cheese - ::1 - - "GET /communication/getConsultation?consultationId=000 HTTP/1.1" 200 37 "" "Mozilla/5.0 (Windows NT 10.0; Win64; x64) AppleWebKit/537.36 (KHTML, like Gecko) Chrome/57.0.2987.133 Safari/537.36"
[2017-04-19 14:18:04.638] [INFO] cheese - ::1 - - "GET /communication/getConsultation?consultationId=000 HTTP/1.1" 200 37 "" "Mozilla/5.0 (Windows NT 10.0; Win64; x64) AppleWebKit/537.36 (KHTML, like Gecko) Chrome/57.0.2987.133 Safari/537.36"
[2017-04-19 14:18:06.793] [INFO] cheese - ::1 - - "GET /communication/getConsultation?consultationId=000 HTTP/1.1" 200 37 "" "Mozilla/5.0 (Windows NT 10.0; Win64; x64) AppleWebKit/537.36 (KHTML, like Gecko) Chrome/57.0.2987.133 Safari/537.36"
[2017-04-19 14:18:35.694] [INFO] cheese - ::1 - - "GET /communication/getConsultation?consultationId=000 HTTP/1.1" 200 37 "" "Mozilla/5.0 (Windows NT 10.0; Win64; x64) AppleWebKit/537.36 (KHTML, like Gecko) Chrome/57.0.2987.133 Safari/537.36"
[2017-04-19 14:18:44.229] [INFO] cheese - ::1 - - "GET /communication/getConsultation?consultationId=000 HTTP/1.1" 200 40 "" "Mozilla/5.0 (Windows NT 10.0; Win64; x64) AppleWebKit/537.36 (KHTML, like Gecko) Chrome/57.0.2987.133 Safari/537.36"
[2017-04-19 14:18:58.877] [INFO] cheese - ::1 - - "GET /communication/getConsultation?consultationI=000 HTTP/1.1" 200 37 "" "Mozilla/5.0 (Windows NT 10.0; Win64; x64) AppleWebKit/537.36 (KHTML, like Gecko) Chrome/57.0.2987.133 Safari/537.36"
[2017-04-19 14:19:02.242] [INFO] cheese - ::1 - - "GET /communication/getConsultation?consultationId=000 HTTP/1.1" 200 40 "" "Mozilla/5.0 (Windows NT 10.0; Win64; x64) AppleWebKit/537.36 (KHTML, like Gecko) Chrome/57.0.2987.133 Safari/537.36"
[2017-04-19 14:19:44.315] [INFO] cheese - ::1 - - "GET /communication/getConsultation?consultationId=consultationPost02 HTTP/1.1" 200 411 "" "Mozilla/5.0 (Windows NT 10.0; Win64; x64) AppleWebKit/537.36 (KHTML, like Gecko) Chrome/57.0.2987.133 Safari/537.36"
[2017-04-19 14:23:49.558] [INFO] cheese - ::1 - - "POST /patient/bindingMyDoctor HTTP/1.1" 200 36 "" "Mozilla/5.0 (Windows NT 10.0; Win64; x64) AppleWebKit/537.36 (KHTML, like Gecko) Chrome/57.0.2987.133 Safari/537.36"
[2017-04-19 14:55:26.200] [INFO] cheese - ::1 - - "POST /patient/bindingMyDoctor HTTP/1.1" 200 36 "" "Mozilla/5.0 (Windows NT 10.0; Win64; x64) AppleWebKit/537.36 (KHTML, like Gecko) Chrome/57.0.2987.133 Safari/537.36"
[2017-04-19 14:55:33.225] [INFO] cheese - ::1 - - "POST /patient/bindingMyDoctor HTTP/1.1" 200 75 "" "Mozilla/5.0 (Windows NT 10.0; Win64; x64) AppleWebKit/537.36 (KHTML, like Gecko) Chrome/57.0.2987.133 Safari/537.36"
[2017-04-19 14:56:56.270] [INFO] cheese - ::1 - - "POST /patient/bindingMyDoctor HTTP/1.1" 200 993 "" "Mozilla/5.0 (Windows NT 10.0; Win64; x64) AppleWebKit/537.36 (KHTML, like Gecko) Chrome/57.0.2987.133 Safari/537.36"
[2017-04-19 14:57:03.268] [INFO] cheese - ::1 - - "POST /patient/bindingMyDoctor HTTP/1.1" 200 33 "" "Mozilla/5.0 (Windows NT 10.0; Win64; x64) AppleWebKit/537.36 (KHTML, like Gecko) Chrome/57.0.2987.133 Safari/537.36"
[2017-04-19 14:57:25.568] [INFO] cheese - ::1 - - "POST /patient/bindingMyDoctor HTTP/1.1" 200 993 "" "Mozilla/5.0 (Windows NT 10.0; Win64; x64) AppleWebKit/537.36 (KHTML, like Gecko) Chrome/57.0.2987.133 Safari/537.36"
[2017-04-19 15:18:52.325] [INFO] cheese - ::1 - - "POST /patient/bindingMyDoctor HTTP/1.1" 200 993 "" "Mozilla/5.0 (Windows NT 10.0; Win64; x64) AppleWebKit/537.36 (KHTML, like Gecko) Chrome/57.0.2987.133 Safari/537.36"
[2017-04-19 15:19:39.792] [INFO] cheese - ::1 - - "POST /patient/bindingMyDoctor HTTP/1.1" 200 43 "" "Mozilla/5.0 (Windows NT 10.0; Win64; x64) AppleWebKit/537.36 (KHTML, like Gecko) Chrome/57.0.2987.133 Safari/537.36"
[2017-04-19 15:20:07.867] [INFO] cheese - ::1 - - "POST /patient/bindingMyDoctor HTTP/1.1" 200 43 "" "Mozilla/5.0 (Windows NT 10.0; Win64; x64) AppleWebKit/537.36 (KHTML, like Gecko) Chrome/57.0.2987.133 Safari/537.36"
[2017-04-19 15:20:22.744] [INFO] cheese - ::1 - - "POST /patient/bindingMyDoctor HTTP/1.1" 200 43 "" "Mozilla/5.0 (Windows NT 10.0; Win64; x64) AppleWebKit/537.36 (KHTML, like Gecko) Chrome/57.0.2987.133 Safari/537.36"
[2017-04-19 15:31:30.442] [INFO] cheese - ::1 - - "GET /insurance/getInsMsg?doctorId=doc01&patientId=p01 HTTP/1.1" 200 1090 "" "Mozilla/5.0 (Windows NT 10.0; Win64; x64) AppleWebKit/537.36 (KHTML, like Gecko) Chrome/57.0.2987.133 Safari/537.36"
[2017-04-19 15:33:54.989] [INFO] cheese - ::1 - - "POST /patient/bindingMyDoctor HTTP/1.1" 200 75 "" "Mozilla/5.0 (Windows NT 10.0; Win64; x64) AppleWebKit/537.36 (KHTML, like Gecko) Chrome/57.0.2987.133 Safari/537.36"
[2017-04-19 15:34:08.180] [INFO] cheese - ::1 - - "POST /patient/bindingMyDoctor HTTP/1.1" 200 75 "" "Mozilla/5.0 (Windows NT 10.0; Win64; x64) AppleWebKit/537.36 (KHTML, like Gecko) Chrome/57.0.2987.133 Safari/537.36"
[2017-04-19 15:34:08.804] [INFO] cheese - ::1 - - "POST /patient/bindingMyDoctor HTTP/1.1" 200 75 "" "Mozilla/5.0 (Windows NT 10.0; Win64; x64) AppleWebKit/537.36 (KHTML, like Gecko) Chrome/57.0.2987.133 Safari/537.36"
[2017-04-19 15:34:39.487] [INFO] cheese - ::1 - - "POST /patient/bindingMyDoctor HTTP/1.1" 200 43 "" "Mozilla/5.0 (Windows NT 10.0; Win64; x64) AppleWebKit/537.36 (KHTML, like Gecko) Chrome/57.0.2987.133 Safari/537.36"
[2017-04-19 15:35:22.939] [INFO] cheese - ::1 - - "POST /patient/bindingMyDoctor HTTP/1.1" 200 75 "" "Mozilla/5.0 (Windows NT 10.0; Win64; x64) AppleWebKit/537.36 (KHTML, like Gecko) Chrome/57.0.2987.133 Safari/537.36"
[2017-04-19 15:35:30.920] [INFO] cheese - ::1 - - "POST /patient/bindingMyDoctor HTTP/1.1" 200 25 "" "Mozilla/5.0 (Windows NT 10.0; Win64; x64) AppleWebKit/537.36 (KHTML, like Gecko) Chrome/57.0.2987.133 Safari/537.36"
[2017-04-19 15:36:09.609] [INFO] cheese - ::1 - - "POST /patient/bindingMyDoctor HTTP/1.1" 200 75 "" "Mozilla/5.0 (Windows NT 10.0; Win64; x64) AppleWebKit/537.36 (KHTML, like Gecko) Chrome/57.0.2987.133 Safari/537.36"
[2017-04-19 15:36:10.424] [INFO] cheese - ::1 - - "POST /patient/bindingMyDoctor HTTP/1.1" 200 25 "" "Mozilla/5.0 (Windows NT 10.0; Win64; x64) AppleWebKit/537.36 (KHTML, like Gecko) Chrome/57.0.2987.133 Safari/537.36"
[2017-04-19 15:36:22.349] [INFO] cheese - ::1 - - "POST /patient/bindingMyDoctor HTTP/1.1" 200 75 "" "Mozilla/5.0 (Windows NT 10.0; Win64; x64) AppleWebKit/537.36 (KHTML, like Gecko) Chrome/57.0.2987.133 Safari/537.36"
[2017-04-19 15:36:23.240] [INFO] cheese - ::1 - - "POST /patient/bindingMyDoctor HTTP/1.1" 200 75 "" "Mozilla/5.0 (Windows NT 10.0; Win64; x64) AppleWebKit/537.36 (KHTML, like Gecko) Chrome/57.0.2987.133 Safari/537.36"
[2017-04-19 15:36:40.870] [INFO] cheese - ::1 - - "POST /patient/bindingMyDoctor HTTP/1.1" 200 75 "" "Mozilla/5.0 (Windows NT 10.0; Win64; x64) AppleWebKit/537.36 (KHTML, like Gecko) Chrome/57.0.2987.133 Safari/537.36"
[2017-04-19 15:36:57.262] [INFO] cheese - ::1 - - "POST /patient/bindingMyDoctor HTTP/1.1" 200 75 "" "Mozilla/5.0 (Windows NT 10.0; Win64; x64) AppleWebKit/537.36 (KHTML, like Gecko) Chrome/57.0.2987.133 Safari/537.36"
[2017-04-19 15:38:07.091] [INFO] cheese - ::1 - - "POST /patient/bindingMyDoctor HTTP/1.1" 200 36 "" "Mozilla/5.0 (Windows NT 10.0; Win64; x64) AppleWebKit/537.36 (KHTML, like Gecko) Chrome/57.0.2987.133 Safari/537.36"
[2017-04-19 15:38:12.896] [INFO] cheese - ::1 - - "POST /patient/bindingMyDoctor HTTP/1.1" 200 75 "" "Mozilla/5.0 (Windows NT 10.0; Win64; x64) AppleWebKit/537.36 (KHTML, like Gecko) Chrome/57.0.2987.133 Safari/537.36"
[2017-04-19 16:02:05.725] [INFO] cheese - ::1 - - "POST /insurance/updateInsuranceMsg HTTP/1.1" 200 162 "" "Mozilla/5.0 (Windows NT 10.0; Win64; x64) AppleWebKit/537.36 (KHTML, like Gecko) Chrome/57.0.2987.133 Safari/537.36"
[2017-04-19 16:03:30.613] [INFO] cheese - ::1 - - "POST /insurance/updateInsuranceMsg HTTP/1.1" 200 162 "" "Mozilla/5.0 (Windows NT 10.0; Win64; x64) AppleWebKit/537.36 (KHTML, like Gecko) Chrome/57.0.2987.133 Safari/537.36"
[2017-04-19 16:03:44.956] [INFO] cheese - ::1 - - "POST /insurance/updateInsuranceMsg HTTP/1.1" 200 1165 "" "Mozilla/5.0 (Windows NT 10.0; Win64; x64) AppleWebKit/537.36 (KHTML, like Gecko) Chrome/57.0.2987.133 Safari/537.36"
[2017-04-19 16:05:40.825] [INFO] cheese - ::1 - - "GET /doctor/getSchedules?userId=doc01 HTTP/1.1" 200 28 "" "Mozilla/5.0 (Windows NT 10.0; Win64; x64) AppleWebKit/537.36 (KHTML, like Gecko) Chrome/57.0.2987.133 Safari/537.36"
[2017-04-19 19:12:21.512] [INFO] cheese - ::1 - - "POST /communication/insertMember HTTP/1.1" 422 75 "" "Mozilla/5.0 (Windows NT 10.0; Win64; x64) AppleWebKit/537.36 (KHTML, like Gecko) Chrome/57.0.2987.133 Safari/537.36"
[2017-04-19 19:13:34.575] [INFO] cheese - ::1 - - "POST /communication/insertMember HTTP/1.1" 200 103 "" "Mozilla/5.0 (Windows NT 10.0; Win64; x64) AppleWebKit/537.36 (KHTML, like Gecko) Chrome/57.0.2987.133 Safari/537.36"
[2017-04-19 19:14:00.408] [INFO] cheese - ::1 - - "POST /communication/insertMember HTTP/1.1" 200 40 "" "Mozilla/5.0 (Windows NT 10.0; Win64; x64) AppleWebKit/537.36 (KHTML, like Gecko) Chrome/57.0.2987.133 Safari/537.36"
[2017-04-19 19:15:55.121] [INFO] cheese - ::1 - - "POST /communication/insertMember HTTP/1.1" 200 40 "" "Mozilla/5.0 (Windows NT 10.0; Win64; x64) AppleWebKit/537.36 (KHTML, like Gecko) Chrome/57.0.2987.133 Safari/537.36"
[2017-04-19 19:19:02.581] [INFO] cheese - ::1 - - "POST /communication/insertMember HTTP/1.1" 200 40 "" "Mozilla/5.0 (Windows NT 10.0; Win64; x64) AppleWebKit/537.36 (KHTML, like Gecko) Chrome/57.0.2987.133 Safari/537.36"
[2017-04-19 19:20:40.856] [INFO] cheese - ::1 - - "POST /communication/insertMember HTTP/1.1" 200 955 "" "Mozilla/5.0 (Windows NT 10.0; Win64; x64) AppleWebKit/537.36 (KHTML, like Gecko) Chrome/57.0.2987.133 Safari/537.36"
[2017-04-19 19:35:13.248] [INFO] cheese - ::1 - - "POST /communication/insertMember HTTP/1.1" 200 103 "" "Mozilla/5.0 (Windows NT 10.0; Win64; x64) AppleWebKit/537.36 (KHTML, like Gecko) Chrome/57.0.2987.133 Safari/537.36"
[2017-04-19 19:35:20.784] [INFO] cheese - ::1 - - "POST /communication/insertMember HTTP/1.1" 200 1023 "" "Mozilla/5.0 (Windows NT 10.0; Win64; x64) AppleWebKit/537.36 (KHTML, like Gecko) Chrome/57.0.2987.133 Safari/537.36"
[2017-04-19 19:38:51.874] [INFO] cheese - ::1 - - "POST /communication/removeMember HTTP/1.1" 200 40 "" "Mozilla/5.0 (Windows NT 10.0; Win64; x64) AppleWebKit/537.36 (KHTML, like Gecko) Chrome/57.0.2987.133 Safari/537.36"
[2017-04-19 19:40:18.786] [INFO] cheese - ::1 - - "POST /communication/insertMember HTTP/1.1" 200 1023 "" "Mozilla/5.0 (Windows NT 10.0; Win64; x64) AppleWebKit/537.36 (KHTML, like Gecko) Chrome/57.0.2987.133 Safari/537.36"
[2017-04-19 19:40:26.781] [INFO] cheese - ::1 - - "POST /communication/insertMember HTTP/1.1" 200 1093 "" "Mozilla/5.0 (Windows NT 10.0; Win64; x64) AppleWebKit/537.36 (KHTML, like Gecko) Chrome/57.0.2987.133 Safari/537.36"
[2017-04-19 20:03:14.517] [INFO] cheese - ::1 - - "POST /communication/insertMember HTTP/1.1" 200 1162 "" "Mozilla/5.0 (Windows NT 10.0; Win64; x64) AppleWebKit/537.36 (KHTML, like Gecko) Chrome/57.0.2987.133 Safari/537.36"
[2017-04-19 20:06:03.234] [INFO] cheese - ::1 - - "POST /communication/insertMember HTTP/1.1" 200 103 "" "Mozilla/5.0 (Windows NT 10.0; Win64; x64) AppleWebKit/537.36 (KHTML, like Gecko) Chrome/57.0.2987.133 Safari/537.36"
[2017-04-19 20:06:19.177] [INFO] cheese - ::1 - - "POST /communication/removeMember HTTP/1.1" 200 40 "" "Mozilla/5.0 (Windows NT 10.0; Win64; x64) AppleWebKit/537.36 (KHTML, like Gecko) Chrome/57.0.2987.133 Safari/537.36"
[2017-04-19 20:06:25.929] [INFO] cheese - ::1 - - "POST /communication/removeMember HTTP/1.1" 200 100 "" "Mozilla/5.0 (Windows NT 10.0; Win64; x64) AppleWebKit/537.36 (KHTML, like Gecko) Chrome/57.0.2987.133 Safari/537.36"
[2017-04-19 20:06:33.972] [INFO] cheese - ::1 - - "POST /communication/removeMember HTTP/1.1" 200 40 "" "Mozilla/5.0 (Windows NT 10.0; Win64; x64) AppleWebKit/537.36 (KHTML, like Gecko) Chrome/57.0.2987.133 Safari/537.36"
[2017-04-19 20:07:14.318] [INFO] cheese - ::1 - - "POST /communication/removeMember HTTP/1.1" 200 100 "" "Mozilla/5.0 (Windows NT 10.0; Win64; x64) AppleWebKit/537.36 (KHTML, like Gecko) Chrome/57.0.2987.133 Safari/537.36"
[2017-04-19 20:07:18.370] [INFO] cheese - ::1 - - "POST /communication/removeMember HTTP/1.1" 200 40 "" "Mozilla/5.0 (Windows NT 10.0; Win64; x64) AppleWebKit/537.36 (KHTML, like Gecko) Chrome/57.0.2987.133 Safari/537.36"
[2017-04-19 20:08:50.101] [INFO] cheese - ::1 - - "POST /communication/removeMember HTTP/1.1" 200 890 "" "Mozilla/5.0 (Windows NT 10.0; Win64; x64) AppleWebKit/537.36 (KHTML, like Gecko) Chrome/57.0.2987.133 Safari/537.36"
[2017-04-19 20:09:03.098] [INFO] cheese - ::1 - - "POST /communication/removeMember HTTP/1.1" 200 822 "" "Mozilla/5.0 (Windows NT 10.0; Win64; x64) AppleWebKit/537.36 (KHTML, like Gecko) Chrome/57.0.2987.133 Safari/537.36"
[2017-04-19 20:10:50.186] [INFO] cheese - ::1 - - "POST /communication/removeMember HTTP/1.1" 200 100 "" "Mozilla/5.0 (Windows NT 10.0; Win64; x64) AppleWebKit/537.36 (KHTML, like Gecko) Chrome/57.0.2987.133 Safari/537.36"
[2017-04-19 20:10:53.693] [INFO] cheese - ::1 - - "POST /communication/removeMember HTTP/1.1" 200 756 "" "Mozilla/5.0 (Windows NT 10.0; Win64; x64) AppleWebKit/537.36 (KHTML, like Gecko) Chrome/57.0.2987.133 Safari/537.36"
[2017-04-19 20:11:04.918] [INFO] cheese - ::1 - - "POST /communication/removeMember HTTP/1.1" 200 100 "" "Mozilla/5.0 (Windows NT 10.0; Win64; x64) AppleWebKit/537.36 (KHTML, like Gecko) Chrome/57.0.2987.133 Safari/537.36"
[2017-04-19 20:11:09.378] [INFO] cheese - ::1 - - "POST /communication/removeMember HTTP/1.1" 200 719 "" "Mozilla/5.0 (Windows NT 10.0; Win64; x64) AppleWebKit/537.36 (KHTML, like Gecko) Chrome/57.0.2987.133 Safari/537.36"
[2017-04-19 21:10:37.276] [INFO] cheese - ::1 - - "GET /counsel/getCounsels?userId=doc01&status=1&type=1 HTTP/1.1" 200 24 "" "Mozilla/5.0 (Windows NT 10.0; Win64; x64) AppleWebKit/537.36 (KHTML, like Gecko) Chrome/57.0.2987.133 Safari/537.36"
[2017-04-19 21:10:56.082] [INFO] cheese - ::1 - - "GET /counsel/getCounsels?userId=doc01&status=1&type=1 HTTP/1.1" 200 24 "" "Mozilla/5.0 (Windows NT 10.0; Win64; x64) AppleWebKit/537.36 (KHTML, like Gecko) Chrome/57.0.2987.133 Safari/537.36"
[2017-04-19 21:11:30.862] [INFO] cheese - ::1 - - "GET /counsel/getCounsels?userId=doc01&status=0&type=1 HTTP/1.1" 200 5109 "" "Mozilla/5.0 (Windows NT 10.0; Win64; x64) AppleWebKit/537.36 (KHTML, like Gecko) Chrome/57.0.2987.133 Safari/537.36"
[2017-04-19 21:12:12.303] [INFO] cheese - ::1 - - "GET /counsel/getCounsels?userId=doc01&status=0&type=1 HTTP/1.1" 200 1867 "" "Mozilla/5.0 (Windows NT 10.0; Win64; x64) AppleWebKit/537.36 (KHTML, like Gecko) Chrome/57.0.2987.133 Safari/537.36"
[2017-04-19 21:47:11.423] [INFO] cheese - ::1 - - "GET /doctor/getTeam?teamId=team3 HTTP/1.1" 200 13 "" "Mozilla/5.0 (Windows NT 10.0; Win64; x64) AppleWebKit/537.36 (KHTML, like Gecko) Chrome/57.0.2987.133 Safari/537.36"
