[2017-04-24 15:02:10.540] [INFO] cheese - ::1 - - "GET /chat HTTP/1.1" 304 - "" "Mozilla/5.0 (Windows NT 10.0; Win64; x64) AppleWebKit/537.36 (KHTML, like Gecko) Chrome/57.0.2987.133 Safari/537.36"
[2017-04-24 15:02:10.558] [INFO] cheese - ::1 - - "GET /public/css/style.css HTTP/1.1" 304 - "http://localhost:4050/chat" "Mozilla/5.0 (Windows NT 10.0; Win64; x64) AppleWebKit/537.36 (KHTML, like Gecko) Chrome/57.0.2987.133 Safari/537.36"
[2017-04-24 15:02:10.560] [INFO] cheese - ::1 - - "GET /public/js/jquery.2.1.4.min.js HTTP/1.1" 304 - "http://localhost:4050/chat" "Mozilla/5.0 (Windows NT 10.0; Win64; x64) AppleWebKit/537.36 (KHTML, like Gecko) Chrome/57.0.2987.133 Safari/537.36"
[2017-04-24 15:02:10.564] [INFO] cheese - ::1 - - "GET /public/js/jquery.qqFace.js HTTP/1.1" 304 - "http://localhost:4050/chat" "Mozilla/5.0 (Windows NT 10.0; Win64; x64) AppleWebKit/537.36 (KHTML, like Gecko) Chrome/57.0.2987.133 Safari/537.36"
[2017-04-24 15:02:10.566] [INFO] cheese - ::1 - - "GET /public/js/socket.io.js HTTP/1.1" 304 - "http://localhost:4050/chat" "Mozilla/5.0 (Windows NT 10.0; Win64; x64) AppleWebKit/537.36 (KHTML, like Gecko) Chrome/57.0.2987.133 Safari/537.36"
[2017-04-24 15:02:10.709] [INFO] cheese - ::1 - - "GET /public/images/back.png HTTP/1.1" 304 - "http://localhost:4050/public/css/style.css" "Mozilla/5.0 (Windows NT 10.0; Win64; x64) AppleWebKit/537.36 (KHTML, like Gecko) Chrome/57.0.2987.133 Safari/537.36"
[2017-04-24 15:02:10.713] [INFO] cheese - ::1 - - "GET /public/images/icon.png HTTP/1.1" 304 - "http://localhost:4050/public/css/style.css" "Mozilla/5.0 (Windows NT 10.0; Win64; x64) AppleWebKit/537.36 (KHTML, like Gecko) Chrome/57.0.2987.133 Safari/537.36"
[2017-04-24 15:02:10.717] [INFO] cheese - ::1 - - "GET /public/images/img.png HTTP/1.1" 304 - "http://localhost:4050/public/css/style.css" "Mozilla/5.0 (Windows NT 10.0; Win64; x64) AppleWebKit/537.36 (KHTML, like Gecko) Chrome/57.0.2987.133 Safari/537.36"
[2017-04-24 15:02:10.849] [INFO] cheese - ::1 - - "GET /favicon.ico HTTP/1.1" 304 - "http://localhost:4050/chat" "Mozilla/5.0 (Windows NT 10.0; Win64; x64) AppleWebKit/537.36 (KHTML, like Gecko) Chrome/57.0.2987.133 Safari/537.36"
[2017-04-24 15:02:27.250] [INFO] cheese - ::1 - - "GET /chat HTTP/1.1" 304 - "" "Mozilla/5.0 (Windows NT 10.0; Win64; x64) AppleWebKit/537.36 (KHTML, like Gecko) Chrome/57.0.2987.133 Safari/537.36"
[2017-04-24 15:02:27.264] [INFO] cheese - ::1 - - "GET /public/css/style.css HTTP/1.1" 304 - "http://localhost:4050/chat" "Mozilla/5.0 (Windows NT 10.0; Win64; x64) AppleWebKit/537.36 (KHTML, like Gecko) Chrome/57.0.2987.133 Safari/537.36"
[2017-04-24 15:02:27.267] [INFO] cheese - ::1 - - "GET /public/js/jquery.2.1.4.min.js HTTP/1.1" 304 - "http://localhost:4050/chat" "Mozilla/5.0 (Windows NT 10.0; Win64; x64) AppleWebKit/537.36 (KHTML, like Gecko) Chrome/57.0.2987.133 Safari/537.36"
[2017-04-24 15:02:27.270] [INFO] cheese - ::1 - - "GET /public/js/jquery.qqFace.js HTTP/1.1" 304 - "http://localhost:4050/chat" "Mozilla/5.0 (Windows NT 10.0; Win64; x64) AppleWebKit/537.36 (KHTML, like Gecko) Chrome/57.0.2987.133 Safari/537.36"
[2017-04-24 15:02:27.275] [INFO] cheese - ::1 - - "GET /public/js/socket.io.js HTTP/1.1" 304 - "http://localhost:4050/chat" "Mozilla/5.0 (Windows NT 10.0; Win64; x64) AppleWebKit/537.36 (KHTML, like Gecko) Chrome/57.0.2987.133 Safari/537.36"
[2017-04-24 15:02:27.422] [INFO] cheese - ::1 - - "GET /public/images/back.png HTTP/1.1" 304 - "http://localhost:4050/public/css/style.css" "Mozilla/5.0 (Windows NT 10.0; Win64; x64) AppleWebKit/537.36 (KHTML, like Gecko) Chrome/57.0.2987.133 Safari/537.36"
[2017-04-24 15:02:27.424] [INFO] cheese - ::1 - - "GET /public/images/icon.png HTTP/1.1" 304 - "http://localhost:4050/public/css/style.css" "Mozilla/5.0 (Windows NT 10.0; Win64; x64) AppleWebKit/537.36 (KHTML, like Gecko) Chrome/57.0.2987.133 Safari/537.36"
[2017-04-24 15:02:27.426] [INFO] cheese - ::1 - - "GET /public/images/img.png HTTP/1.1" 304 - "http://localhost:4050/public/css/style.css" "Mozilla/5.0 (Windows NT 10.0; Win64; x64) AppleWebKit/537.36 (KHTML, like Gecko) Chrome/57.0.2987.133 Safari/537.36"
[2017-04-24 15:02:27.586] [INFO] cheese - ::1 - - "GET /favicon.ico HTTP/1.1" 304 - "http://localhost:4050/chat" "Mozilla/5.0 (Windows NT 10.0; Win64; x64) AppleWebKit/537.36 (KHTML, like Gecko) Chrome/57.0.2987.133 Safari/537.36"
[2017-04-24 15:05:12.507] [INFO] cheese - ::1 - - "GET /public/images/face/1.gif HTTP/1.1" 304 - "http://localhost:4050/chat" "Mozilla/5.0 (Windows NT 10.0; Win64; x64) AppleWebKit/537.36 (KHTML, like Gecko) Chrome/57.0.2987.133 Safari/537.36"
[2017-04-24 15:05:12.508] [INFO] cheese - ::1 - - "GET /public/images/face/2.gif HTTP/1.1" 304 - "http://localhost:4050/chat" "Mozilla/5.0 (Windows NT 10.0; Win64; x64) AppleWebKit/537.36 (KHTML, like Gecko) Chrome/57.0.2987.133 Safari/537.36"
[2017-04-24 15:05:12.509] [INFO] cheese - ::1 - - "GET /public/images/face/3.gif HTTP/1.1" 304 - "http://localhost:4050/chat" "Mozilla/5.0 (Windows NT 10.0; Win64; x64) AppleWebKit/537.36 (KHTML, like Gecko) Chrome/57.0.2987.133 Safari/537.36"
[2017-04-24 15:05:12.511] [INFO] cheese - ::1 - - "GET /public/images/face/6.gif HTTP/1.1" 304 - "http://localhost:4050/chat" "Mozilla/5.0 (Windows NT 10.0; Win64; x64) AppleWebKit/537.36 (KHTML, like Gecko) Chrome/57.0.2987.133 Safari/537.36"
[2017-04-24 15:05:12.512] [INFO] cheese - ::1 - - "GET /public/images/face/4.gif HTTP/1.1" 304 - "http://localhost:4050/chat" "Mozilla/5.0 (Windows NT 10.0; Win64; x64) AppleWebKit/537.36 (KHTML, like Gecko) Chrome/57.0.2987.133 Safari/537.36"
[2017-04-24 15:05:12.513] [INFO] cheese - ::1 - - "GET /public/images/face/5.gif HTTP/1.1" 304 - "http://localhost:4050/chat" "Mozilla/5.0 (Windows NT 10.0; Win64; x64) AppleWebKit/537.36 (KHTML, like Gecko) Chrome/57.0.2987.133 Safari/537.36"
[2017-04-24 15:05:12.517] [INFO] cheese - ::1 - - "GET /public/images/face/67.gif HTTP/1.1" 304 - "http://localhost:4050/chat" "Mozilla/5.0 (Windows NT 10.0; Win64; x64) AppleWebKit/537.36 (KHTML, like Gecko) Chrome/57.0.2987.133 Safari/537.36"
[2017-04-24 15:05:12.518] [INFO] cheese - ::1 - - "GET /public/images/face/65.gif HTTP/1.1" 304 - "http://localhost:4050/chat" "Mozilla/5.0 (Windows NT 10.0; Win64; x64) AppleWebKit/537.36 (KHTML, like Gecko) Chrome/57.0.2987.133 Safari/537.36"
[2017-04-24 15:05:12.519] [INFO] cheese - ::1 - - "GET /public/images/face/61.gif HTTP/1.1" 304 - "http://localhost:4050/chat" "Mozilla/5.0 (Windows NT 10.0; Win64; x64) AppleWebKit/537.36 (KHTML, like Gecko) Chrome/57.0.2987.133 Safari/537.36"
[2017-04-24 15:05:12.530] [INFO] cheese - ::1 - - "GET /public/images/face/59.gif HTTP/1.1" 304 - "http://localhost:4050/chat" "Mozilla/5.0 (Windows NT 10.0; Win64; x64) AppleWebKit/537.36 (KHTML, like Gecko) Chrome/57.0.2987.133 Safari/537.36"
[2017-04-24 15:05:12.531] [INFO] cheese - ::1 - - "GET /public/images/face/36.gif HTTP/1.1" 304 - "http://localhost:4050/chat" "Mozilla/5.0 (Windows NT 10.0; Win64; x64) AppleWebKit/537.36 (KHTML, like Gecko) Chrome/57.0.2987.133 Safari/537.36"
[2017-04-24 15:05:12.532] [INFO] cheese - ::1 - - "GET /public/images/face/15.gif HTTP/1.1" 304 - "http://localhost:4050/chat" "Mozilla/5.0 (Windows NT 10.0; Win64; x64) AppleWebKit/537.36 (KHTML, like Gecko) Chrome/57.0.2987.133 Safari/537.36"
[2017-04-24 15:05:12.536] [INFO] cheese - ::1 - - "GET /public/images/face/38.gif HTTP/1.1" 304 - "http://localhost:4050/chat" "Mozilla/5.0 (Windows NT 10.0; Win64; x64) AppleWebKit/537.36 (KHTML, like Gecko) Chrome/57.0.2987.133 Safari/537.36"
[2017-04-24 15:05:12.538] [INFO] cheese - ::1 - - "GET /public/images/face/48.gif HTTP/1.1" 304 - "http://localhost:4050/chat" "Mozilla/5.0 (Windows NT 10.0; Win64; x64) AppleWebKit/537.36 (KHTML, like Gecko) Chrome/57.0.2987.133 Safari/537.36"
[2017-04-24 15:05:12.539] [INFO] cheese - ::1 - - "GET /public/images/face/18.gif HTTP/1.1" 304 - "http://localhost:4050/chat" "Mozilla/5.0 (Windows NT 10.0; Win64; x64) AppleWebKit/537.36 (KHTML, like Gecko) Chrome/57.0.2987.133 Safari/537.36"
[2017-04-24 15:05:12.542] [INFO] cheese - ::1 - - "GET /public/images/face/69.gif HTTP/1.1" 304 - "http://localhost:4050/chat" "Mozilla/5.0 (Windows NT 10.0; Win64; x64) AppleWebKit/537.36 (KHTML, like Gecko) Chrome/57.0.2987.133 Safari/537.36"
[2017-04-24 15:05:12.542] [INFO] cheese - ::1 - - "GET /public/images/face/57.gif HTTP/1.1" 304 - "http://localhost:4050/chat" "Mozilla/5.0 (Windows NT 10.0; Win64; x64) AppleWebKit/537.36 (KHTML, like Gecko) Chrome/57.0.2987.133 Safari/537.36"
[2017-04-24 15:05:12.546] [INFO] cheese - ::1 - - "GET /public/images/face/28.gif HTTP/1.1" 304 - "http://localhost:4050/chat" "Mozilla/5.0 (Windows NT 10.0; Win64; x64) AppleWebKit/537.36 (KHTML, like Gecko) Chrome/57.0.2987.133 Safari/537.36"
[2017-04-24 15:05:12.547] [INFO] cheese - ::1 - - "GET /public/images/face/7.gif HTTP/1.1" 304 - "http://localhost:4050/chat" "Mozilla/5.0 (Windows NT 10.0; Win64; x64) AppleWebKit/537.36 (KHTML, like Gecko) Chrome/57.0.2987.133 Safari/537.36"
[2017-04-24 15:05:12.548] [INFO] cheese - ::1 - - "GET /public/images/face/75.gif HTTP/1.1" 304 - "http://localhost:4050/chat" "Mozilla/5.0 (Windows NT 10.0; Win64; x64) AppleWebKit/537.36 (KHTML, like Gecko) Chrome/57.0.2987.133 Safari/537.36"
[2017-04-24 15:05:12.552] [INFO] cheese - ::1 - - "GET /public/images/face/56.gif HTTP/1.1" 304 - "http://localhost:4050/chat" "Mozilla/5.0 (Windows NT 10.0; Win64; x64) AppleWebKit/537.36 (KHTML, like Gecko) Chrome/57.0.2987.133 Safari/537.36"
[2017-04-24 15:05:12.555] [INFO] cheese - ::1 - - "GET /public/images/face/42.gif HTTP/1.1" 304 - "http://localhost:4050/chat" "Mozilla/5.0 (Windows NT 10.0; Win64; x64) AppleWebKit/537.36 (KHTML, like Gecko) Chrome/57.0.2987.133 Safari/537.36"
[2017-04-24 15:05:12.558] [INFO] cheese - ::1 - - "GET /public/images/face/46.gif HTTP/1.1" 304 - "http://localhost:4050/chat" "Mozilla/5.0 (Windows NT 10.0; Win64; x64) AppleWebKit/537.36 (KHTML, like Gecko) Chrome/57.0.2987.133 Safari/537.36"
[2017-04-24 15:05:12.563] [INFO] cheese - ::1 - - "GET /public/images/face/53.gif HTTP/1.1" 304 - "http://localhost:4050/chat" "Mozilla/5.0 (Windows NT 10.0; Win64; x64) AppleWebKit/537.36 (KHTML, like Gecko) Chrome/57.0.2987.133 Safari/537.36"
[2017-04-24 15:05:12.564] [INFO] cheese - ::1 - - "GET /public/images/face/74.gif HTTP/1.1" 304 - "http://localhost:4050/chat" "Mozilla/5.0 (Windows NT 10.0; Win64; x64) AppleWebKit/537.36 (KHTML, like Gecko) Chrome/57.0.2987.133 Safari/537.36"
[2017-04-24 15:05:12.567] [INFO] cheese - ::1 - - "GET /public/images/face/64.gif HTTP/1.1" 304 - "http://localhost:4050/chat" "Mozilla/5.0 (Windows NT 10.0; Win64; x64) AppleWebKit/537.36 (KHTML, like Gecko) Chrome/57.0.2987.133 Safari/537.36"
[2017-04-24 15:05:12.571] [INFO] cheese - ::1 - - "GET /public/images/face/70.gif HTTP/1.1" 304 - "http://localhost:4050/chat" "Mozilla/5.0 (Windows NT 10.0; Win64; x64) AppleWebKit/537.36 (KHTML, like Gecko) Chrome/57.0.2987.133 Safari/537.36"
[2017-04-24 15:05:12.574] [INFO] cheese - ::1 - - "GET /public/images/face/43.gif HTTP/1.1" 304 - "http://localhost:4050/chat" "Mozilla/5.0 (Windows NT 10.0; Win64; x64) AppleWebKit/537.36 (KHTML, like Gecko) Chrome/57.0.2987.133 Safari/537.36"
[2017-04-24 15:05:12.577] [INFO] cheese - ::1 - - "GET /public/images/face/12.gif HTTP/1.1" 304 - "http://localhost:4050/chat" "Mozilla/5.0 (Windows NT 10.0; Win64; x64) AppleWebKit/537.36 (KHTML, like Gecko) Chrome/57.0.2987.133 Safari/537.36"
[2017-04-24 15:05:12.581] [INFO] cheese - ::1 - - "GET /public/images/face/9.gif HTTP/1.1" 304 - "http://localhost:4050/chat" "Mozilla/5.0 (Windows NT 10.0; Win64; x64) AppleWebKit/537.36 (KHTML, like Gecko) Chrome/57.0.2987.133 Safari/537.36"
[2017-04-24 15:05:12.584] [INFO] cheese - ::1 - - "GET /public/images/face/33.gif HTTP/1.1" 304 - "http://localhost:4050/chat" "Mozilla/5.0 (Windows NT 10.0; Win64; x64) AppleWebKit/537.36 (KHTML, like Gecko) Chrome/57.0.2987.133 Safari/537.36"
[2017-04-24 15:05:12.589] [INFO] cheese - ::1 - - "GET /public/images/face/17.gif HTTP/1.1" 304 - "http://localhost:4050/chat" "Mozilla/5.0 (Windows NT 10.0; Win64; x64) AppleWebKit/537.36 (KHTML, like Gecko) Chrome/57.0.2987.133 Safari/537.36"
[2017-04-24 15:05:12.591] [INFO] cheese - ::1 - - "GET /public/images/face/58.gif HTTP/1.1" 304 - "http://localhost:4050/chat" "Mozilla/5.0 (Windows NT 10.0; Win64; x64) AppleWebKit/537.36 (KHTML, like Gecko) Chrome/57.0.2987.133 Safari/537.36"
[2017-04-24 15:05:12.597] [INFO] cheese - ::1 - - "GET /public/images/face/20.gif HTTP/1.1" 304 - "http://localhost:4050/chat" "Mozilla/5.0 (Windows NT 10.0; Win64; x64) AppleWebKit/537.36 (KHTML, like Gecko) Chrome/57.0.2987.133 Safari/537.36"
[2017-04-24 15:05:12.598] [INFO] cheese - ::1 - - "GET /public/images/face/45.gif HTTP/1.1" 304 - "http://localhost:4050/chat" "Mozilla/5.0 (Windows NT 10.0; Win64; x64) AppleWebKit/537.36 (KHTML, like Gecko) Chrome/57.0.2987.133 Safari/537.36"
[2017-04-24 15:05:12.602] [INFO] cheese - ::1 - - "GET /public/images/face/22.gif HTTP/1.1" 304 - "http://localhost:4050/chat" "Mozilla/5.0 (Windows NT 10.0; Win64; x64) AppleWebKit/537.36 (KHTML, like Gecko) Chrome/57.0.2987.133 Safari/537.36"
[2017-04-24 15:05:12.604] [INFO] cheese - ::1 - - "GET /public/images/face/50.gif HTTP/1.1" 304 - "http://localhost:4050/chat" "Mozilla/5.0 (Windows NT 10.0; Win64; x64) AppleWebKit/537.36 (KHTML, like Gecko) Chrome/57.0.2987.133 Safari/537.36"
[2017-04-24 15:05:12.606] [INFO] cheese - ::1 - - "GET /public/images/face/49.gif HTTP/1.1" 304 - "http://localhost:4050/chat" "Mozilla/5.0 (Windows NT 10.0; Win64; x64) AppleWebKit/537.36 (KHTML, like Gecko) Chrome/57.0.2987.133 Safari/537.36"
[2017-04-24 15:05:12.610] [INFO] cheese - ::1 - - "GET /public/images/face/32.gif HTTP/1.1" 304 - "http://localhost:4050/chat" "Mozilla/5.0 (Windows NT 10.0; Win64; x64) AppleWebKit/537.36 (KHTML, like Gecko) Chrome/57.0.2987.133 Safari/537.36"
[2017-04-24 15:05:12.615] [INFO] cheese - ::1 - - "GET /public/images/face/51.gif HTTP/1.1" 304 - "http://localhost:4050/chat" "Mozilla/5.0 (Windows NT 10.0; Win64; x64) AppleWebKit/537.36 (KHTML, like Gecko) Chrome/57.0.2987.133 Safari/537.36"
[2017-04-24 15:05:12.617] [INFO] cheese - ::1 - - "GET /public/images/face/10.gif HTTP/1.1" 304 - "http://localhost:4050/chat" "Mozilla/5.0 (Windows NT 10.0; Win64; x64) AppleWebKit/537.36 (KHTML, like Gecko) Chrome/57.0.2987.133 Safari/537.36"
[2017-04-24 15:05:12.618] [INFO] cheese - ::1 - - "GET /public/images/face/31.gif HTTP/1.1" 304 - "http://localhost:4050/chat" "Mozilla/5.0 (Windows NT 10.0; Win64; x64) AppleWebKit/537.36 (KHTML, like Gecko) Chrome/57.0.2987.133 Safari/537.36"
[2017-04-24 15:05:12.621] [INFO] cheese - ::1 - - "GET /public/images/face/44.gif HTTP/1.1" 304 - "http://localhost:4050/chat" "Mozilla/5.0 (Windows NT 10.0; Win64; x64) AppleWebKit/537.36 (KHTML, like Gecko) Chrome/57.0.2987.133 Safari/537.36"
[2017-04-24 15:05:12.624] [INFO] cheese - ::1 - - "GET /public/images/face/24.gif HTTP/1.1" 304 - "http://localhost:4050/chat" "Mozilla/5.0 (Windows NT 10.0; Win64; x64) AppleWebKit/537.36 (KHTML, like Gecko) Chrome/57.0.2987.133 Safari/537.36"
[2017-04-24 15:05:12.627] [INFO] cheese - ::1 - - "GET /public/images/face/54.gif HTTP/1.1" 304 - "http://localhost:4050/chat" "Mozilla/5.0 (Windows NT 10.0; Win64; x64) AppleWebKit/537.36 (KHTML, like Gecko) Chrome/57.0.2987.133 Safari/537.36"
[2017-04-24 15:05:12.630] [INFO] cheese - ::1 - - "GET /public/images/face/19.gif HTTP/1.1" 304 - "http://localhost:4050/chat" "Mozilla/5.0 (Windows NT 10.0; Win64; x64) AppleWebKit/537.36 (KHTML, like Gecko) Chrome/57.0.2987.133 Safari/537.36"
[2017-04-24 15:05:12.634] [INFO] cheese - ::1 - - "GET /public/images/face/55.gif HTTP/1.1" 304 - "http://localhost:4050/chat" "Mozilla/5.0 (Windows NT 10.0; Win64; x64) AppleWebKit/537.36 (KHTML, like Gecko) Chrome/57.0.2987.133 Safari/537.36"
[2017-04-24 15:05:12.640] [INFO] cheese - ::1 - - "GET /public/images/face/13.gif HTTP/1.1" 304 - "http://localhost:4050/chat" "Mozilla/5.0 (Windows NT 10.0; Win64; x64) AppleWebKit/537.36 (KHTML, like Gecko) Chrome/57.0.2987.133 Safari/537.36"
[2017-04-24 15:05:12.644] [INFO] cheese - ::1 - - "GET /public/images/face/62.gif HTTP/1.1" 304 - "http://localhost:4050/chat" "Mozilla/5.0 (Windows NT 10.0; Win64; x64) AppleWebKit/537.36 (KHTML, like Gecko) Chrome/57.0.2987.133 Safari/537.36"
[2017-04-24 15:05:12.646] [INFO] cheese - ::1 - - "GET /public/images/face/68.gif HTTP/1.1" 304 - "http://localhost:4050/chat" "Mozilla/5.0 (Windows NT 10.0; Win64; x64) AppleWebKit/537.36 (KHTML, like Gecko) Chrome/57.0.2987.133 Safari/537.36"
[2017-04-24 15:05:12.649] [INFO] cheese - ::1 - - "GET /public/images/face/11.gif HTTP/1.1" 304 - "http://localhost:4050/chat" "Mozilla/5.0 (Windows NT 10.0; Win64; x64) AppleWebKit/537.36 (KHTML, like Gecko) Chrome/57.0.2987.133 Safari/537.36"
[2017-04-24 15:05:12.651] [INFO] cheese - ::1 - - "GET /public/images/face/29.gif HTTP/1.1" 304 - "http://localhost:4050/chat" "Mozilla/5.0 (Windows NT 10.0; Win64; x64) AppleWebKit/537.36 (KHTML, like Gecko) Chrome/57.0.2987.133 Safari/537.36"
[2017-04-24 15:05:12.656] [INFO] cheese - ::1 - - "GET /public/images/face/16.gif HTTP/1.1" 304 - "http://localhost:4050/chat" "Mozilla/5.0 (Windows NT 10.0; Win64; x64) AppleWebKit/537.36 (KHTML, like Gecko) Chrome/57.0.2987.133 Safari/537.36"
[2017-04-24 15:05:12.657] [INFO] cheese - ::1 - - "GET /public/images/face/73.gif HTTP/1.1" 304 - "http://localhost:4050/chat" "Mozilla/5.0 (Windows NT 10.0; Win64; x64) AppleWebKit/537.36 (KHTML, like Gecko) Chrome/57.0.2987.133 Safari/537.36"
[2017-04-24 15:05:12.659] [INFO] cheese - ::1 - - "GET /public/images/face/71.gif HTTP/1.1" 304 - "http://localhost:4050/chat" "Mozilla/5.0 (Windows NT 10.0; Win64; x64) AppleWebKit/537.36 (KHTML, like Gecko) Chrome/57.0.2987.133 Safari/537.36"
[2017-04-24 15:05:12.663] [INFO] cheese - ::1 - - "GET /public/images/face/63.gif HTTP/1.1" 304 - "http://localhost:4050/chat" "Mozilla/5.0 (Windows NT 10.0; Win64; x64) AppleWebKit/537.36 (KHTML, like Gecko) Chrome/57.0.2987.133 Safari/537.36"
[2017-04-24 15:05:12.678] [INFO] cheese - ::1 - - "GET /public/images/face/8.gif HTTP/1.1" 304 - "http://localhost:4050/chat" "Mozilla/5.0 (Windows NT 10.0; Win64; x64) AppleWebKit/537.36 (KHTML, like Gecko) Chrome/57.0.2987.133 Safari/537.36"
[2017-04-24 15:05:12.684] [INFO] cheese - ::1 - - "GET /public/images/face/72.gif HTTP/1.1" 304 - "http://localhost:4050/chat" "Mozilla/5.0 (Windows NT 10.0; Win64; x64) AppleWebKit/537.36 (KHTML, like Gecko) Chrome/57.0.2987.133 Safari/537.36"
[2017-04-24 15:05:12.686] [INFO] cheese - ::1 - - "GET /public/images/face/27.gif HTTP/1.1" 304 - "http://localhost:4050/chat" "Mozilla/5.0 (Windows NT 10.0; Win64; x64) AppleWebKit/537.36 (KHTML, like Gecko) Chrome/57.0.2987.133 Safari/537.36"
[2017-04-24 15:05:12.686] [INFO] cheese - ::1 - - "GET /public/images/face/39.gif HTTP/1.1" 304 - "http://localhost:4050/chat" "Mozilla/5.0 (Windows NT 10.0; Win64; x64) AppleWebKit/537.36 (KHTML, like Gecko) Chrome/57.0.2987.133 Safari/537.36"
[2017-04-24 15:05:12.687] [INFO] cheese - ::1 - - "GET /public/images/face/52.gif HTTP/1.1" 304 - "http://localhost:4050/chat" "Mozilla/5.0 (Windows NT 10.0; Win64; x64) AppleWebKit/537.36 (KHTML, like Gecko) Chrome/57.0.2987.133 Safari/537.36"
[2017-04-24 15:05:12.688] [INFO] cheese - ::1 - - "GET /public/images/face/26.gif HTTP/1.1" 304 - "http://localhost:4050/chat" "Mozilla/5.0 (Windows NT 10.0; Win64; x64) AppleWebKit/537.36 (KHTML, like Gecko) Chrome/57.0.2987.133 Safari/537.36"
[2017-04-24 15:05:12.689] [INFO] cheese - ::1 - - "GET /public/images/face/23.gif HTTP/1.1" 304 - "http://localhost:4050/chat" "Mozilla/5.0 (Windows NT 10.0; Win64; x64) AppleWebKit/537.36 (KHTML, like Gecko) Chrome/57.0.2987.133 Safari/537.36"
[2017-04-24 15:05:12.690] [INFO] cheese - ::1 - - "GET /public/images/face/41.gif HTTP/1.1" 304 - "http://localhost:4050/chat" "Mozilla/5.0 (Windows NT 10.0; Win64; x64) AppleWebKit/537.36 (KHTML, like Gecko) Chrome/57.0.2987.133 Safari/537.36"
[2017-04-24 15:05:12.691] [INFO] cheese - ::1 - - "GET /public/images/face/37.gif HTTP/1.1" 304 - "http://localhost:4050/chat" "Mozilla/5.0 (Windows NT 10.0; Win64; x64) AppleWebKit/537.36 (KHTML, like Gecko) Chrome/57.0.2987.133 Safari/537.36"
[2017-04-24 15:05:12.692] [INFO] cheese - ::1 - - "GET /public/images/face/14.gif HTTP/1.1" 304 - "http://localhost:4050/chat" "Mozilla/5.0 (Windows NT 10.0; Win64; x64) AppleWebKit/537.36 (KHTML, like Gecko) Chrome/57.0.2987.133 Safari/537.36"
[2017-04-24 15:05:12.695] [INFO] cheese - ::1 - - "GET /public/images/face/25.gif HTTP/1.1" 304 - "http://localhost:4050/chat" "Mozilla/5.0 (Windows NT 10.0; Win64; x64) AppleWebKit/537.36 (KHTML, like Gecko) Chrome/57.0.2987.133 Safari/537.36"
[2017-04-24 15:05:12.697] [INFO] cheese - ::1 - - "GET /public/images/face/40.gif HTTP/1.1" 304 - "http://localhost:4050/chat" "Mozilla/5.0 (Windows NT 10.0; Win64; x64) AppleWebKit/537.36 (KHTML, like Gecko) Chrome/57.0.2987.133 Safari/537.36"
[2017-04-24 15:05:12.699] [INFO] cheese - ::1 - - "GET /public/images/face/35.gif HTTP/1.1" 304 - "http://localhost:4050/chat" "Mozilla/5.0 (Windows NT 10.0; Win64; x64) AppleWebKit/537.36 (KHTML, like Gecko) Chrome/57.0.2987.133 Safari/537.36"
[2017-04-24 15:05:12.702] [INFO] cheese - ::1 - - "GET /public/images/face/47.gif HTTP/1.1" 304 - "http://localhost:4050/chat" "Mozilla/5.0 (Windows NT 10.0; Win64; x64) AppleWebKit/537.36 (KHTML, like Gecko) Chrome/57.0.2987.133 Safari/537.36"
[2017-04-24 15:05:12.706] [INFO] cheese - ::1 - - "GET /public/images/face/30.gif HTTP/1.1" 304 - "http://localhost:4050/chat" "Mozilla/5.0 (Windows NT 10.0; Win64; x64) AppleWebKit/537.36 (KHTML, like Gecko) Chrome/57.0.2987.133 Safari/537.36"
[2017-04-24 15:05:12.707] [INFO] cheese - ::1 - - "GET /public/images/face/34.gif HTTP/1.1" 304 - "http://localhost:4050/chat" "Mozilla/5.0 (Windows NT 10.0; Win64; x64) AppleWebKit/537.36 (KHTML, like Gecko) Chrome/57.0.2987.133 Safari/537.36"
[2017-04-24 15:05:12.710] [INFO] cheese - ::1 - - "GET /public/images/face/21.gif HTTP/1.1" 304 - "http://localhost:4050/chat" "Mozilla/5.0 (Windows NT 10.0; Win64; x64) AppleWebKit/537.36 (KHTML, like Gecko) Chrome/57.0.2987.133 Safari/537.36"
[2017-04-24 15:05:12.712] [INFO] cheese - ::1 - - "GET /public/images/face/66.gif HTTP/1.1" 304 - "http://localhost:4050/chat" "Mozilla/5.0 (Windows NT 10.0; Win64; x64) AppleWebKit/537.36 (KHTML, like Gecko) Chrome/57.0.2987.133 Safari/537.36"
[2017-04-24 15:05:12.715] [INFO] cheese - ::1 - - "GET /public/images/face/60.gif HTTP/1.1" 304 - "http://localhost:4050/chat" "Mozilla/5.0 (Windows NT 10.0; Win64; x64) AppleWebKit/537.36 (KHTML, like Gecko) Chrome/57.0.2987.133 Safari/537.36"
[2017-04-24 15:05:15.928] [INFO] cheese - ::1 - - "GET /images/face/17.gif HTTP/1.1" 304 - "http://localhost:4050/chat" "Mozilla/5.0 (Windows NT 10.0; Win64; x64) AppleWebKit/537.36 (KHTML, like Gecko) Chrome/57.0.2987.133 Safari/537.36"
[2017-04-24 15:05:15.934] [INFO] cheese - ::1 - - "GET /images/face/17.gif HTTP/1.1" 304 - "http://localhost:4050/chat" "Mozilla/5.0 (Windows NT 10.0; Win64; x64) AppleWebKit/537.36 (KHTML, like Gecko) Chrome/57.0.2987.133 Safari/537.36"
[2017-04-24 15:07:04.480] [INFO] cheese - ::1 - - "GET /chat HTTP/1.1" 304 - "" "Mozilla/5.0 (Windows NT 10.0; Win64; x64) AppleWebKit/537.36 (KHTML, like Gecko) Chrome/57.0.2987.133 Safari/537.36"
[2017-04-24 15:07:04.504] [INFO] cheese - ::1 - - "GET /public/css/style.css HTTP/1.1" 304 - "http://localhost:4050/chat" "Mozilla/5.0 (Windows NT 10.0; Win64; x64) AppleWebKit/537.36 (KHTML, like Gecko) Chrome/57.0.2987.133 Safari/537.36"
[2017-04-24 15:07:04.507] [INFO] cheese - ::1 - - "GET /public/js/jquery.2.1.4.min.js HTTP/1.1" 304 - "http://localhost:4050/chat" "Mozilla/5.0 (Windows NT 10.0; Win64; x64) AppleWebKit/537.36 (KHTML, like Gecko) Chrome/57.0.2987.133 Safari/537.36"
[2017-04-24 15:07:04.510] [INFO] cheese - ::1 - - "GET /public/js/jquery.qqFace.js HTTP/1.1" 304 - "http://localhost:4050/chat" "Mozilla/5.0 (Windows NT 10.0; Win64; x64) AppleWebKit/537.36 (KHTML, like Gecko) Chrome/57.0.2987.133 Safari/537.36"
[2017-04-24 15:07:04.514] [INFO] cheese - ::1 - - "GET /public/js/socket.io.js HTTP/1.1" 304 - "http://localhost:4050/chat" "Mozilla/5.0 (Windows NT 10.0; Win64; x64) AppleWebKit/537.36 (KHTML, like Gecko) Chrome/57.0.2987.133 Safari/537.36"
[2017-04-24 15:07:04.585] [INFO] cheese - ::1 - - "GET /public/images/back.png HTTP/1.1" 304 - "http://localhost:4050/public/css/style.css" "Mozilla/5.0 (Windows NT 10.0; Win64; x64) AppleWebKit/537.36 (KHTML, like Gecko) Chrome/57.0.2987.133 Safari/537.36"
[2017-04-24 15:07:04.588] [INFO] cheese - ::1 - - "GET /public/images/icon.png HTTP/1.1" 304 - "http://localhost:4050/public/css/style.css" "Mozilla/5.0 (Windows NT 10.0; Win64; x64) AppleWebKit/537.36 (KHTML, like Gecko) Chrome/57.0.2987.133 Safari/537.36"
[2017-04-24 15:07:04.591] [INFO] cheese - ::1 - - "GET /public/images/img.png HTTP/1.1" 304 - "http://localhost:4050/public/css/style.css" "Mozilla/5.0 (Windows NT 10.0; Win64; x64) AppleWebKit/537.36 (KHTML, like Gecko) Chrome/57.0.2987.133 Safari/537.36"
[2017-04-24 15:07:04.638] [INFO] cheese - ::1 - - "GET /favicon.ico HTTP/1.1" 200 13 "http://localhost:4050/chat" "Mozilla/5.0 (Windows NT 10.0; Win64; x64) AppleWebKit/537.36 (KHTML, like Gecko) Chrome/57.0.2987.133 Safari/537.36"
[2017-04-24 15:18:03.228] [INFO] cheese - ::1 - - "GET /wechat/download?serverId=SPba_8uMuNwkUa6zw6RC65LBON_fipSa8Z22 HTTP/1.1" 200 80 "" "Mozilla/5.0 (Windows NT 10.0; Win64; x64) AppleWebKit/537.36 (KHTML, like Gecko) Chrome/57.0.2987.133 Safari/537.36"
[2017-04-24 15:20:36.054] [INFO] cheese - ::1 - - "GET /wechat/download?serverId=SPba_8uMuNwkUa6zw6RC65LBON_fipSa8Z22-MnEmPka3Bc3Z4MRopaWYd8t6jAK HTTP/1.1" 200 20171 "" "Mozilla/5.0 (Windows NT 10.0; Win64; x64) AppleWebKit/537.36 (KHTML, like Gecko) Chrome/57.0.2987.133 Safari/537.36"
[2017-04-24 15:25:55.038] [INFO] cheese - ::1 - - "GET /public HTTP/1.1" 301 171 "" "Mozilla/5.0 (Windows NT 10.0; Win64; x64) AppleWebKit/537.36 (KHTML, like Gecko) Chrome/57.0.2987.133 Safari/537.36"
[2017-04-24 15:25:55.051] [INFO] cheese - ::1 - - "GET /public/ HTTP/1.1" 200 13 "" "Mozilla/5.0 (Windows NT 10.0; Win64; x64) AppleWebKit/537.36 (KHTML, like Gecko) Chrome/57.0.2987.133 Safari/537.36"
[2017-04-24 15:25:55.178] [INFO] cheese - ::1 - - "GET /favicon.ico HTTP/1.1" 304 - "http://localhost:4050/public/" "Mozilla/5.0 (Windows NT 10.0; Win64; x64) AppleWebKit/537.36 (KHTML, like Gecko) Chrome/57.0.2987.133 Safari/537.36"
[2017-04-24 15:45:33.932] [INFO] cheese - ::1 - - "GET /wechat/download?serverId=SPba_8uMuNwkUa6zw6RC65LBON_fipSa8Z22-MnEmPka3Bc3Z4MRopaWYd8t6jAK&name=222 HTTP/1.1" 200 1534 "" "Mozilla/5.0 (Windows NT 10.0; Win64; x64) AppleWebKit/537.36 (KHTML, like Gecko) Chrome/57.0.2987.133 Safari/537.36"
[2017-04-24 15:46:24.235] [INFO] cheese - ::1 - - "GET /wechat/download?serverId=SPba_8uMuNwkUa6zw6RC65LBON_fipSa8Z22-MnEmPka3Bc3Z4MRopaWYd8t6jAK&name=222 HTTP/1.1" 200 110 "" "Mozilla/5.0 (Windows NT 10.0; Win64; x64) AppleWebKit/537.36 (KHTML, like Gecko) Chrome/57.0.2987.133 Safari/537.36"
[2017-04-24 15:49:03.078] [INFO] cheese - ::1 - - "GET /wechat/download?serverId=SPba_8uMuNwkUa6zw6RC65LBON_fipSa8Z22-MnEmPka3Bc3Z4MRopaWYd8t6jAK&name=222 HTTP/1.1" 200 20159 "" "Mozilla/5.0 (Windows NT 10.0; Win64; x64) AppleWebKit/537.36 (KHTML, like Gecko) Chrome/57.0.2987.133 Safari/537.36"
[2017-04-24 15:55:08.718] [INFO] cheese - ::1 - - "GET /wechat/download?serverId=SPba_8uMuNwkUa6zw6RC65LBON_fipSa8Z22-MnEmPka3Bc3Z4MRopaWYd8t6jAK&name=222 HTTP/1.1" 200 21725 "" "Mozilla/5.0 (Windows NT 10.0; Win64; x64) AppleWebKit/537.36 (KHTML, like Gecko) Chrome/57.0.2987.133 Safari/537.36"
[2017-04-24 15:59:12.603] [INFO] cheese - ::1 - - "GET /wechat/download?serverId=SPba_8uMuNwkUa6zw6RC65LBON_fipSa8Z22-MnEmPka3Bc3Z4MRopaWYd8t6jAK&name=222 HTTP/1.1" 200 21 "" "Mozilla/5.0 (Windows NT 10.0; Win64; x64) AppleWebKit/537.36 (KHTML, like Gecko) Chrome/57.0.2987.133 Safari/537.36"
[2017-04-24 16:02:06.723] [INFO] cheese - ::1 - - "GET /wechat/download?serverId=SPba_8uMuNwkUa6zw6RC65LBON_fipSa8Z22-MnEmPka3Bc3Z4MRopaWYd8t6jAK&name=222 HTTP/1.1" 200 20159 "" "Mozilla/5.0 (Windows NT 10.0; Win64; x64) AppleWebKit/537.36 (KHTML, like Gecko) Chrome/57.0.2987.133 Safari/537.36"
[2017-04-24 16:14:08.059] [INFO] cheese - ::1 - - "GET /wechat/download?serverId=SPba_8uMuNwkUa6zw6RC65LBON_fipSa8Z22-MnEmPka3Bc3Z4MRopaWYd8t6jAK&name=222 HTTP/1.1" 200 21 "" "Mozilla/5.0 (Windows NT 10.0; Win64; x64) AppleWebKit/537.36 (KHTML, like Gecko) Chrome/57.0.2987.133 Safari/537.36"
[2017-04-24 16:14:53.321] [INFO] cheese - ::1 - - "GET /wechat/download?serverId=SPba_8uMuNwkUa6zw6RC65LBON_fipSa8Z22-MnEmPka3Bc3Z4MRopaWYd8t6jAK&name=222 HTTP/1.1" 200 21 "" "Mozilla/5.0 (Windows NT 10.0; Win64; x64) AppleWebKit/537.36 (KHTML, like Gecko) Chrome/57.0.2987.133 Safari/537.36"
[2017-04-24 16:20:07.283] [INFO] cheese - ::1 - - "GET /wechat/download?serverId=SPba_8uMuNwkUa6zw6RC65LBON_fipSa8Z22-MnEmPka3Bc3Z4MRopaWYd8t6jAK&name=222 HTTP/1.1" 200 21 "" "Mozilla/5.0 (Windows NT 10.0; Win64; x64) AppleWebKit/537.36 (KHTML, like Gecko) Chrome/57.0.2987.133 Safari/537.36"
[2017-04-24 16:20:35.257] [INFO] cheese - ::1 - - "GET /wechat/download?serverId=SPba_8uMuNwkUa6zw6RC65LBON_fipSa8Z22-MnEmPka3Bc3Z4MRopaWYd8t6jAK&name=222 HTTP/1.1" 200 21 "" "Mozilla/5.0 (Windows NT 10.0; Win64; x64) AppleWebKit/537.36 (KHTML, like Gecko) Chrome/57.0.2987.133 Safari/537.36"
[2017-04-24 16:22:45.864] [INFO] cheese - ::1 - - "GET /wechat/download?serverId=SPba_8uMuNwkUa6zw6RC65LBON_fipSa8Z22-MnEmPka3Bc3Z4MRopaWYd8t6jAK&name=222&filetype=jpg HTTP/1.1" 200 21 "" "Mozilla/5.0 (Windows NT 10.0; Win64; x64) AppleWebKit/537.36 (KHTML, like Gecko) Chrome/57.0.2987.133 Safari/537.36"
[2017-04-24 16:23:23.236] [INFO] cheese - ::1 - - "GET /wechat/download?serverId=SPba_8uMuNwkUa6zw6RC65LBON_fipSa8Z22-MnEmPka3Bc3Z4MRopaWYd8t6jAK&name=222&filetype=jpg HTTP/1.1" 200 21 "" "Mozilla/5.0 (Windows NT 10.0; Win64; x64) AppleWebKit/537.36 (KHTML, like Gecko) Chrome/57.0.2987.133 Safari/537.36"
[2017-04-24 16:30:11.635] [INFO] cheese - ::1 - - "GET /wechat/download?serverId=SPba_8uMuNwkUa6zw6RC65LBON_fipSa8Z22-MnEmPka3Bc3Z4MRopaWYd8t6jAK&name=haha.jpg HTTP/1.1" 200 21 "" "Mozilla/5.0 (Windows NT 10.0; Win64; x64) AppleWebKit/537.36 (KHTML, like Gecko) Chrome/57.0.2987.133 Safari/537.36"
[2017-04-24 19:55:41.939] [INFO] cheese - ::1 - - "GET /doctor/getSuspendTime?userId=doc01 HTTP/1.1" 500 - "" "Mozilla/5.0 (Windows NT 10.0; Win64; x64) AppleWebKit/537.36 (KHTML, like Gecko) Chrome/57.0.2987.133 Safari/537.36"
