[2017-04-12 17:05:46.363] [INFO] cheese - ::1 - - "GET /patient/getDoctorLists?workUnit HTTP/1.1" 200 14 "" "Mozilla/5.0 (Windows NT 10.0; Win64; x64) AppleWebKit/537.36 (KHTML, like Gecko) Chrome/57.0.2987.133 Safari/537.36"
[2017-04-12 17:05:54.164] [INFO] cheese - ::1 - - "GET /patient/getDoctorLists HTTP/1.1" 200 2572 "" "Mozilla/5.0 (Windows NT 10.0; Win64; x64) AppleWebKit/537.36 (KHTML, like Gecko) Chrome/57.0.2987.133 Safari/537.36"
[2017-04-12 17:14:27.196] [INFO] cheese - ::1 - - "GET /patient/getDoctorLists HTTP/1.1" 200 2912 "" "Mozilla/5.0 (Windows NT 10.0; Win64; x64) AppleWebKit/537.36 (KHTML, like Gecko) Chrome/57.0.2987.133 Safari/537.36"
[2017-04-12 17:14:28.549] [INFO] cheese - ::1 - - "GET /patient/getDoctorLists HTTP/1.1" 200 2912 "" "Mozilla/5.0 (Windows NT 10.0; Win64; x64) AppleWebKit/537.36 (KHTML, like Gecko) Chrome/57.0.2987.133 Safari/537.36"
[2017-04-12 17:19:14.713] [INFO] cheese - ::1 - - "GET /doctor/getDoctorInfo?userId=doc01 HTTP/1.1" 200 902 "" "Mozilla/5.0 (Windows NT 10.0; Win64; x64) AppleWebKit/537.36 (KHTML, like Gecko) Chrome/57.0.2987.133 Safari/537.36"
[2017-04-12 17:19:23.911] [INFO] cheese - ::1 - - "GET /doctor/getDoctorInfo?userId=docpost1 HTTP/1.1" 200 224 "" "Mozilla/5.0 (Windows NT 10.0; Win64; x64) AppleWebKit/537.36 (KHTML, like Gecko) Chrome/57.0.2987.133 Safari/537.36"
[2017-04-12 17:20:19.589] [INFO] cheese - ::1 - - "POST /doctor/getDoctorInfo?userId=docpost1 HTTP/1.1" 200 13 "" "Mozilla/5.0 (Windows NT 10.0; Win64; x64) AppleWebKit/537.36 (KHTML, like Gecko) Chrome/57.0.2987.133 Safari/537.36"
[2017-04-12 17:20:40.387] [INFO] cheese - ::1 - - "POST /doctor/editDoctorDetail?userId=docpost1 HTTP/1.1" 422 63 "" "Mozilla/5.0 (Windows NT 10.0; Win64; x64) AppleWebKit/537.36 (KHTML, like Gecko) Chrome/57.0.2987.133 Safari/537.36"
[2017-04-12 17:36:13.584] [INFO] cheese - ::1 - - "POST /doctor/editDoctorDetail?userId=docpost1 HTTP/1.1" 200 335 "" "Mozilla/5.0 (Windows NT 10.0; Win64; x64) AppleWebKit/537.36 (KHTML, like Gecko) Chrome/57.0.2987.133 Safari/537.36"
[2017-04-12 19:21:07.846] [INFO] cheese - ::1 - - "POST /doctor/editDoctorDetail HTTP/1.1" 200 329 "" "Mozilla/5.0 (Windows NT 10.0; Win64; x64) AppleWebKit/537.36 (KHTML, like Gecko) Chrome/57.0.2987.133 Safari/537.36"
[2017-04-12 19:22:20.430] [INFO] cheese - ::1 - - "POST /doctor/editDoctorDetail HTTP/1.1" 200 344 "" "Mozilla/5.0 (Windows NT 10.0; Win64; x64) AppleWebKit/537.36 (KHTML, like Gecko) Chrome/57.0.2987.133 Safari/537.36"
[2017-04-12 19:23:42.769] [INFO] cheese - ::1 - - "POST /doctor/editDoctorDetail HTTP/1.1" 200 29 "" "Mozilla/5.0 (Windows NT 10.0; Win64; x64) AppleWebKit/537.36 (KHTML, like Gecko) Chrome/57.0.2987.133 Safari/537.36"
[2017-04-12 19:24:03.338] [INFO] cheese - ::1 - - "POST /doctor/editDoctorDetail HTTP/1.1" 200 30 "" "Mozilla/5.0 (Windows NT 10.0; Win64; x64) AppleWebKit/537.36 (KHTML, like Gecko) Chrome/57.0.2987.133 Safari/537.36"
[2017-04-12 19:24:40.235] [INFO] cheese - ::1 - - "POST /doctor/editDoctorDetail HTTP/1.1" 200 29 "" "Mozilla/5.0 (Windows NT 10.0; Win64; x64) AppleWebKit/537.36 (KHTML, like Gecko) Chrome/57.0.2987.133 Safari/537.36"
[2017-04-12 19:25:27.339] [INFO] cheese - ::1 - - "POST /doctor/editDoctorDetail HTTP/1.1" 200 29 "" "Mozilla/5.0 (Windows NT 10.0; Win64; x64) AppleWebKit/537.36 (KHTML, like Gecko) Chrome/57.0.2987.133 Safari/537.36"
[2017-04-12 19:25:31.074] [INFO] cheese - ::1 - - "POST /doctor/editDoctorDetail HTTP/1.1" 200 29 "" "Mozilla/5.0 (Windows NT 10.0; Win64; x64) AppleWebKit/537.36 (KHTML, like Gecko) Chrome/57.0.2987.133 Safari/537.36"
[2017-04-12 19:25:42.682] [INFO] cheese - ::1 - - "POST /doctor/editDoctorDetail HTTP/1.1" 200 341 "" "Mozilla/5.0 (Windows NT 10.0; Win64; x64) AppleWebKit/537.36 (KHTML, like Gecko) Chrome/57.0.2987.133 Safari/537.36"
[2017-04-12 19:26:19.703] [INFO] cheese - ::1 - - "POST /doctor/editDoctorDetail HTTP/1.1" 200 384 "" "Mozilla/5.0 (Windows NT 10.0; Win64; x64) AppleWebKit/537.36 (KHTML, like Gecko) Chrome/57.0.2987.133 Safari/537.36"
[2017-04-12 19:35:13.092] [INFO] cheese - ::1 - - "POST /doctor/editDoctorDetail HTTP/1.1" 422 77 "" "Mozilla/5.0 (Windows NT 10.0; Win64; x64) AppleWebKit/537.36 (KHTML, like Gecko) Chrome/57.0.2987.133 Safari/537.36"
[2017-04-12 19:35:45.078] [INFO] cheese - ::1 - - "POST /doctor/editDoctorDetail HTTP/1.1" 200 384 "" "Mozilla/5.0 (Windows NT 10.0; Win64; x64) AppleWebKit/537.36 (KHTML, like Gecko) Chrome/57.0.2987.133 Safari/537.36"
[2017-04-12 19:35:53.678] [INFO] cheese - ::1 - - "POST /doctor/editDoctorDetail HTTP/1.1" 200 384 "" "Mozilla/5.0 (Windows NT 10.0; Win64; x64) AppleWebKit/537.36 (KHTML, like Gecko) Chrome/57.0.2987.133 Safari/537.36"
[2017-04-12 19:35:54.722] [INFO] cheese - ::1 - - "POST /doctor/editDoctorDetail HTTP/1.1" 200 384 "" "Mozilla/5.0 (Windows NT 10.0; Win64; x64) AppleWebKit/537.36 (KHTML, like Gecko) Chrome/57.0.2987.133 Safari/537.36"
[2017-04-12 19:35:55.576] [INFO] cheese - ::1 - - "POST /doctor/editDoctorDetail HTTP/1.1" 200 384 "" "Mozilla/5.0 (Windows NT 10.0; Win64; x64) AppleWebKit/537.36 (KHTML, like Gecko) Chrome/57.0.2987.133 Safari/537.36"
[2017-04-12 19:35:56.488] [INFO] cheese - ::1 - - "POST /doctor/editDoctorDetail HTTP/1.1" 200 384 "" "Mozilla/5.0 (Windows NT 10.0; Win64; x64) AppleWebKit/537.36 (KHTML, like Gecko) Chrome/57.0.2987.133 Safari/537.36"
[2017-04-12 19:35:57.180] [INFO] cheese - ::1 - - "POST /doctor/editDoctorDetail HTTP/1.1" 200 384 "" "Mozilla/5.0 (Windows NT 10.0; Win64; x64) AppleWebKit/537.36 (KHTML, like Gecko) Chrome/57.0.2987.133 Safari/537.36"
[2017-04-12 19:35:58.062] [INFO] cheese - ::1 - - "POST /doctor/editDoctorDetail HTTP/1.1" 200 384 "" "Mozilla/5.0 (Windows NT 10.0; Win64; x64) AppleWebKit/537.36 (KHTML, like Gecko) Chrome/57.0.2987.133 Safari/537.36"
[2017-04-12 19:35:58.807] [INFO] cheese - ::1 - - "POST /doctor/editDoctorDetail HTTP/1.1" 200 384 "" "Mozilla/5.0 (Windows NT 10.0; Win64; x64) AppleWebKit/537.36 (KHTML, like Gecko) Chrome/57.0.2987.133 Safari/537.36"
[2017-04-12 19:35:59.636] [INFO] cheese - ::1 - - "POST /doctor/editDoctorDetail HTTP/1.1" 200 384 "" "Mozilla/5.0 (Windows NT 10.0; Win64; x64) AppleWebKit/537.36 (KHTML, like Gecko) Chrome/57.0.2987.133 Safari/537.36"
[2017-04-12 19:36:00.454] [INFO] cheese - ::1 - - "POST /doctor/editDoctorDetail HTTP/1.1" 200 384 "" "Mozilla/5.0 (Windows NT 10.0; Win64; x64) AppleWebKit/537.36 (KHTML, like Gecko) Chrome/57.0.2987.133 Safari/537.36"
[2017-04-12 19:42:47.196] [INFO] cheese - ::1 - - "POST /doctor/editDoctorDetail HTTP/1.1" 200 384 "" "Mozilla/5.0 (Windows NT 10.0; Win64; x64) AppleWebKit/537.36 (KHTML, like Gecko) Chrome/57.0.2987.133 Safari/537.36"
[2017-04-12 19:42:48.989] [INFO] cheese - ::1 - - "POST /doctor/editDoctorDetail HTTP/1.1" 200 384 "" "Mozilla/5.0 (Windows NT 10.0; Win64; x64) AppleWebKit/537.36 (KHTML, like Gecko) Chrome/57.0.2987.133 Safari/537.36"
[2017-04-12 19:42:49.901] [INFO] cheese - ::1 - - "POST /doctor/editDoctorDetail HTTP/1.1" 200 384 "" "Mozilla/5.0 (Windows NT 10.0; Win64; x64) AppleWebKit/537.36 (KHTML, like Gecko) Chrome/57.0.2987.133 Safari/537.36"
[2017-04-12 19:42:50.602] [INFO] cheese - ::1 - - "POST /doctor/editDoctorDetail HTTP/1.1" 200 384 "" "Mozilla/5.0 (Windows NT 10.0; Win64; x64) AppleWebKit/537.36 (KHTML, like Gecko) Chrome/57.0.2987.133 Safari/537.36"
[2017-04-12 19:42:51.388] [INFO] cheese - ::1 - - "POST /doctor/editDoctorDetail HTTP/1.1" 200 384 "" "Mozilla/5.0 (Windows NT 10.0; Win64; x64) AppleWebKit/537.36 (KHTML, like Gecko) Chrome/57.0.2987.133 Safari/537.36"
[2017-04-12 19:42:52.299] [INFO] cheese - ::1 - - "POST /doctor/editDoctorDetail HTTP/1.1" 200 384 "" "Mozilla/5.0 (Windows NT 10.0; Win64; x64) AppleWebKit/537.36 (KHTML, like Gecko) Chrome/57.0.2987.133 Safari/537.36"
[2017-04-12 19:42:53.130] [INFO] cheese - ::1 - - "POST /doctor/editDoctorDetail HTTP/1.1" 200 384 "" "Mozilla/5.0 (Windows NT 10.0; Win64; x64) AppleWebKit/537.36 (KHTML, like Gecko) Chrome/57.0.2987.133 Safari/537.36"
[2017-04-12 19:42:54.066] [INFO] cheese - ::1 - - "POST /doctor/editDoctorDetail HTTP/1.1" 200 384 "" "Mozilla/5.0 (Windows NT 10.0; Win64; x64) AppleWebKit/537.36 (KHTML, like Gecko) Chrome/57.0.2987.133 Safari/537.36"
[2017-04-12 19:42:54.261] [INFO] cheese - ::1 - - "POST /doctor/editDoctorDetail HTTP/1.1" 200 384 "" "Mozilla/5.0 (Windows NT 10.0; Win64; x64) AppleWebKit/537.36 (KHTML, like Gecko) Chrome/57.0.2987.133 Safari/537.36"
[2017-04-12 19:42:54.864] [INFO] cheese - ::1 - - "POST /doctor/editDoctorDetail HTTP/1.1" 200 384 "" "Mozilla/5.0 (Windows NT 10.0; Win64; x64) AppleWebKit/537.36 (KHTML, like Gecko) Chrome/57.0.2987.133 Safari/537.36"
[2017-04-12 19:42:55.058] [INFO] cheese - ::1 - - "POST /doctor/editDoctorDetail HTTP/1.1" 200 384 "" "Mozilla/5.0 (Windows NT 10.0; Win64; x64) AppleWebKit/537.36 (KHTML, like Gecko) Chrome/57.0.2987.133 Safari/537.36"
[2017-04-12 19:42:55.444] [INFO] cheese - ::1 - - "POST /doctor/editDoctorDetail HTTP/1.1" 200 384 "" "Mozilla/5.0 (Windows NT 10.0; Win64; x64) AppleWebKit/537.36 (KHTML, like Gecko) Chrome/57.0.2987.133 Safari/537.36"
[2017-04-12 19:43:00.476] [INFO] cheese - ::1 - - "POST /doctor/editDoctorDetail HTTP/1.1" 200 384 "" "Mozilla/5.0 (Windows NT 10.0; Win64; x64) AppleWebKit/537.36 (KHTML, like Gecko) Chrome/57.0.2987.133 Safari/537.36"
[2017-04-12 20:32:25.287] [INFO] cheese - ::1 - - "POST /patient/newPatientDetail HTTP/1.1" 200 36 "" "Mozilla/5.0 (Windows NT 10.0; Win64; x64) AppleWebKit/537.36 (KHTML, like Gecko) Chrome/57.0.2987.133 Safari/537.36"
[2017-04-12 20:32:37.018] [INFO] cheese - ::1 - - "POST /patient/newPatientDetail HTTP/1.1" 200 485 "" "Mozilla/5.0 (Windows NT 10.0; Win64; x64) AppleWebKit/537.36 (KHTML, like Gecko) Chrome/57.0.2987.133 Safari/537.36"
[2017-04-12 20:33:03.880] [INFO] cheese - ::1 - - "POST /patient/newPatientDetail HTTP/1.1" 200 36 "" "Mozilla/5.0 (Windows NT 10.0; Win64; x64) AppleWebKit/537.36 (KHTML, like Gecko) Chrome/57.0.2987.133 Safari/537.36"
[2017-04-12 20:33:12.715] [INFO] cheese - ::1 - - "POST /patient/newPatientDetail HTTP/1.1" 200 515 "" "Mozilla/5.0 (Windows NT 10.0; Win64; x64) AppleWebKit/537.36 (KHTML, like Gecko) Chrome/57.0.2987.133 Safari/537.36"
[2017-04-12 20:33:40.902] [INFO] cheese - ::1 - - "POST /patient/newPatientDetail HTTP/1.1" 200 557 "" "Mozilla/5.0 (Windows NT 10.0; Win64; x64) AppleWebKit/537.36 (KHTML, like Gecko) Chrome/57.0.2987.133 Safari/537.36"
[2017-04-12 20:35:29.944] [INFO] cheese - ::1 - - "POST /patient/newPatientDetail HTTP/1.1" 200 36 "" "Mozilla/5.0 (Windows NT 10.0; Win64; x64) AppleWebKit/537.36 (KHTML, like Gecko) Chrome/57.0.2987.133 Safari/537.36"
[2017-04-12 20:35:42.185] [INFO] cheese - ::1 - - "POST /patient/newPatientDetail HTTP/1.1" 200 557 "" "Mozilla/5.0 (Windows NT 10.0; Win64; x64) AppleWebKit/537.36 (KHTML, like Gecko) Chrome/57.0.2987.133 Safari/537.36"
[2017-04-12 20:36:29.474] [INFO] cheese - ::1 - - "POST /patient/newPatientDetail HTTP/1.1" 200 36 "" "Mozilla/5.0 (Windows NT 10.0; Win64; x64) AppleWebKit/537.36 (KHTML, like Gecko) Chrome/57.0.2987.133 Safari/537.36"
[2017-04-12 20:36:34.475] [INFO] cheese - ::1 - - "POST /patient/newPatientDetail HTTP/1.1" 200 584 "" "Mozilla/5.0 (Windows NT 10.0; Win64; x64) AppleWebKit/537.36 (KHTML, like Gecko) Chrome/57.0.2987.133 Safari/537.36"
[2017-04-12 20:40:56.620] [INFO] cheese - ::1 - - "POST /patient/editPatientDetail HTTP/1.1" 200 898 "" "Mozilla/5.0 (Windows NT 10.0; Win64; x64) AppleWebKit/537.36 (KHTML, like Gecko) Chrome/57.0.2987.133 Safari/537.36"
[2017-04-12 20:41:13.354] [INFO] cheese - ::1 - - "POST /patient/editPatientDetail HTTP/1.1" 200 925 "" "Mozilla/5.0 (Windows NT 10.0; Win64; x64) AppleWebKit/537.36 (KHTML, like Gecko) Chrome/57.0.2987.133 Safari/537.36"
[2017-04-12 20:42:25.528] [INFO] cheese - ::1 - - "POST /patient/editPatientDetail HTTP/1.1" 200 585 "" "Mozilla/5.0 (Windows NT 10.0; Win64; x64) AppleWebKit/537.36 (KHTML, like Gecko) Chrome/57.0.2987.133 Safari/537.36"
[2017-04-12 20:43:24.849] [INFO] cheese - ::1 - - "POST /patient/editPatientDetail HTTP/1.1" 200 387 "" "Mozilla/5.0 (Windows NT 10.0; Win64; x64) AppleWebKit/537.36 (KHTML, like Gecko) Chrome/57.0.2987.133 Safari/537.36"
[2017-04-12 20:56:46.388] [INFO] cheese - ::1 - - "GET /patient/getDoctorLists HTTP/1.1" 200 2947 "" "Mozilla/5.0 (Windows NT 10.0; Win64; x64) AppleWebKit/537.36 (KHTML, like Gecko) Chrome/57.0.2987.133 Safari/537.36"
[2017-04-12 20:58:43.682] [INFO] cheese - ::1 - - "GET /doctor/getDoctorInfo?userId=docpost1 HTTP/1.1" 200 259 "" "Mozilla/5.0 (Windows NT 10.0; Win64; x64) AppleWebKit/537.36 (KHTML, like Gecko) Chrome/57.0.2987.133 Safari/537.36"
[2017-04-12 20:58:48.500] [INFO] cheese - ::1 - - "GET /doctor/getDoctorInfo?userId=doc01 HTTP/1.1" 200 902 "" "Mozilla/5.0 (Windows NT 10.0; Win64; x64) AppleWebKit/537.36 (KHTML, like Gecko) Chrome/57.0.2987.133 Safari/537.36"
[2017-04-12 21:00:46.007] [INFO] cheese - ::1 - - "GET /patient/getDoctorLists HTTP/1.1" 200 2947 "" "Mozilla/5.0 (Windows NT 10.0; Win64; x64) AppleWebKit/537.36 (KHTML, like Gecko) Chrome/57.0.2987.133 Safari/537.36"
[2017-04-12 21:17:00.999] [INFO] cheese - ::1 - - "GET /doctor/getDoctorInfo?userId=doc01 HTTP/1.1" 200 902 "" "Mozilla/5.0 (Windows NT 10.0; Win64; x64) AppleWebKit/537.36 (KHTML, like Gecko) Chrome/57.0.2987.133 Safari/537.36"
[2017-04-12 21:19:24.465] [INFO] cheese - ::1 - - "POST /doctor/postDocBasic HTTP/1.1" 200 507 "" "Mozilla/5.0 (Windows NT 10.0; Win64; x64) AppleWebKit/537.36 (KHTML, like Gecko) Chrome/57.0.2987.133 Safari/537.36"
[2017-04-12 21:19:35.852] [INFO] cheese - ::1 - - "POST /doctor/postDocBasic HTTP/1.1" 500 95 "" "Mozilla/5.0 (Windows NT 10.0; Win64; x64) AppleWebKit/537.36 (KHTML, like Gecko) Chrome/57.0.2987.133 Safari/537.36"
[2017-04-12 21:19:46.545] [INFO] cheese - ::1 - - "POST /doctor/postDocBasic HTTP/1.1" 200 507 "" "Mozilla/5.0 (Windows NT 10.0; Win64; x64) AppleWebKit/537.36 (KHTML, like Gecko) Chrome/57.0.2987.133 Safari/537.36"
[2017-04-12 21:20:03.157] [INFO] cheese - ::1 - - "POST /doctor/postDocBasic HTTP/1.1" 200 503 "" "Mozilla/5.0 (Windows NT 10.0; Win64; x64) AppleWebKit/537.36 (KHTML, like Gecko) Chrome/57.0.2987.133 Safari/537.36"
[2017-04-12 21:41:25.948] [INFO] cheese - ::1 - - "GET /patient/getPatientDetail?userId=p01 HTTP/1.1" 200 575 "" "Mozilla/5.0 (Windows NT 10.0; Win64; x64) AppleWebKit/537.36 (KHTML, like Gecko) Chrome/57.0.2987.133 Safari/537.36"
[2017-04-12 22:15:00.633] [INFO] cheese - ::1 - - "POST /counsel/questionaire HTTP/1.1" 500 102 "" "Mozilla/5.0 (Windows NT 10.0; Win64; x64) AppleWebKit/537.36 (KHTML, like Gecko) Chrome/57.0.2987.133 Safari/537.36"
[2017-04-12 22:15:07.860] [INFO] cheese - ::1 - - "POST /counsel/questionaire HTTP/1.1" 200 401 "" "Mozilla/5.0 (Windows NT 10.0; Win64; x64) AppleWebKit/537.36 (KHTML, like Gecko) Chrome/57.0.2987.133 Safari/537.36"
[2017-04-12 22:15:42.061] [INFO] cheese - ::1 - - "POST /counsel/questionaire HTTP/1.1" 200 553 "" "Mozilla/5.0 (Windows NT 10.0; Win64; x64) AppleWebKit/537.36 (KHTML, like Gecko) Chrome/57.0.2987.133 Safari/537.36"
